{"C:\\Users\\Sonto\\Downloads\\sdapp\\FrontEnd\\research-nexus\\src\\config.tsx": {"path":"C:\\Users\\Sonto\\Downloads\\sdapp\\FrontEnd\\research-nexus\\src\\config.tsx","statementMap":{"0":{"start":{"line":2,"column":15},"end":{"line":2,"column":113}}},"fnMap":{},"branchMap":{"0":{"loc":{"start":{"line":2,"column":15},"end":{"line":2,"column":113}},"type":"binary-expr","locations":[{"start":{"line":2,"column":15},"end":{"line":2,"column":39}},{"start":{"line":2,"column":43},"end":{"line":2,"column":113}}],"line":2}},"s":{"0":1},"f":{},"b":{"0":[1,0]},"_coverageSchema":"1a1c01bbd47fc00a2c39e90264f33305004495a9","hash":"022e98046cfe91d1e028dff2384bc11e45e91664"}
,"C:\\Users\\Sonto\\Downloads\\sdapp\\FrontEnd\\research-nexus\\src\\components\\CreateProject.tsx": {"path":"C:\\Users\\Sonto\\Downloads\\sdapp\\FrontEnd\\research-nexus\\src\\components\\CreateProject.tsx","statementMap":{"0":{"start":{"line":12,"column":19},"end":{"line":12,"column":32}},"1":{"start":{"line":13,"column":34},"end":{"line":26,"column":4}},"2":{"start":{"line":28,"column":36},"end":{"line":28,"column":51}},"3":{"start":{"line":29,"column":42},"end":{"line":29,"column":57}},"4":{"start":{"line":30,"column":28},"end":{"line":30,"column":40}},"5":{"start":{"line":32,"column":24},"end":{"line":48,"column":3}},"6":{"start":{"line":50,"column":23},"end":{"line":63,"column":3}},"7":{"start":{"line":53,"column":19},"end":{"line":53,"column":27}},"8":{"start":{"line":54,"column":18},"end":{"line":56,"column":20}},"9":{"start":{"line":57,"column":17},"end":{"line":57,"column":28}},"10":{"start":{"line":59,"column":4},"end":{"line":62,"column":8}},"11":{"start":{"line":59,"column":27},"end":{"line":62,"column":5}},"12":{"start":{"line":65,"column":23},"end":{"line":129,"column":3}},"13":{"start":{"line":66,"column":4},"end":{"line":66,"column":23}},"14":{"start":{"line":67,"column":17},"end":{"line":67,"column":32}},"15":{"start":{"line":69,"column":4},"end":{"line":73,"column":5}},"16":{"start":{"line":70,"column":6},"end":{"line":70,"column":26}},"17":{"start":{"line":71,"column":6},"end":{"line":71,"column":25}},"18":{"start":{"line":72,"column":6},"end":{"line":72,"column":13}},"19":{"start":{"line":76,"column":4},"end":{"line":83,"column":5}},"20":{"start":{"line":80,"column":6},"end":{"line":80,"column":80}},"21":{"start":{"line":81,"column":6},"end":{"line":81,"column":25}},"22":{"start":{"line":82,"column":6},"end":{"line":82,"column":13}},"23":{"start":{"line":86,"column":4},"end":{"line":90,"column":5}},"24":{"start":{"line":87,"column":6},"end":{"line":87,"column":62}},"25":{"start":{"line":88,"column":6},"end":{"line":88,"column":25}},"26":{"start":{"line":89,"column":6},"end":{"line":89,"column":13}},"27":{"start":{"line":92,"column":4},"end":{"line":92,"column":26}},"28":{"start":{"line":93,"column":4},"end":{"line":93,"column":17}},"29":{"start":{"line":95,"column":26},"end":{"line":105,"column":5}},"30":{"start":{"line":107,"column":4},"end":{"line":128,"column":5}},"31":{"start":{"line":108,"column":23},"end":{"line":112,"column":7}},"32":{"start":{"line":114,"column":6},"end":{"line":118,"column":7}},"33":{"start":{"line":115,"column":8},"end":{"line":115,"column":31}},"34":{"start":{"line":117,"column":8},"end":{"line":117,"column":70}},"35":{"start":{"line":120,"column":6},"end":{"line":124,"column":7}},"36":{"start":{"line":121,"column":8},"end":{"line":121,"column":89}},"37":{"start":{"line":123,"column":8},"end":{"line":123,"column":56}},"38":{"start":{"line":125,"column":6},"end":{"line":125,"column":52}},"39":{"start":{"line":127,"column":6},"end":{"line":127,"column":29}},"40":{"start":{"line":131,"column":23},"end":{"line":136,"column":3}},"41":{"start":{"line":132,"column":24},"end":{"line":132,"column":87}},"42":{"start":{"line":133,"column":4},"end":{"line":135,"column":5}},"43":{"start":{"line":134,"column":6},"end":{"line":134,"column":29}},"44":{"start":{"line":138,"column":2},"end":{"line":392,"column":4}},"45":{"start":{"line":229,"column":22},"end":{"line":229,"column":69}}},"fnMap":{"0":{"name":"CreateProject","decl":{"start":{"line":11,"column":9},"end":{"line":11,"column":22}},"loc":{"start":{"line":11,"column":25},"end":{"line":393,"column":1}},"line":11},"1":{"name":"(anonymous_1)","decl":{"start":{"line":50,"column":23},"end":{"line":50,"column":24}},"loc":{"start":{"line":52,"column":7},"end":{"line":63,"column":3}},"line":52},"2":{"name":"(anonymous_2)","decl":{"start":{"line":59,"column":16},"end":{"line":59,"column":17}},"loc":{"start":{"line":59,"column":27},"end":{"line":62,"column":5}},"line":59},"3":{"name":"(anonymous_3)","decl":{"start":{"line":65,"column":23},"end":{"line":65,"column":24}},"loc":{"start":{"line":65,"column":70},"end":{"line":129,"column":3}},"line":65},"4":{"name":"(anonymous_4)","decl":{"start":{"line":131,"column":23},"end":{"line":131,"column":24}},"loc":{"start":{"line":131,"column":29},"end":{"line":136,"column":3}},"line":131},"5":{"name":"(anonymous_5)","decl":{"start":{"line":228,"column":39},"end":{"line":228,"column":40}},"loc":{"start":{"line":229,"column":22},"end":{"line":229,"column":69}},"line":229}},"branchMap":{"0":{"loc":{"start":{"line":54,"column":18},"end":{"line":56,"column":20}},"type":"cond-expr","locations":[{"start":{"line":55,"column":8},"end":{"line":55,"column":44}},{"start":{"line":56,"column":8},"end":{"line":56,"column":20}}],"line":54},"1":{"loc":{"start":{"line":69,"column":4},"end":{"line":73,"column":5}},"type":"if","locations":[{"start":{"line":69,"column":4},"end":{"line":73,"column":5}},{"start":{},"end":{}}],"line":69},"2":{"loc":{"start":{"line":76,"column":4},"end":{"line":83,"column":5}},"type":"if","locations":[{"start":{"line":76,"column":4},"end":{"line":83,"column":5}},{"start":{},"end":{}}],"line":76},"3":{"loc":{"start":{"line":77,"column":6},"end":{"line":78,"column":74}},"type":"binary-expr","locations":[{"start":{"line":77,"column":7},"end":{"line":77,"column":32}},{"start":{"line":77,"column":37},"end":{"line":77,"column":60}},{"start":{"line":77,"column":64},"end":{"line":77,"column":99}},{"start":{"line":78,"column":7},"end":{"line":78,"column":35}},{"start":{"line":78,"column":39},"end":{"line":78,"column":73}}],"line":77},"4":{"loc":{"start":{"line":86,"column":4},"end":{"line":90,"column":5}},"type":"if","locations":[{"start":{"line":86,"column":4},"end":{"line":90,"column":5}},{"start":{},"end":{}}],"line":86},"5":{"loc":{"start":{"line":103,"column":21},"end":{"line":103,"column":78}},"type":"cond-expr","locations":[{"start":{"line":103,"column":49},"end":{"line":103,"column":71}},{"start":{"line":103,"column":74},"end":{"line":103,"column":78}}],"line":103},"6":{"loc":{"start":{"line":104,"column":25},"end":{"line":104,"column":96}},"type":"cond-expr","locations":[{"start":{"line":104,"column":56},"end":{"line":104,"column":89}},{"start":{"line":104,"column":92},"end":{"line":104,"column":96}}],"line":104},"7":{"loc":{"start":{"line":114,"column":6},"end":{"line":118,"column":7}},"type":"if","locations":[{"start":{"line":114,"column":6},"end":{"line":118,"column":7}},{"start":{"line":116,"column":13},"end":{"line":118,"column":7}}],"line":114},"8":{"loc":{"start":{"line":117,"column":17},"end":{"line":117,"column":68}},"type":"binary-expr","locations":[{"start":{"line":117,"column":17},"end":{"line":117,"column":38}},{"start":{"line":117,"column":42},"end":{"line":117,"column":68}}],"line":117},"9":{"loc":{"start":{"line":120,"column":6},"end":{"line":124,"column":7}},"type":"if","locations":[{"start":{"line":120,"column":6},"end":{"line":124,"column":7}},{"start":{"line":122,"column":13},"end":{"line":124,"column":7}}],"line":120},"10":{"loc":{"start":{"line":121,"column":17},"end":{"line":121,"column":87}},"type":"binary-expr","locations":[{"start":{"line":121,"column":17},"end":{"line":121,"column":44}},{"start":{"line":121,"column":48},"end":{"line":121,"column":87}}],"line":121},"11":{"loc":{"start":{"line":133,"column":4},"end":{"line":135,"column":5}},"type":"if","locations":[{"start":{"line":133,"column":4},"end":{"line":135,"column":5}},{"start":{},"end":{}}],"line":133},"12":{"loc":{"start":{"line":147,"column":15},"end":{"line":157,"column":15}},"type":"binary-expr","locations":[{"start":{"line":147,"column":15},"end":{"line":147,"column":20}},{"start":{"line":148,"column":16},"end":{"line":156,"column":22}}],"line":147},"13":{"loc":{"start":{"line":170,"column":31},"end":{"line":170,"column":59}},"type":"binary-expr","locations":[{"start":{"line":170,"column":31},"end":{"line":170,"column":40}},{"start":{"line":170,"column":44},"end":{"line":170,"column":59}}],"line":170},"14":{"loc":{"start":{"line":189,"column":31},"end":{"line":189,"column":65}},"type":"binary-expr","locations":[{"start":{"line":189,"column":31},"end":{"line":189,"column":40}},{"start":{"line":189,"column":44},"end":{"line":189,"column":65}}],"line":189},"15":{"loc":{"start":{"line":209,"column":31},"end":{"line":209,"column":67}},"type":"binary-expr","locations":[{"start":{"line":209,"column":31},"end":{"line":209,"column":40}},{"start":{"line":209,"column":44},"end":{"line":209,"column":67}}],"line":209},"16":{"loc":{"start":{"line":225,"column":31},"end":{"line":225,"column":66}},"type":"binary-expr","locations":[{"start":{"line":225,"column":31},"end":{"line":225,"column":40}},{"start":{"line":225,"column":44},"end":{"line":225,"column":66}}],"line":225},"17":{"loc":{"start":{"line":248,"column":35},"end":{"line":248,"column":67}},"type":"binary-expr","locations":[{"start":{"line":248,"column":35},"end":{"line":248,"column":44}},{"start":{"line":248,"column":48},"end":{"line":248,"column":67}}],"line":248},"18":{"loc":{"start":{"line":265,"column":35},"end":{"line":265,"column":65}},"type":"binary-expr","locations":[{"start":{"line":265,"column":35},"end":{"line":265,"column":44}},{"start":{"line":265,"column":48},"end":{"line":265,"column":65}}],"line":265},"19":{"loc":{"start":{"line":285,"column":17},"end":{"line":304,"column":17}},"type":"binary-expr","locations":[{"start":{"line":285,"column":17},"end":{"line":285,"column":42}},{"start":{"line":286,"column":18},"end":{"line":303,"column":31}}],"line":285},"20":{"loc":{"start":{"line":295,"column":33},"end":{"line":295,"column":98}},"type":"binary-expr","locations":[{"start":{"line":295,"column":33},"end":{"line":295,"column":42}},{"start":{"line":295,"column":46},"end":{"line":295,"column":71}},{"start":{"line":295,"column":75},"end":{"line":295,"column":98}}],"line":295},"21":{"loc":{"start":{"line":317,"column":17},"end":{"line":335,"column":17}},"type":"binary-expr","locations":[{"start":{"line":317,"column":17},"end":{"line":317,"column":45}},{"start":{"line":318,"column":18},"end":{"line":334,"column":31}}],"line":317},"22":{"loc":{"start":{"line":329,"column":33},"end":{"line":329,"column":105}},"type":"binary-expr","locations":[{"start":{"line":329,"column":33},"end":{"line":329,"column":42}},{"start":{"line":329,"column":46},"end":{"line":329,"column":74}},{"start":{"line":329,"column":78},"end":{"line":329,"column":105}}],"line":329},"23":{"loc":{"start":{"line":359,"column":31},"end":{"line":359,"column":66}},"type":"binary-expr","locations":[{"start":{"line":359,"column":31},"end":{"line":359,"column":40}},{"start":{"line":359,"column":44},"end":{"line":359,"column":66}}],"line":359},"24":{"loc":{"start":{"line":368,"column":21},"end":{"line":375,"column":21}},"type":"cond-expr","locations":[{"start":{"line":369,"column":22},"end":{"line":372,"column":25}},{"start":{"line":374,"column":22},"end":{"line":374,"column":38}}],"line":368}},"s":{"0":36,"1":36,"2":36,"3":36,"4":36,"5":36,"6":36,"7":24,"8":24,"9":24,"10":24,"11":24,"12":36,"13":4,"14":4,"15":4,"16":1,"17":1,"18":1,"19":3,"20":0,"21":0,"22":0,"23":3,"24":1,"25":1,"26":1,"27":2,"28":2,"29":2,"30":2,"31":2,"32":2,"33":1,"34":1,"35":0,"36":0,"37":0,"38":0,"39":2,"40":36,"41":0,"42":0,"43":0,"44":36,"45":540},"f":{"0":36,"1":24,"2":24,"3":4,"4":0,"5":540},"b":{"0":[2,22],"1":[1,3],"2":[0,3],"3":[3,0,0,3,0],"4":[1,2],"5":[0,2],"6":[0,2],"7":[1,1],"8":[1,0],"9":[0,0],"10":[0,0],"11":[0,0],"12":[36,2],"13":[36,2],"14":[36,2],"15":[36,2],"16":[36,2],"17":[36,2],"18":[36,2],"19":[36,2],"20":[2,0,0],"21":[36,1],"22":[1,0,0],"23":[36,2],"24":[2,34]},"_coverageSchema":"1a1c01bbd47fc00a2c39e90264f33305004495a9","hash":"efa3c3fc0051c607e47c324536e5726147c4aac4"}
,"C:\\Users\\Sonto\\Downloads\\sdapp\\FrontEnd\\research-nexus\\src\\components\\EditProject.tsx": {"path":"C:\\Users\\Sonto\\Downloads\\sdapp\\FrontEnd\\research-nexus\\src\\components\\EditProject.tsx","statementMap":{"0":{"start":{"line":23,"column":19},"end":{"line":23,"column":32}},"1":{"start":{"line":24,"column":17},"end":{"line":24,"column":44}},"2":{"start":{"line":25,"column":34},"end":{"line":38,"column":4}},"3":{"start":{"line":40,"column":36},"end":{"line":40,"column":60}},"4":{"start":{"line":41,"column":42},"end":{"line":41,"column":66}},"5":{"start":{"line":42,"column":36},"end":{"line":42,"column":59}},"6":{"start":{"line":43,"column":28},"end":{"line":43,"column":48}},"7":{"start":{"line":45,"column":34},"end":{"line":61,"column":3}},"8":{"start":{"line":63,"column":2},"end":{"line":101,"column":11}},"9":{"start":{"line":64,"column":29},"end":{"line":98,"column":5}},"10":{"start":{"line":65,"column":6},"end":{"line":65,"column":25}},"11":{"start":{"line":66,"column":6},"end":{"line":97,"column":7}},"12":{"start":{"line":67,"column":25},"end":{"line":69,"column":10}},"13":{"start":{"line":71,"column":8},"end":{"line":91,"column":9}},"14":{"start":{"line":72,"column":30},"end":{"line":72,"column":51}},"15":{"start":{"line":75,"column":10},"end":{"line":88,"column":13}},"16":{"start":{"line":90,"column":10},"end":{"line":90,"column":75}},"17":{"start":{"line":93,"column":8},"end":{"line":93,"column":58}},"18":{"start":{"line":94,"column":8},"end":{"line":94,"column":53}},"19":{"start":{"line":96,"column":8},"end":{"line":96,"column":28}},"20":{"start":{"line":100,"column":4},"end":{"line":100,"column":23}},"21":{"start":{"line":104,"column":29},"end":{"line":107,"column":3}},"22":{"start":{"line":105,"column":17},"end":{"line":105,"column":37}},"23":{"start":{"line":106,"column":4},"end":{"line":106,"column":44}},"24":{"start":{"line":109,"column":23},"end":{"line":117,"column":3}},"25":{"start":{"line":110,"column":34},"end":{"line":110,"column":42}},"26":{"start":{"line":111,"column":20},"end":{"line":111,"column":58}},"27":{"start":{"line":113,"column":4},"end":{"line":116,"column":7}},"28":{"start":{"line":119,"column":23},"end":{"line":148,"column":3}},"29":{"start":{"line":120,"column":4},"end":{"line":120,"column":23}},"30":{"start":{"line":121,"column":17},"end":{"line":121,"column":32}},"31":{"start":{"line":123,"column":4},"end":{"line":127,"column":5}},"32":{"start":{"line":124,"column":6},"end":{"line":124,"column":26}},"33":{"start":{"line":125,"column":6},"end":{"line":125,"column":25}},"34":{"start":{"line":126,"column":6},"end":{"line":126,"column":13}},"35":{"start":{"line":129,"column":4},"end":{"line":129,"column":26}},"36":{"start":{"line":130,"column":4},"end":{"line":130,"column":17}},"37":{"start":{"line":132,"column":4},"end":{"line":147,"column":5}},"38":{"start":{"line":133,"column":23},"end":{"line":135,"column":8}},"39":{"start":{"line":137,"column":6},"end":{"line":141,"column":7}},"40":{"start":{"line":138,"column":8},"end":{"line":138,"column":36}},"41":{"start":{"line":140,"column":8},"end":{"line":140,"column":70}},"42":{"start":{"line":143,"column":6},"end":{"line":143,"column":56}},"43":{"start":{"line":144,"column":6},"end":{"line":144,"column":50}},"44":{"start":{"line":146,"column":6},"end":{"line":146,"column":29}},"45":{"start":{"line":150,"column":2},"end":{"line":161,"column":3}},"46":{"start":{"line":151,"column":4},"end":{"line":160,"column":6}},"47":{"start":{"line":163,"column":2},"end":{"line":377,"column":2}},"48":{"start":{"line":236,"column":20},"end":{"line":236,"column":68}},"49":{"start":{"line":366,"column":15},"end":{"line":366,"column":42}}},"fnMap":{"0":{"name":"EditProject","decl":{"start":{"line":22,"column":9},"end":{"line":22,"column":20}},"loc":{"start":{"line":22,"column":36},"end":{"line":378,"column":1}},"line":22},"1":{"name":"(anonymous_1)","decl":{"start":{"line":63,"column":12},"end":{"line":63,"column":13}},"loc":{"start":{"line":63,"column":18},"end":{"line":101,"column":3}},"line":63},"2":{"name":"(anonymous_2)","decl":{"start":{"line":64,"column":29},"end":{"line":64,"column":30}},"loc":{"start":{"line":64,"column":41},"end":{"line":98,"column":5}},"line":64},"3":{"name":"(anonymous_3)","decl":{"start":{"line":104,"column":29},"end":{"line":104,"column":30}},"loc":{"start":{"line":104,"column":61},"end":{"line":107,"column":3}},"line":104},"4":{"name":"(anonymous_4)","decl":{"start":{"line":109,"column":23},"end":{"line":109,"column":24}},"loc":{"start":{"line":109,"column":103},"end":{"line":117,"column":3}},"line":109},"5":{"name":"(anonymous_5)","decl":{"start":{"line":119,"column":23},"end":{"line":119,"column":24}},"loc":{"start":{"line":119,"column":64},"end":{"line":148,"column":3}},"line":119},"6":{"name":"(anonymous_6)","decl":{"start":{"line":235,"column":37},"end":{"line":235,"column":38}},"loc":{"start":{"line":236,"column":20},"end":{"line":236,"column":68}},"line":236},"7":{"name":"(anonymous_7)","decl":{"start":{"line":366,"column":9},"end":{"line":366,"column":10}},"loc":{"start":{"line":366,"column":15},"end":{"line":366,"column":42}},"line":366}},"branchMap":{"0":{"loc":{"start":{"line":71,"column":8},"end":{"line":91,"column":9}},"type":"if","locations":[{"start":{"line":71,"column":8},"end":{"line":91,"column":9}},{"start":{"line":89,"column":15},"end":{"line":91,"column":9}}],"line":71},"1":{"loc":{"start":{"line":83,"column":27},"end":{"line":83,"column":59}},"type":"binary-expr","locations":[{"start":{"line":83,"column":27},"end":{"line":83,"column":53}},{"start":{"line":83,"column":57},"end":{"line":83,"column":59}}],"line":83},"2":{"loc":{"start":{"line":85,"column":31},"end":{"line":85,"column":67}},"type":"binary-expr","locations":[{"start":{"line":85,"column":31},"end":{"line":85,"column":61}},{"start":{"line":85,"column":65},"end":{"line":85,"column":67}}],"line":85},"3":{"loc":{"start":{"line":86,"column":25},"end":{"line":86,"column":54}},"type":"binary-expr","locations":[{"start":{"line":86,"column":25},"end":{"line":86,"column":48}},{"start":{"line":86,"column":52},"end":{"line":86,"column":54}}],"line":86},"4":{"loc":{"start":{"line":90,"column":19},"end":{"line":90,"column":73}},"type":"binary-expr","locations":[{"start":{"line":90,"column":19},"end":{"line":90,"column":40}},{"start":{"line":90,"column":44},"end":{"line":90,"column":73}}],"line":90},"5":{"loc":{"start":{"line":115,"column":14},"end":{"line":115,"column":51}},"type":"cond-expr","locations":[{"start":{"line":115,"column":36},"end":{"line":115,"column":43}},{"start":{"line":115,"column":46},"end":{"line":115,"column":51}}],"line":115},"6":{"loc":{"start":{"line":123,"column":4},"end":{"line":127,"column":5}},"type":"if","locations":[{"start":{"line":123,"column":4},"end":{"line":127,"column":5}},{"start":{},"end":{}}],"line":123},"7":{"loc":{"start":{"line":137,"column":6},"end":{"line":141,"column":7}},"type":"if","locations":[{"start":{"line":137,"column":6},"end":{"line":141,"column":7}},{"start":{"line":139,"column":13},"end":{"line":141,"column":7}}],"line":137},"8":{"loc":{"start":{"line":140,"column":17},"end":{"line":140,"column":68}},"type":"binary-expr","locations":[{"start":{"line":140,"column":17},"end":{"line":140,"column":38}},{"start":{"line":140,"column":42},"end":{"line":140,"column":68}}],"line":140},"9":{"loc":{"start":{"line":150,"column":2},"end":{"line":161,"column":3}},"type":"if","locations":[{"start":{"line":150,"column":2},"end":{"line":161,"column":3}},{"start":{},"end":{}}],"line":150},"10":{"loc":{"start":{"line":172,"column":15},"end":{"line":172,"column":73}},"type":"binary-expr","locations":[{"start":{"line":172,"column":15},"end":{"line":172,"column":20}},{"start":{"line":172,"column":24},"end":{"line":172,"column":73}}],"line":172},"11":{"loc":{"start":{"line":290,"column":1},"end":{"line":302,"column":1}},"type":"binary-expr","locations":[{"start":{"line":290,"column":1},"end":{"line":290,"column":26}},{"start":{"line":291,"column":0},"end":{"line":301,"column":13}}],"line":290},"12":{"loc":{"start":{"line":315,"column":1},"end":{"line":328,"column":1}},"type":"binary-expr","locations":[{"start":{"line":315,"column":1},"end":{"line":315,"column":29}},{"start":{"line":316,"column":0},"end":{"line":327,"column":13}}],"line":315},"13":{"loc":{"start":{"line":361,"column":1},"end":{"line":361,"column":52}},"type":"cond-expr","locations":[{"start":{"line":361,"column":16},"end":{"line":361,"column":35}},{"start":{"line":361,"column":38},"end":{"line":361,"column":52}}],"line":361}},"s":{"0":13,"1":13,"2":13,"3":13,"4":13,"5":13,"6":13,"7":13,"8":13,"9":4,"10":4,"11":4,"12":4,"13":4,"14":4,"15":4,"16":0,"17":0,"18":0,"19":4,"20":4,"21":13,"22":8,"23":8,"24":13,"25":1,"26":1,"27":1,"28":13,"29":2,"30":2,"31":2,"32":0,"33":0,"34":0,"35":2,"36":2,"37":2,"38":2,"39":2,"40":1,"41":1,"42":0,"43":0,"44":2,"45":13,"46":4,"47":9,"48":135,"49":0},"f":{"0":13,"1":4,"2":4,"3":8,"4":1,"5":2,"6":135,"7":0},"b":{"0":[4,0],"1":[4,0],"2":[4,0],"3":[4,0],"4":[0,0],"5":[0,1],"6":[0,2],"7":[1,1],"8":[1,0],"9":[4,9],"10":[9,1],"11":[9,9],"12":[9,9],"13":[2,7]},"_coverageSchema":"1a1c01bbd47fc00a2c39e90264f33305004495a9","hash":"b3e55f1876863ba8c280e6a50a8de44ba2293eb4"}
,"C:\\Users\\Sonto\\Downloads\\sdapp\\FrontEnd\\research-nexus\\src\\components\\auth\\SignUp.tsx": {"path":"C:\\Users\\Sonto\\Downloads\\sdapp\\FrontEnd\\research-nexus\\src\\components\\auth\\SignUp.tsx","statementMap":{"0":{"start":{"line":23,"column":25},"end":{"line":201,"column":1}},"1":{"start":{"line":24,"column":20},"end":{"line":24,"column":63}},"2":{"start":{"line":26,"column":13},"end":{"line":26,"column":36}},"3":{"start":{"line":27,"column":19},"end":{"line":27,"column":42}},"4":{"start":{"line":28,"column":34},"end":{"line":35,"column":4}},"5":{"start":{"line":36,"column":30},"end":{"line":36,"column":50}},"6":{"start":{"line":37,"column":19},"end":{"line":37,"column":32}},"7":{"start":{"line":39,"column":23},"end":{"line":75,"column":3}},"8":{"start":{"line":40,"column":4},"end":{"line":40,"column":23}},"9":{"start":{"line":41,"column":4},"end":{"line":41,"column":18}},"10":{"start":{"line":43,"column":4},"end":{"line":47,"column":5}},"11":{"start":{"line":44,"column":6},"end":{"line":44,"column":40}},"12":{"start":{"line":45,"column":6},"end":{"line":45,"column":65}},"13":{"start":{"line":46,"column":6},"end":{"line":46,"column":52}},"14":{"start":{"line":49,"column":4},"end":{"line":49,"column":51}},"15":{"start":{"line":51,"column":4},"end":{"line":74,"column":5}},"16":{"start":{"line":52,"column":23},"end":{"line":55,"column":7}},"17":{"start":{"line":57,"column":6},"end":{"line":57,"column":50}},"18":{"start":{"line":58,"column":6},"end":{"line":58,"column":25}},"19":{"start":{"line":60,"column":6},"end":{"line":60,"column":44}},"20":{"start":{"line":61,"column":6},"end":{"line":73,"column":7}},"21":{"start":{"line":62,"column":23},"end":{"line":62,"column":42}},"22":{"start":{"line":65,"column":8},"end":{"line":69,"column":9}},"23":{"start":{"line":66,"column":10},"end":{"line":66,"column":54}},"24":{"start":{"line":68,"column":10},"end":{"line":68,"column":70}},"25":{"start":{"line":72,"column":8},"end":{"line":72,"column":71}},"26":{"start":{"line":77,"column":23},"end":{"line":83,"column":3}},"27":{"start":{"line":78,"column":28},"end":{"line":78,"column":36}},"28":{"start":{"line":79,"column":4},"end":{"line":82,"column":8}},"29":{"start":{"line":79,"column":31},"end":{"line":82,"column":5}},"30":{"start":{"line":85,"column":27},"end":{"line":137,"column":3}},"31":{"start":{"line":86,"column":4},"end":{"line":135,"column":5}},"32":{"start":{"line":87,"column":6},"end":{"line":116,"column":8}},"33":{"start":{"line":117,"column":11},"end":{"line":135,"column":5}},"34":{"start":{"line":118,"column":6},"end":{"line":134,"column":8}},"35":{"start":{"line":136,"column":4},"end":{"line":136,"column":16}},"36":{"start":{"line":139,"column":2},"end":{"line":200,"column":4}}},"fnMap":{"0":{"name":"(anonymous_0)","decl":{"start":{"line":23,"column":25},"end":{"line":23,"column":26}},"loc":{"start":{"line":23,"column":31},"end":{"line":201,"column":1}},"line":23},"1":{"name":"(anonymous_1)","decl":{"start":{"line":39,"column":23},"end":{"line":39,"column":24}},"loc":{"start":{"line":39,"column":47},"end":{"line":75,"column":3}},"line":39},"2":{"name":"(anonymous_2)","decl":{"start":{"line":77,"column":23},"end":{"line":77,"column":24}},"loc":{"start":{"line":77,"column":81},"end":{"line":83,"column":3}},"line":77},"3":{"name":"(anonymous_3)","decl":{"start":{"line":79,"column":16},"end":{"line":79,"column":17}},"loc":{"start":{"line":79,"column":31},"end":{"line":82,"column":5}},"line":79},"4":{"name":"(anonymous_4)","decl":{"start":{"line":85,"column":27},"end":{"line":85,"column":28}},"loc":{"start":{"line":85,"column":33},"end":{"line":137,"column":3}},"line":85}},"branchMap":{"0":{"loc":{"start":{"line":43,"column":4},"end":{"line":47,"column":5}},"type":"if","locations":[{"start":{"line":43,"column":4},"end":{"line":47,"column":5}},{"start":{},"end":{}}],"line":43},"1":{"loc":{"start":{"line":61,"column":6},"end":{"line":73,"column":7}},"type":"if","locations":[{"start":{"line":61,"column":6},"end":{"line":73,"column":7}},{"start":{"line":70,"column":13},"end":{"line":73,"column":7}}],"line":61},"2":{"loc":{"start":{"line":65,"column":8},"end":{"line":69,"column":9}},"type":"if","locations":[{"start":{"line":65,"column":8},"end":{"line":69,"column":9}},{"start":{"line":67,"column":15},"end":{"line":69,"column":9}}],"line":65},"3":{"loc":{"start":{"line":68,"column":31},"end":{"line":68,"column":66}},"type":"binary-expr","locations":[{"start":{"line":68,"column":31},"end":{"line":68,"column":46}},{"start":{"line":68,"column":50},"end":{"line":68,"column":66}}],"line":68},"4":{"loc":{"start":{"line":86,"column":4},"end":{"line":135,"column":5}},"type":"if","locations":[{"start":{"line":86,"column":4},"end":{"line":135,"column":5}},{"start":{"line":117,"column":11},"end":{"line":135,"column":5}}],"line":86},"5":{"loc":{"start":{"line":117,"column":11},"end":{"line":135,"column":5}},"type":"if","locations":[{"start":{"line":117,"column":11},"end":{"line":135,"column":5}},{"start":{},"end":{}}],"line":117},"6":{"loc":{"start":{"line":143,"column":9},"end":{"line":143,"column":72}},"type":"binary-expr","locations":[{"start":{"line":143,"column":9},"end":{"line":143,"column":23}},{"start":{"line":143,"column":27},"end":{"line":143,"column":72}}],"line":143}},"s":{"0":1,"1":20,"2":20,"3":20,"4":20,"5":20,"6":20,"7":20,"8":2,"9":2,"10":2,"11":0,"12":0,"13":0,"14":2,"15":2,"16":2,"17":1,"18":1,"19":1,"20":1,"21":1,"22":1,"23":0,"24":1,"25":0,"26":20,"27":11,"28":11,"29":11,"30":20,"31":20,"32":19,"33":1,"34":1,"35":0,"36":20},"f":{"0":20,"1":2,"2":11,"3":11,"4":20},"b":{"0":[0,2],"1":[1,0],"2":[0,1],"3":[1,0],"4":[19,1],"5":[1,0],"6":[20,1]},"_coverageSchema":"1a1c01bbd47fc00a2c39e90264f33305004495a9","hash":"7d04c9a00fe1aa7da981a7d6d7c91d31dd7e1f2b"}
,"C:\\Users\\Sonto\\Downloads\\sdapp\\FrontEnd\\research-nexus\\src\\components\\dashboard\\Dashboard.tsx": {"path":"C:\\Users\\Sonto\\Downloads\\sdapp\\FrontEnd\\research-nexus\\src\\components\\dashboard\\Dashboard.tsx","statementMap":{"0":{"start":{"line":35,"column":28},"end":{"line":432,"column":1}},"1":{"start":{"line":36,"column":27},"end":{"line":36,"column":50}},"2":{"start":{"line":37,"column":19},"end":{"line":37,"column":32}},"3":{"start":{"line":38,"column":36},"end":{"line":38,"column":64}},"4":{"start":{"line":39,"column":34},"end":{"line":39,"column":57}},"5":{"start":{"line":40,"column":44},"end":{"line":40,"column":72}},"6":{"start":{"line":41,"column":36},"end":{"line":41,"column":59}},"7":{"start":{"line":42,"column":28},"end":{"line":42,"column":48}},"8":{"start":{"line":44,"column":2},"end":{"line":89,"column":9}},"9":{"start":{"line":45,"column":31},"end":{"line":86,"column":5}},"10":{"start":{"line":46,"column":6},"end":{"line":46,"column":25}},"11":{"start":{"line":47,"column":6},"end":{"line":85,"column":7}},"12":{"start":{"line":49,"column":32},"end":{"line":51,"column":10}},"13":{"start":{"line":53,"column":8},"end":{"line":57,"column":9}},"14":{"start":{"line":54,"column":10},"end":{"line":54,"column":53}},"15":{"start":{"line":56,"column":10},"end":{"line":56,"column":79}},"16":{"start":{"line":60,"column":8},"end":{"line":79,"column":11}},"17":{"start":{"line":81,"column":8},"end":{"line":81,"column":63}},"18":{"start":{"line":82,"column":8},"end":{"line":82,"column":47}},"19":{"start":{"line":84,"column":8},"end":{"line":84,"column":28}},"20":{"start":{"line":88,"column":4},"end":{"line":88,"column":25}},"21":{"start":{"line":91,"column":23},"end":{"line":100,"column":3}},"22":{"start":{"line":92,"column":4},"end":{"line":99,"column":5}},"23":{"start":{"line":93,"column":6},"end":{"line":93,"column":86}},"24":{"start":{"line":94,"column":6},"end":{"line":94,"column":21}},"25":{"start":{"line":95,"column":6},"end":{"line":95,"column":25}},"26":{"start":{"line":97,"column":6},"end":{"line":97,"column":44}},"27":{"start":{"line":98,"column":6},"end":{"line":98,"column":51}},"28":{"start":{"line":102,"column":32},"end":{"line":108,"column":3}},"29":{"start":{"line":103,"column":4},"end":{"line":107,"column":5}},"30":{"start":{"line":104,"column":6},"end":{"line":104,"column":23}},"31":{"start":{"line":106,"column":6},"end":{"line":106,"column":23}},"32":{"start":{"line":110,"column":33},"end":{"line":121,"column":3}},"33":{"start":{"line":111,"column":4},"end":{"line":120,"column":5}},"34":{"start":{"line":113,"column":8},"end":{"line":113,"column":22}},"35":{"start":{"line":115,"column":8},"end":{"line":115,"column":25}},"36":{"start":{"line":117,"column":8},"end":{"line":117,"column":25}},"37":{"start":{"line":119,"column":8},"end":{"line":119,"column":25}},"38":{"start":{"line":123,"column":21},"end":{"line":126,"column":3}},"39":{"start":{"line":124,"column":48},"end":{"line":124,"column":98}},"40":{"start":{"line":125,"column":4},"end":{"line":125,"column":71}},"41":{"start":{"line":128,"column":29},"end":{"line":134,"column":3}},"42":{"start":{"line":129,"column":17},"end":{"line":129,"column":37}},"43":{"start":{"line":130,"column":4},"end":{"line":133,"column":6}},"44":{"start":{"line":137,"column":31},"end":{"line":161,"column":3}},"45":{"start":{"line":138,"column":16},"end":{"line":138,"column":26}},"46":{"start":{"line":139,"column":29},"end":{"line":145,"column":18}},"47":{"start":{"line":141,"column":24},"end":{"line":141,"column":50}},"48":{"start":{"line":142,"column":8},"end":{"line":142,"column":30}},"49":{"start":{"line":144,"column":22},"end":{"line":144,"column":85}},"50":{"start":{"line":148,"column":4},"end":{"line":158,"column":5}},"51":{"start":{"line":149,"column":27},"end":{"line":155,"column":46}},"52":{"start":{"line":151,"column":26},"end":{"line":151,"column":52}},"53":{"start":{"line":152,"column":10},"end":{"line":152,"column":31}},"54":{"start":{"line":154,"column":24},"end":{"line":154,"column":87}},"55":{"start":{"line":157,"column":6},"end":{"line":157,"column":52}},"56":{"start":{"line":160,"column":4},"end":{"line":160,"column":28}},"57":{"start":{"line":163,"column":2},"end":{"line":174,"column":3}},"58":{"start":{"line":164,"column":4},"end":{"line":173,"column":6}},"59":{"start":{"line":176,"column":2},"end":{"line":184,"column":3}},"60":{"start":{"line":177,"column":4},"end":{"line":183,"column":6}},"61":{"start":{"line":186,"column":28},"end":{"line":186,"column":50}},"62":{"start":{"line":188,"column":2},"end":{"line":431,"column":4}},"63":{"start":{"line":211,"column":27},"end":{"line":211,"column":51}},"64":{"start":{"line":217,"column":27},"end":{"line":217,"column":56}},"65":{"start":{"line":223,"column":27},"end":{"line":223,"column":51}},"66":{"start":{"line":229,"column":27},"end":{"line":229,"column":51}},"67":{"start":{"line":235,"column":27},"end":{"line":235,"column":51}},"68":{"start":{"line":306,"column":20},"end":{"line":358,"column":27}},"69":{"start":{"line":373,"column":24},"end":{"line":379,"column":30}},"70":{"start":{"line":397,"column":37},"end":{"line":397,"column":73}},"71":{"start":{"line":398,"column":47},"end":{"line":398,"column":86}},"72":{"start":{"line":400,"column":24},"end":{"line":413,"column":26}}},"fnMap":{"0":{"name":"(anonymous_0)","decl":{"start":{"line":35,"column":28},"end":{"line":35,"column":29}},"loc":{"start":{"line":35,"column":34},"end":{"line":432,"column":1}},"line":35},"1":{"name":"(anonymous_1)","decl":{"start":{"line":44,"column":12},"end":{"line":44,"column":13}},"loc":{"start":{"line":44,"column":18},"end":{"line":89,"column":3}},"line":44},"2":{"name":"(anonymous_2)","decl":{"start":{"line":45,"column":31},"end":{"line":45,"column":32}},"loc":{"start":{"line":45,"column":43},"end":{"line":86,"column":5}},"line":45},"3":{"name":"(anonymous_3)","decl":{"start":{"line":91,"column":23},"end":{"line":91,"column":24}},"loc":{"start":{"line":91,"column":35},"end":{"line":100,"column":3}},"line":91},"4":{"name":"(anonymous_4)","decl":{"start":{"line":102,"column":32},"end":{"line":102,"column":33}},"loc":{"start":{"line":102,"column":54},"end":{"line":108,"column":3}},"line":102},"5":{"name":"(anonymous_5)","decl":{"start":{"line":110,"column":33},"end":{"line":110,"column":34}},"loc":{"start":{"line":110,"column":51},"end":{"line":121,"column":3}},"line":110},"6":{"name":"(anonymous_6)","decl":{"start":{"line":123,"column":21},"end":{"line":123,"column":22}},"loc":{"start":{"line":123,"column":53},"end":{"line":126,"column":3}},"line":123},"7":{"name":"(anonymous_7)","decl":{"start":{"line":128,"column":29},"end":{"line":128,"column":30}},"loc":{"start":{"line":128,"column":83},"end":{"line":134,"column":3}},"line":128},"8":{"name":"(anonymous_8)","decl":{"start":{"line":137,"column":31},"end":{"line":137,"column":32}},"loc":{"start":{"line":137,"column":37},"end":{"line":161,"column":3}},"line":137},"9":{"name":"(anonymous_9)","decl":{"start":{"line":140,"column":14},"end":{"line":140,"column":15}},"loc":{"start":{"line":140,"column":25},"end":{"line":143,"column":7}},"line":140},"10":{"name":"(anonymous_10)","decl":{"start":{"line":144,"column":12},"end":{"line":144,"column":13}},"loc":{"start":{"line":144,"column":22},"end":{"line":144,"column":85}},"line":144},"11":{"name":"(anonymous_11)","decl":{"start":{"line":150,"column":16},"end":{"line":150,"column":17}},"loc":{"start":{"line":150,"column":27},"end":{"line":153,"column":9}},"line":150},"12":{"name":"(anonymous_12)","decl":{"start":{"line":154,"column":14},"end":{"line":154,"column":15}},"loc":{"start":{"line":154,"column":24},"end":{"line":154,"column":87}},"line":154},"13":{"name":"(anonymous_13)","decl":{"start":{"line":211,"column":21},"end":{"line":211,"column":22}},"loc":{"start":{"line":211,"column":27},"end":{"line":211,"column":51}},"line":211},"14":{"name":"(anonymous_14)","decl":{"start":{"line":217,"column":21},"end":{"line":217,"column":22}},"loc":{"start":{"line":217,"column":27},"end":{"line":217,"column":56}},"line":217},"15":{"name":"(anonymous_15)","decl":{"start":{"line":223,"column":21},"end":{"line":223,"column":22}},"loc":{"start":{"line":223,"column":27},"end":{"line":223,"column":51}},"line":223},"16":{"name":"(anonymous_16)","decl":{"start":{"line":229,"column":21},"end":{"line":229,"column":22}},"loc":{"start":{"line":229,"column":27},"end":{"line":229,"column":51}},"line":229},"17":{"name":"(anonymous_17)","decl":{"start":{"line":235,"column":21},"end":{"line":235,"column":22}},"loc":{"start":{"line":235,"column":27},"end":{"line":235,"column":51}},"line":235},"18":{"name":"(anonymous_18)","decl":{"start":{"line":305,"column":31},"end":{"line":305,"column":32}},"loc":{"start":{"line":306,"column":20},"end":{"line":358,"column":27}},"line":306},"19":{"name":"(anonymous_19)","decl":{"start":{"line":372,"column":41},"end":{"line":372,"column":42}},"loc":{"start":{"line":373,"column":24},"end":{"line":379,"column":30}},"line":373},"20":{"name":"(anonymous_20)","decl":{"start":{"line":396,"column":44},"end":{"line":396,"column":45}},"loc":{"start":{"line":396,"column":55},"end":{"line":414,"column":23}},"line":396}},"branchMap":{"0":{"loc":{"start":{"line":53,"column":8},"end":{"line":57,"column":9}},"type":"if","locations":[{"start":{"line":53,"column":8},"end":{"line":57,"column":9}},{"start":{"line":55,"column":15},"end":{"line":57,"column":9}}],"line":53},"1":{"loc":{"start":{"line":103,"column":4},"end":{"line":107,"column":5}},"type":"if","locations":[{"start":{"line":103,"column":4},"end":{"line":107,"column":5}},{"start":{"line":105,"column":11},"end":{"line":107,"column":5}}],"line":103},"2":{"loc":{"start":{"line":111,"column":4},"end":{"line":120,"column":5}},"type":"switch","locations":[{"start":{"line":112,"column":6},"end":{"line":113,"column":22}},{"start":{"line":114,"column":6},"end":{"line":115,"column":25}},{"start":{"line":116,"column":6},"end":{"line":117,"column":25}},{"start":{"line":118,"column":6},"end":{"line":119,"column":25}}],"line":111},"3":{"loc":{"start":{"line":148,"column":4},"end":{"line":158,"column":5}},"type":"if","locations":[{"start":{"line":148,"column":4},"end":{"line":158,"column":5}},{"start":{},"end":{}}],"line":148},"4":{"loc":{"start":{"line":163,"column":2},"end":{"line":174,"column":3}},"type":"if","locations":[{"start":{"line":163,"column":2},"end":{"line":174,"column":3}},{"start":{},"end":{}}],"line":163},"5":{"loc":{"start":{"line":176,"column":2},"end":{"line":184,"column":3}},"type":"if","locations":[{"start":{"line":176,"column":2},"end":{"line":184,"column":3}},{"start":{},"end":{}}],"line":176},"6":{"loc":{"start":{"line":197,"column":13},"end":{"line":203,"column":13}},"type":"cond-expr","locations":[{"start":{"line":198,"column":14},"end":{"line":198,"column":80}},{"start":{"line":200,"column":14},"end":{"line":202,"column":20}}],"line":197},"7":{"loc":{"start":{"line":201,"column":17},"end":{"line":201,"column":45}},"type":"binary-expr","locations":[{"start":{"line":201,"column":17},"end":{"line":201,"column":38}},{"start":{"line":201,"column":42},"end":{"line":201,"column":45}}],"line":201},"8":{"loc":{"start":{"line":210,"column":23},"end":{"line":210,"column":63}},"type":"cond-expr","locations":[{"start":{"line":210,"column":50},"end":{"line":210,"column":58}},{"start":{"line":210,"column":61},"end":{"line":210,"column":63}}],"line":210},"9":{"loc":{"start":{"line":216,"column":23},"end":{"line":216,"column":68}},"type":"cond-expr","locations":[{"start":{"line":216,"column":55},"end":{"line":216,"column":63}},{"start":{"line":216,"column":66},"end":{"line":216,"column":68}}],"line":216},"10":{"loc":{"start":{"line":222,"column":23},"end":{"line":222,"column":63}},"type":"cond-expr","locations":[{"start":{"line":222,"column":50},"end":{"line":222,"column":58}},{"start":{"line":222,"column":61},"end":{"line":222,"column":63}}],"line":222},"11":{"loc":{"start":{"line":228,"column":23},"end":{"line":228,"column":63}},"type":"cond-expr","locations":[{"start":{"line":228,"column":50},"end":{"line":228,"column":58}},{"start":{"line":228,"column":61},"end":{"line":228,"column":63}}],"line":228},"12":{"loc":{"start":{"line":234,"column":23},"end":{"line":234,"column":63}},"type":"cond-expr","locations":[{"start":{"line":234,"column":50},"end":{"line":234,"column":58}},{"start":{"line":234,"column":61},"end":{"line":234,"column":63}}],"line":234},"13":{"loc":{"start":{"line":259,"column":9},"end":{"line":421,"column":9}},"type":"binary-expr","locations":[{"start":{"line":259,"column":9},"end":{"line":259,"column":33}},{"start":{"line":260,"column":10},"end":{"line":420,"column":22}}],"line":259},"14":{"loc":{"start":{"line":289,"column":17},"end":{"line":360,"column":17}},"type":"cond-expr","locations":[{"start":{"line":290,"column":18},"end":{"line":303,"column":25}},{"start":{"line":305,"column":18},"end":{"line":359,"column":20}}],"line":289},"15":{"loc":{"start":{"line":312,"column":31},"end":{"line":314,"column":31}},"type":"binary-expr","locations":[{"start":{"line":312,"column":31},"end":{"line":312,"column":59}},{"start":{"line":313,"column":32},"end":{"line":313,"column":81}}],"line":312},"16":{"loc":{"start":{"line":318,"column":31},"end":{"line":320,"column":53}},"type":"cond-expr","locations":[{"start":{"line":319,"column":34},"end":{"line":319,"column":79}},{"start":{"line":320,"column":34},"end":{"line":320,"column":53}}],"line":318},"17":{"loc":{"start":{"line":325,"column":33},"end":{"line":325,"column":115}},"type":"cond-expr","locations":[{"start":{"line":325,"column":64},"end":{"line":325,"column":87}},{"start":{"line":325,"column":90},"end":{"line":325,"column":115}}],"line":325},"18":{"loc":{"start":{"line":331,"column":29},"end":{"line":338,"column":29}},"type":"binary-expr","locations":[{"start":{"line":331,"column":29},"end":{"line":331,"column":54}},{"start":{"line":332,"column":30},"end":{"line":337,"column":36}}],"line":331},"19":{"loc":{"start":{"line":334,"column":33},"end":{"line":336,"column":55}},"type":"cond-expr","locations":[{"start":{"line":335,"column":36},"end":{"line":335,"column":93}},{"start":{"line":336,"column":36},"end":{"line":336,"column":55}}],"line":334},"20":{"loc":{"start":{"line":391,"column":21},"end":{"line":415,"column":21}},"type":"cond-expr","locations":[{"start":{"line":392,"column":22},"end":{"line":394,"column":28}},{"start":{"line":396,"column":22},"end":{"line":414,"column":24}}],"line":391},"21":{"loc":{"start":{"line":402,"column":61},"end":{"line":402,"column":95}},"type":"cond-expr","locations":[{"start":{"line":402,"column":78},"end":{"line":402,"column":90}},{"start":{"line":402,"column":93},"end":{"line":402,"column":95}}],"line":402},"22":{"loc":{"start":{"line":409,"column":33},"end":{"line":409,"column":108}},"type":"cond-expr","locations":[{"start":{"line":409,"column":50},"end":{"line":409,"column":61}},{"start":{"line":409,"column":64},"end":{"line":409,"column":108}}],"line":409},"23":{"loc":{"start":{"line":409,"column":64},"end":{"line":409,"column":108}},"type":"binary-expr","locations":[{"start":{"line":409,"column":64},"end":{"line":409,"column":83}},{"start":{"line":409,"column":87},"end":{"line":409,"column":108}}],"line":409},"24":{"loc":{"start":{"line":423,"column":9},"end":{"line":428,"column":9}},"type":"binary-expr","locations":[{"start":{"line":423,"column":9},"end":{"line":423,"column":33}},{"start":{"line":424,"column":10},"end":{"line":427,"column":16}}],"line":423}},"s":{"0":1,"1":7,"2":7,"3":7,"4":7,"5":7,"6":7,"7":7,"8":7,"9":3,"10":3,"11":3,"12":3,"13":2,"14":2,"15":0,"16":2,"17":1,"18":1,"19":3,"20":3,"21":7,"22":1,"23":1,"24":1,"25":1,"26":0,"27":0,"28":7,"29":3,"30":3,"31":0,"32":7,"33":9,"34":3,"35":3,"36":3,"37":0,"38":7,"39":6,"40":6,"41":7,"42":3,"43":3,"44":7,"45":3,"46":3,"47":3,"48":3,"49":0,"50":3,"51":3,"52":3,"53":3,"54":0,"55":3,"56":0,"57":7,"58":3,"59":4,"60":1,"61":3,"62":3,"63":0,"64":0,"65":0,"66":0,"67":0,"68":3,"69":9,"70":3,"71":3,"72":3},"f":{"0":7,"1":3,"2":3,"3":1,"4":3,"5":9,"6":6,"7":3,"8":3,"9":3,"10":0,"11":3,"12":0,"13":0,"14":0,"15":0,"16":0,"17":0,"18":3,"19":9,"20":3},"b":{"0":[2,0],"1":[3,0],"2":[3,3,3,0],"3":[3,0],"4":[3,4],"5":[1,3],"6":[3,0],"7":[0,0],"8":[3,0],"9":[0,3],"10":[0,3],"11":[0,3],"12":[0,3],"13":[3,3],"14":[0,3],"15":[3,3],"16":[0,3],"17":[3,0],"18":[3,3],"19":[3,0],"20":[0,3],"21":[0,3],"22":[0,3],"23":[3,0],"24":[3,0]},"_coverageSchema":"1a1c01bbd47fc00a2c39e90264f33305004495a9","hash":"396b0df3c81e34872f9496988d3488875f07a8b2"}
,"C:\\Users\\Sonto\\Downloads\\sdapp\\FrontEnd\\research-nexus\\src\\context\\AuthContext.tsx": {"path":"C:\\Users\\Sonto\\Downloads\\sdapp\\FrontEnd\\research-nexus\\src\\context\\AuthContext.tsx","statementMap":{"0":{"start":{"line":19,"column":20},"end":{"line":24,"column":2}}},"fnMap":{"0":{"name":"(anonymous_0)","decl":{"start":{"line":22,"column":9},"end":{"line":22,"column":10}},"loc":{"start":{"line":22,"column":15},"end":{"line":22,"column":17}},"line":22},"1":{"name":"(anonymous_1)","decl":{"start":{"line":23,"column":10},"end":{"line":23,"column":11}},"loc":{"start":{"line":23,"column":16},"end":{"line":23,"column":18}},"line":23}},"branchMap":{},"s":{"0":2},"f":{"0":0,"1":0},"b":{},"_coverageSchema":"1a1c01bbd47fc00a2c39e90264f33305004495a9","hash":"76eed7fc2b30a0b66e4d7fb7d78867836faa8819"}
}
