{"C:\\Users\\Sonto\\Downloads\\sdapp\\FrontEnd\\research-nexus\\src\\config.tsx": {"path":"C:\\Users\\Sonto\\Downloads\\sdapp\\FrontEnd\\research-nexus\\src\\config.tsx","statementMap":{"0":{"start":{"line":2,"column":24},"end":{"line":2,"column":47}}},"fnMap":{},"branchMap":{},"s":{"0":9},"f":{},"b":{},"_coverageSchema":"1a1c01bbd47fc00a2c39e90264f33305004495a9","hash":"0da612b28ae4bf6d70c3d02378b2abfd12d2b613"}
,"C:\\Users\\Sonto\\Downloads\\sdapp\\FrontEnd\\research-nexus\\src\\components\\CreateProject.tsx": {"path":"C:\\Users\\Sonto\\Downloads\\sdapp\\FrontEnd\\research-nexus\\src\\components\\CreateProject.tsx","statementMap":{"0":{"start":{"line":26,"column":19},"end":{"line":26,"column":32}},"1":{"start":{"line":27,"column":27},"end":{"line":27,"column":50}},"2":{"start":{"line":28,"column":34},"end":{"line":42,"column":4}},"3":{"start":{"line":44,"column":36},"end":{"line":44,"column":60}},"4":{"start":{"line":45,"column":42},"end":{"line":45,"column":66}},"5":{"start":{"line":46,"column":28},"end":{"line":46,"column":48}},"6":{"start":{"line":47,"column":26},"end":{"line":47,"column":53}},"7":{"start":{"line":48,"column":30},"end":{"line":48,"column":66}},"8":{"start":{"line":51,"column":35},"end":{"line":67,"column":3}},"9":{"start":{"line":69,"column":23},"end":{"line":77,"column":3}},"10":{"start":{"line":70,"column":34},"end":{"line":70,"column":42}},"11":{"start":{"line":71,"column":20},"end":{"line":71,"column":58}},"12":{"start":{"line":72,"column":4},"end":{"line":76,"column":7}},"13":{"start":{"line":79,"column":23},"end":{"line":131,"column":3}},"14":{"start":{"line":80,"column":4},"end":{"line":80,"column":23}},"15":{"start":{"line":81,"column":17},"end":{"line":81,"column":32}},"16":{"start":{"line":84,"column":4},"end":{"line":87,"column":5}},"17":{"start":{"line":85,"column":6},"end":{"line":85,"column":61}},"18":{"start":{"line":86,"column":6},"end":{"line":86,"column":13}},"19":{"start":{"line":89,"column":4},"end":{"line":89,"column":47}},"20":{"start":{"line":90,"column":4},"end":{"line":90,"column":56}},"21":{"start":{"line":91,"column":4},"end":{"line":95,"column":5}},"22":{"start":{"line":92,"column":6},"end":{"line":92,"column":26}},"23":{"start":{"line":93,"column":6},"end":{"line":93,"column":25}},"24":{"start":{"line":94,"column":6},"end":{"line":94,"column":13}},"25":{"start":{"line":97,"column":4},"end":{"line":97,"column":26}},"26":{"start":{"line":98,"column":4},"end":{"line":98,"column":17}},"27":{"start":{"line":100,"column":4},"end":{"line":130,"column":5}},"28":{"start":{"line":101,"column":19},"end":{"line":101,"column":33}},"29":{"start":{"line":102,"column":6},"end":{"line":104,"column":9}},"30":{"start":{"line":103,"column":8},"end":{"line":103,"column":42}},"31":{"start":{"line":105,"column":6},"end":{"line":105,"column":32}},"32":{"start":{"line":107,"column":23},"end":{"line":112,"column":8}},"33":{"start":{"line":115,"column":6},"end":{"line":119,"column":7}},"34":{"start":{"line":116,"column":8},"end":{"line":116,"column":43}},"35":{"start":{"line":118,"column":8},"end":{"line":118,"column":90}},"36":{"start":{"line":122,"column":6},"end":{"line":126,"column":7}},"37":{"start":{"line":123,"column":8},"end":{"line":123,"column":93}},"38":{"start":{"line":125,"column":8},"end":{"line":125,"column":49}},"39":{"start":{"line":127,"column":6},"end":{"line":127,"column":52}},"40":{"start":{"line":129,"column":6},"end":{"line":129,"column":29}},"41":{"start":{"line":133,"column":23},"end":{"line":138,"column":3}},"42":{"start":{"line":134,"column":24},"end":{"line":134,"column":87}},"43":{"start":{"line":135,"column":4},"end":{"line":137,"column":5}},"44":{"start":{"line":136,"column":6},"end":{"line":136,"column":29}},"45":{"start":{"line":140,"column":2},"end":{"line":408,"column":4}},"46":{"start":{"line":225,"column":37},"end":{"line":225,"column":65}},"47":{"start":{"line":226,"column":22},"end":{"line":226,"column":57}},"48":{"start":{"line":245,"column":22},"end":{"line":245,"column":70}}},"fnMap":{"0":{"name":"CreateProject","decl":{"start":{"line":25,"column":9},"end":{"line":25,"column":22}},"loc":{"start":{"line":25,"column":25},"end":{"line":409,"column":1}},"line":25},"1":{"name":"(anonymous_1)","decl":{"start":{"line":69,"column":23},"end":{"line":69,"column":24}},"loc":{"start":{"line":69,"column":103},"end":{"line":77,"column":3}},"line":69},"2":{"name":"(anonymous_2)","decl":{"start":{"line":79,"column":23},"end":{"line":79,"column":24}},"loc":{"start":{"line":79,"column":70},"end":{"line":131,"column":3}},"line":79},"3":{"name":"(anonymous_3)","decl":{"start":{"line":102,"column":39},"end":{"line":102,"column":40}},"loc":{"start":{"line":102,"column":57},"end":{"line":104,"column":7}},"line":102},"4":{"name":"(anonymous_4)","decl":{"start":{"line":133,"column":23},"end":{"line":133,"column":24}},"loc":{"start":{"line":133,"column":29},"end":{"line":138,"column":3}},"line":133},"5":{"name":"(anonymous_5)","decl":{"start":{"line":224,"column":30},"end":{"line":224,"column":31}},"loc":{"start":{"line":224,"column":37},"end":{"line":227,"column":21}},"line":224},"6":{"name":"(anonymous_6)","decl":{"start":{"line":244,"column":40},"end":{"line":244,"column":41}},"loc":{"start":{"line":245,"column":22},"end":{"line":245,"column":70}},"line":245}},"branchMap":{"0":{"loc":{"start":{"line":74,"column":15},"end":{"line":74,"column":29}},"type":"binary-expr","locations":[{"start":{"line":74,"column":15},"end":{"line":74,"column":23}},{"start":{"line":74,"column":27},"end":{"line":74,"column":29}}],"line":74},"1":{"loc":{"start":{"line":75,"column":14},"end":{"line":75,"column":51}},"type":"cond-expr","locations":[{"start":{"line":75,"column":36},"end":{"line":75,"column":43}},{"start":{"line":75,"column":46},"end":{"line":75,"column":51}}],"line":75},"2":{"loc":{"start":{"line":84,"column":4},"end":{"line":87,"column":5}},"type":"if","locations":[{"start":{"line":84,"column":4},"end":{"line":87,"column":5}},{"start":{},"end":{}}],"line":84},"3":{"loc":{"start":{"line":91,"column":4},"end":{"line":95,"column":5}},"type":"if","locations":[{"start":{"line":91,"column":4},"end":{"line":95,"column":5}},{"start":{},"end":{}}],"line":91},"4":{"loc":{"start":{"line":91,"column":8},"end":{"line":91,"column":47}},"type":"binary-expr","locations":[{"start":{"line":91,"column":8},"end":{"line":91,"column":38}},{"start":{"line":91,"column":42},"end":{"line":91,"column":47}}],"line":91},"5":{"loc":{"start":{"line":115,"column":6},"end":{"line":119,"column":7}},"type":"if","locations":[{"start":{"line":115,"column":6},"end":{"line":119,"column":7}},{"start":{"line":117,"column":13},"end":{"line":119,"column":7}}],"line":115},"6":{"loc":{"start":{"line":118,"column":17},"end":{"line":118,"column":88}},"type":"binary-expr","locations":[{"start":{"line":118,"column":17},"end":{"line":118,"column":38}},{"start":{"line":118,"column":42},"end":{"line":118,"column":88}}],"line":118},"7":{"loc":{"start":{"line":122,"column":6},"end":{"line":126,"column":7}},"type":"if","locations":[{"start":{"line":122,"column":6},"end":{"line":126,"column":7}},{"start":{"line":124,"column":13},"end":{"line":126,"column":7}}],"line":122},"8":{"loc":{"start":{"line":122,"column":10},"end":{"line":122,"column":49}},"type":"binary-expr","locations":[{"start":{"line":122,"column":10},"end":{"line":122,"column":33}},{"start":{"line":122,"column":37},"end":{"line":122,"column":49}}],"line":122},"9":{"loc":{"start":{"line":123,"column":17},"end":{"line":123,"column":91}},"type":"binary-expr","locations":[{"start":{"line":123,"column":17},"end":{"line":123,"column":42}},{"start":{"line":123,"column":46},"end":{"line":123,"column":91}}],"line":123},"10":{"loc":{"start":{"line":135,"column":4},"end":{"line":137,"column":5}},"type":"if","locations":[{"start":{"line":135,"column":4},"end":{"line":137,"column":5}},{"start":{},"end":{}}],"line":135},"11":{"loc":{"start":{"line":149,"column":15},"end":{"line":159,"column":15}},"type":"binary-expr","locations":[{"start":{"line":149,"column":15},"end":{"line":149,"column":20}},{"start":{"line":150,"column":16},"end":{"line":158,"column":22}}],"line":149},"12":{"loc":{"start":{"line":172,"column":31},"end":{"line":172,"column":59}},"type":"binary-expr","locations":[{"start":{"line":172,"column":31},"end":{"line":172,"column":40}},{"start":{"line":172,"column":44},"end":{"line":172,"column":59}}],"line":172},"13":{"loc":{"start":{"line":191,"column":31},"end":{"line":191,"column":65}},"type":"binary-expr","locations":[{"start":{"line":191,"column":31},"end":{"line":191,"column":40}},{"start":{"line":191,"column":44},"end":{"line":191,"column":65}}],"line":191},"14":{"loc":{"start":{"line":211,"column":31},"end":{"line":211,"column":68}},"type":"binary-expr","locations":[{"start":{"line":211,"column":31},"end":{"line":211,"column":40}},{"start":{"line":211,"column":44},"end":{"line":211,"column":68}}],"line":211},"15":{"loc":{"start":{"line":226,"column":30},"end":{"line":226,"column":55}},"type":"binary-expr","locations":[{"start":{"line":226,"column":30},"end":{"line":226,"column":47}},{"start":{"line":226,"column":51},"end":{"line":226,"column":55}}],"line":226},"16":{"loc":{"start":{"line":241,"column":31},"end":{"line":241,"column":67}},"type":"binary-expr","locations":[{"start":{"line":241,"column":31},"end":{"line":241,"column":40}},{"start":{"line":241,"column":44},"end":{"line":241,"column":67}}],"line":241},"17":{"loc":{"start":{"line":264,"column":35},"end":{"line":264,"column":68}},"type":"binary-expr","locations":[{"start":{"line":264,"column":35},"end":{"line":264,"column":44}},{"start":{"line":264,"column":48},"end":{"line":264,"column":68}}],"line":264},"18":{"loc":{"start":{"line":281,"column":35},"end":{"line":281,"column":66}},"type":"binary-expr","locations":[{"start":{"line":281,"column":35},"end":{"line":281,"column":44}},{"start":{"line":281,"column":48},"end":{"line":281,"column":66}}],"line":281},"19":{"loc":{"start":{"line":301,"column":17},"end":{"line":320,"column":17}},"type":"binary-expr","locations":[{"start":{"line":301,"column":17},"end":{"line":301,"column":43}},{"start":{"line":302,"column":18},"end":{"line":319,"column":31}}],"line":301},"20":{"loc":{"start":{"line":311,"column":33},"end":{"line":311,"column":100}},"type":"binary-expr","locations":[{"start":{"line":311,"column":33},"end":{"line":311,"column":42}},{"start":{"line":311,"column":46},"end":{"line":311,"column":72}},{"start":{"line":311,"column":76},"end":{"line":311,"column":100}}],"line":311},"21":{"loc":{"start":{"line":333,"column":17},"end":{"line":351,"column":17}},"type":"binary-expr","locations":[{"start":{"line":333,"column":17},"end":{"line":333,"column":46}},{"start":{"line":334,"column":18},"end":{"line":350,"column":31}}],"line":333},"22":{"loc":{"start":{"line":345,"column":33},"end":{"line":345,"column":107}},"type":"binary-expr","locations":[{"start":{"line":345,"column":33},"end":{"line":345,"column":42}},{"start":{"line":345,"column":46},"end":{"line":345,"column":75}},{"start":{"line":345,"column":79},"end":{"line":345,"column":107}}],"line":345},"23":{"loc":{"start":{"line":375,"column":31},"end":{"line":375,"column":67}},"type":"binary-expr","locations":[{"start":{"line":375,"column":31},"end":{"line":375,"column":40}},{"start":{"line":375,"column":44},"end":{"line":375,"column":67}}],"line":375},"24":{"loc":{"start":{"line":384,"column":21},"end":{"line":391,"column":21}},"type":"cond-expr","locations":[{"start":{"line":385,"column":22},"end":{"line":388,"column":25}},{"start":{"line":390,"column":22},"end":{"line":390,"column":38}}],"line":384}},"s":{"0":37,"1":37,"2":37,"3":37,"4":37,"5":37,"6":37,"7":37,"8":37,"9":37,"10":23,"11":23,"12":23,"13":37,"14":4,"15":4,"16":4,"17":1,"18":1,"19":3,"20":3,"21":3,"22":1,"23":1,"24":1,"25":2,"26":2,"27":2,"28":2,"29":2,"30":26,"31":2,"32":2,"33":2,"34":1,"35":1,"36":0,"37":0,"38":0,"39":0,"40":2,"41":37,"42":0,"43":0,"44":0,"45":37,"46":2,"47":2,"48":555},"f":{"0":37,"1":23,"2":4,"3":26,"4":0,"5":2,"6":555},"b":{"0":[23,0],"1":[2,21],"2":[1,3],"3":[1,2],"4":[3,3],"5":[1,1],"6":[1,0],"7":[0,0],"8":[0,0],"9":[0,0],"10":[0,0],"11":[37,2],"12":[37,1],"13":[37,1],"14":[37,1],"15":[2,0],"16":[37,1],"17":[37,1],"18":[37,1],"19":[37,2],"20":[2,0,0],"21":[37,1],"22":[1,0,0],"23":[37,1],"24":[2,35]},"_coverageSchema":"1a1c01bbd47fc00a2c39e90264f33305004495a9","hash":"d356ad00995647b0799397e503a4d8201b3eb99f"}
,"C:\\Users\\Sonto\\Downloads\\sdapp\\FrontEnd\\research-nexus\\src\\components\\EditProject.tsx": {"path":"C:\\Users\\Sonto\\Downloads\\sdapp\\FrontEnd\\research-nexus\\src\\components\\EditProject.tsx","statementMap":{"0":{"start":{"line":31,"column":19},"end":{"line":31,"column":32}},"1":{"start":{"line":32,"column":27},"end":{"line":32,"column":50}},"2":{"start":{"line":33,"column":17},"end":{"line":33,"column":44}},"3":{"start":{"line":34,"column":34},"end":{"line":54,"column":5}},"4":{"start":{"line":56,"column":36},"end":{"line":56,"column":60}},"5":{"start":{"line":57,"column":42},"end":{"line":57,"column":66}},"6":{"start":{"line":58,"column":36},"end":{"line":58,"column":59}},"7":{"start":{"line":59,"column":28},"end":{"line":59,"column":48}},"8":{"start":{"line":60,"column":26},"end":{"line":60,"column":53}},"9":{"start":{"line":62,"column":35},"end":{"line":78,"column":3}},"10":{"start":{"line":80,"column":2},"end":{"line":124,"column":11}},"11":{"start":{"line":81,"column":29},"end":{"line":121,"column":5}},"12":{"start":{"line":82,"column":6},"end":{"line":82,"column":25}},"13":{"start":{"line":83,"column":6},"end":{"line":120,"column":7}},"14":{"start":{"line":84,"column":25},"end":{"line":86,"column":10}},"15":{"start":{"line":87,"column":8},"end":{"line":114,"column":9}},"16":{"start":{"line":88,"column":30},"end":{"line":88,"column":43}},"17":{"start":{"line":91,"column":10},"end":{"line":111,"column":13}},"18":{"start":{"line":113,"column":10},"end":{"line":113,"column":75}},"19":{"start":{"line":116,"column":8},"end":{"line":116,"column":58}},"20":{"start":{"line":117,"column":8},"end":{"line":117,"column":53}},"21":{"start":{"line":119,"column":8},"end":{"line":119,"column":28}},"22":{"start":{"line":123,"column":4},"end":{"line":123,"column":23}},"23":{"start":{"line":127,"column":29},"end":{"line":130,"column":3}},"24":{"start":{"line":128,"column":17},"end":{"line":128,"column":37}},"25":{"start":{"line":129,"column":4},"end":{"line":129,"column":44}},"26":{"start":{"line":132,"column":23},"end":{"line":141,"column":3}},"27":{"start":{"line":133,"column":34},"end":{"line":133,"column":42}},"28":{"start":{"line":134,"column":20},"end":{"line":134,"column":58}},"29":{"start":{"line":136,"column":4},"end":{"line":140,"column":7}},"30":{"start":{"line":143,"column":23},"end":{"line":171,"column":1}},"31":{"start":{"line":144,"column":2},"end":{"line":144,"column":21}},"32":{"start":{"line":146,"column":15},"end":{"line":146,"column":30}},"33":{"start":{"line":147,"column":2},"end":{"line":151,"column":3}},"34":{"start":{"line":148,"column":4},"end":{"line":148,"column":24}},"35":{"start":{"line":149,"column":4},"end":{"line":149,"column":23}},"36":{"start":{"line":150,"column":4},"end":{"line":150,"column":11}},"37":{"start":{"line":153,"column":2},"end":{"line":153,"column":24}},"38":{"start":{"line":154,"column":2},"end":{"line":154,"column":15}},"39":{"start":{"line":156,"column":2},"end":{"line":170,"column":3}},"40":{"start":{"line":157,"column":21},"end":{"line":159,"column":6}},"41":{"start":{"line":161,"column":4},"end":{"line":165,"column":5}},"42":{"start":{"line":162,"column":6},"end":{"line":162,"column":34}},"43":{"start":{"line":164,"column":6},"end":{"line":164,"column":69}},"44":{"start":{"line":167,"column":4},"end":{"line":167,"column":86}},"45":{"start":{"line":169,"column":4},"end":{"line":169,"column":27}},"46":{"start":{"line":173,"column":2},"end":{"line":184,"column":3}},"47":{"start":{"line":174,"column":4},"end":{"line":183,"column":6}},"48":{"start":{"line":186,"column":2},"end":{"line":411,"column":2}},"49":{"start":{"line":270,"column":2},"end":{"line":270,"column":50}},"50":{"start":{"line":400,"column":15},"end":{"line":400,"column":42}}},"fnMap":{"0":{"name":"EditProject","decl":{"start":{"line":30,"column":9},"end":{"line":30,"column":20}},"loc":{"start":{"line":30,"column":36},"end":{"line":412,"column":1}},"line":30},"1":{"name":"(anonymous_1)","decl":{"start":{"line":80,"column":12},"end":{"line":80,"column":13}},"loc":{"start":{"line":80,"column":18},"end":{"line":124,"column":3}},"line":80},"2":{"name":"(anonymous_2)","decl":{"start":{"line":81,"column":29},"end":{"line":81,"column":30}},"loc":{"start":{"line":81,"column":41},"end":{"line":121,"column":5}},"line":81},"3":{"name":"(anonymous_3)","decl":{"start":{"line":127,"column":29},"end":{"line":127,"column":30}},"loc":{"start":{"line":127,"column":61},"end":{"line":130,"column":3}},"line":127},"4":{"name":"(anonymous_4)","decl":{"start":{"line":132,"column":23},"end":{"line":132,"column":24}},"loc":{"start":{"line":132,"column":103},"end":{"line":141,"column":3}},"line":132},"5":{"name":"(anonymous_5)","decl":{"start":{"line":143,"column":23},"end":{"line":143,"column":24}},"loc":{"start":{"line":143,"column":64},"end":{"line":171,"column":1}},"line":143},"6":{"name":"(anonymous_6)","decl":{"start":{"line":269,"column":20},"end":{"line":269,"column":21}},"loc":{"start":{"line":270,"column":2},"end":{"line":270,"column":50}},"line":270},"7":{"name":"(anonymous_7)","decl":{"start":{"line":400,"column":9},"end":{"line":400,"column":10}},"loc":{"start":{"line":400,"column":15},"end":{"line":400,"column":42}},"line":400}},"branchMap":{"0":{"loc":{"start":{"line":87,"column":8},"end":{"line":114,"column":9}},"type":"if","locations":[{"start":{"line":87,"column":8},"end":{"line":114,"column":9}},{"start":{"line":112,"column":15},"end":{"line":114,"column":9}}],"line":87},"1":{"loc":{"start":{"line":100,"column":28},"end":{"line":100,"column":60}},"type":"binary-expr","locations":[{"start":{"line":100,"column":28},"end":{"line":100,"column":54}},{"start":{"line":100,"column":58},"end":{"line":100,"column":60}}],"line":100},"2":{"loc":{"start":{"line":102,"column":32},"end":{"line":102,"column":68}},"type":"binary-expr","locations":[{"start":{"line":102,"column":32},"end":{"line":102,"column":62}},{"start":{"line":102,"column":66},"end":{"line":102,"column":68}}],"line":102},"3":{"loc":{"start":{"line":103,"column":25},"end":{"line":103,"column":54}},"type":"binary-expr","locations":[{"start":{"line":103,"column":25},"end":{"line":103,"column":48}},{"start":{"line":103,"column":52},"end":{"line":103,"column":54}}],"line":103},"4":{"loc":{"start":{"line":113,"column":19},"end":{"line":113,"column":73}},"type":"binary-expr","locations":[{"start":{"line":113,"column":19},"end":{"line":113,"column":40}},{"start":{"line":113,"column":44},"end":{"line":113,"column":73}}],"line":113},"5":{"loc":{"start":{"line":138,"column":15},"end":{"line":138,"column":29}},"type":"binary-expr","locations":[{"start":{"line":138,"column":15},"end":{"line":138,"column":23}},{"start":{"line":138,"column":27},"end":{"line":138,"column":29}}],"line":138},"6":{"loc":{"start":{"line":139,"column":14},"end":{"line":139,"column":51}},"type":"cond-expr","locations":[{"start":{"line":139,"column":36},"end":{"line":139,"column":43}},{"start":{"line":139,"column":46},"end":{"line":139,"column":51}}],"line":139},"7":{"loc":{"start":{"line":147,"column":2},"end":{"line":151,"column":3}},"type":"if","locations":[{"start":{"line":147,"column":2},"end":{"line":151,"column":3}},{"start":{},"end":{}}],"line":147},"8":{"loc":{"start":{"line":161,"column":4},"end":{"line":165,"column":5}},"type":"if","locations":[{"start":{"line":161,"column":4},"end":{"line":165,"column":5}},{"start":{"line":163,"column":11},"end":{"line":165,"column":5}}],"line":161},"9":{"loc":{"start":{"line":164,"column":15},"end":{"line":164,"column":67}},"type":"binary-expr","locations":[{"start":{"line":164,"column":15},"end":{"line":164,"column":37}},{"start":{"line":164,"column":41},"end":{"line":164,"column":67}}],"line":164},"10":{"loc":{"start":{"line":167,"column":13},"end":{"line":167,"column":84}},"type":"binary-expr","locations":[{"start":{"line":167,"column":13},"end":{"line":167,"column":41}},{"start":{"line":167,"column":45},"end":{"line":167,"column":84}}],"line":167},"11":{"loc":{"start":{"line":173,"column":2},"end":{"line":184,"column":3}},"type":"if","locations":[{"start":{"line":173,"column":2},"end":{"line":184,"column":3}},{"start":{},"end":{}}],"line":173},"12":{"loc":{"start":{"line":195,"column":15},"end":{"line":195,"column":113}},"type":"binary-expr","locations":[{"start":{"line":195,"column":15},"end":{"line":195,"column":20}},{"start":{"line":195,"column":24},"end":{"line":195,"column":113}}],"line":195},"13":{"loc":{"start":{"line":324,"column":1},"end":{"line":336,"column":1}},"type":"binary-expr","locations":[{"start":{"line":324,"column":1},"end":{"line":324,"column":27}},{"start":{"line":325,"column":0},"end":{"line":335,"column":13}}],"line":324},"14":{"loc":{"start":{"line":349,"column":1},"end":{"line":362,"column":1}},"type":"binary-expr","locations":[{"start":{"line":349,"column":1},"end":{"line":349,"column":30}},{"start":{"line":350,"column":0},"end":{"line":361,"column":13}}],"line":349},"15":{"loc":{"start":{"line":395,"column":1},"end":{"line":395,"column":52}},"type":"cond-expr","locations":[{"start":{"line":395,"column":16},"end":{"line":395,"column":35}},{"start":{"line":395,"column":38},"end":{"line":395,"column":52}}],"line":395}},"s":{"0":17,"1":17,"2":17,"3":17,"4":17,"5":17,"6":17,"7":17,"8":17,"9":17,"10":17,"11":5,"12":5,"13":5,"14":5,"15":5,"16":5,"17":5,"18":0,"19":0,"20":0,"21":5,"22":5,"23":17,"24":10,"25":10,"26":17,"27":5,"28":5,"29":5,"30":17,"31":1,"32":1,"33":1,"34":0,"35":0,"36":0,"37":1,"38":1,"39":1,"40":1,"41":1,"42":1,"43":0,"44":0,"45":1,"46":17,"47":5,"48":12,"49":180,"50":0},"f":{"0":17,"1":5,"2":5,"3":10,"4":5,"5":1,"6":180,"7":0},"b":{"0":[5,0],"1":[5,0],"2":[5,0],"3":[5,0],"4":[0,0],"5":[5,5],"6":[2,3],"7":[0,1],"8":[1,0],"9":[0,0],"10":[0,0],"11":[5,12],"12":[12,0],"13":[12,11],"14":[12,10],"15":[1,11]},"_coverageSchema":"1a1c01bbd47fc00a2c39e90264f33305004495a9","hash":"e05c54a6ad3308019db57833a0e82a23387435d7"}
,"C:\\Users\\Sonto\\Downloads\\sdapp\\FrontEnd\\research-nexus\\src\\components\\auth\\SignUp.tsx": {"path":"C:\\Users\\Sonto\\Downloads\\sdapp\\FrontEnd\\research-nexus\\src\\components\\auth\\SignUp.tsx","statementMap":{"0":{"start":{"line":22,"column":25},"end":{"line":199,"column":1}},"1":{"start":{"line":23,"column":20},"end":{"line":23,"column":63}},"2":{"start":{"line":25,"column":13},"end":{"line":25,"column":36}},"3":{"start":{"line":26,"column":19},"end":{"line":26,"column":42}},"4":{"start":{"line":27,"column":34},"end":{"line":34,"column":4}},"5":{"start":{"line":35,"column":30},"end":{"line":35,"column":50}},"6":{"start":{"line":36,"column":19},"end":{"line":36,"column":32}},"7":{"start":{"line":38,"column":23},"end":{"line":73,"column":3}},"8":{"start":{"line":39,"column":4},"end":{"line":39,"column":23}},"9":{"start":{"line":40,"column":4},"end":{"line":40,"column":18}},"10":{"start":{"line":42,"column":4},"end":{"line":45,"column":5}},"11":{"start":{"line":43,"column":6},"end":{"line":43,"column":65}},"12":{"start":{"line":44,"column":6},"end":{"line":44,"column":13}},"13":{"start":{"line":47,"column":4},"end":{"line":47,"column":51}},"14":{"start":{"line":49,"column":4},"end":{"line":72,"column":5}},"15":{"start":{"line":50,"column":23},"end":{"line":53,"column":7}},"16":{"start":{"line":55,"column":6},"end":{"line":55,"column":50}},"17":{"start":{"line":56,"column":6},"end":{"line":56,"column":25}},"18":{"start":{"line":58,"column":6},"end":{"line":58,"column":44}},"19":{"start":{"line":59,"column":6},"end":{"line":71,"column":7}},"20":{"start":{"line":60,"column":23},"end":{"line":60,"column":42}},"21":{"start":{"line":63,"column":8},"end":{"line":67,"column":9}},"22":{"start":{"line":64,"column":10},"end":{"line":64,"column":54}},"23":{"start":{"line":66,"column":10},"end":{"line":66,"column":70}},"24":{"start":{"line":70,"column":8},"end":{"line":70,"column":71}},"25":{"start":{"line":75,"column":23},"end":{"line":81,"column":3}},"26":{"start":{"line":76,"column":28},"end":{"line":76,"column":36}},"27":{"start":{"line":77,"column":4},"end":{"line":80,"column":8}},"28":{"start":{"line":77,"column":31},"end":{"line":80,"column":5}},"29":{"start":{"line":83,"column":27},"end":{"line":135,"column":3}},"30":{"start":{"line":84,"column":4},"end":{"line":133,"column":5}},"31":{"start":{"line":85,"column":6},"end":{"line":114,"column":8}},"32":{"start":{"line":115,"column":11},"end":{"line":133,"column":5}},"33":{"start":{"line":116,"column":6},"end":{"line":132,"column":8}},"34":{"start":{"line":134,"column":4},"end":{"line":134,"column":16}},"35":{"start":{"line":137,"column":2},"end":{"line":198,"column":4}}},"fnMap":{"0":{"name":"(anonymous_0)","decl":{"start":{"line":22,"column":25},"end":{"line":22,"column":26}},"loc":{"start":{"line":22,"column":31},"end":{"line":199,"column":1}},"line":22},"1":{"name":"(anonymous_1)","decl":{"start":{"line":38,"column":23},"end":{"line":38,"column":24}},"loc":{"start":{"line":38,"column":47},"end":{"line":73,"column":3}},"line":38},"2":{"name":"(anonymous_2)","decl":{"start":{"line":75,"column":23},"end":{"line":75,"column":24}},"loc":{"start":{"line":75,"column":81},"end":{"line":81,"column":3}},"line":75},"3":{"name":"(anonymous_3)","decl":{"start":{"line":77,"column":16},"end":{"line":77,"column":17}},"loc":{"start":{"line":77,"column":31},"end":{"line":80,"column":5}},"line":77},"4":{"name":"(anonymous_4)","decl":{"start":{"line":83,"column":27},"end":{"line":83,"column":28}},"loc":{"start":{"line":83,"column":33},"end":{"line":135,"column":3}},"line":83}},"branchMap":{"0":{"loc":{"start":{"line":42,"column":4},"end":{"line":45,"column":5}},"type":"if","locations":[{"start":{"line":42,"column":4},"end":{"line":45,"column":5}},{"start":{},"end":{}}],"line":42},"1":{"loc":{"start":{"line":59,"column":6},"end":{"line":71,"column":7}},"type":"if","locations":[{"start":{"line":59,"column":6},"end":{"line":71,"column":7}},{"start":{"line":68,"column":13},"end":{"line":71,"column":7}}],"line":59},"2":{"loc":{"start":{"line":63,"column":8},"end":{"line":67,"column":9}},"type":"if","locations":[{"start":{"line":63,"column":8},"end":{"line":67,"column":9}},{"start":{"line":65,"column":15},"end":{"line":67,"column":9}}],"line":63},"3":{"loc":{"start":{"line":66,"column":31},"end":{"line":66,"column":66}},"type":"binary-expr","locations":[{"start":{"line":66,"column":31},"end":{"line":66,"column":46}},{"start":{"line":66,"column":50},"end":{"line":66,"column":66}}],"line":66},"4":{"loc":{"start":{"line":84,"column":4},"end":{"line":133,"column":5}},"type":"if","locations":[{"start":{"line":84,"column":4},"end":{"line":133,"column":5}},{"start":{"line":115,"column":11},"end":{"line":133,"column":5}}],"line":84},"5":{"loc":{"start":{"line":115,"column":11},"end":{"line":133,"column":5}},"type":"if","locations":[{"start":{"line":115,"column":11},"end":{"line":133,"column":5}},{"start":{},"end":{}}],"line":115},"6":{"loc":{"start":{"line":141,"column":9},"end":{"line":141,"column":72}},"type":"binary-expr","locations":[{"start":{"line":141,"column":9},"end":{"line":141,"column":23}},{"start":{"line":141,"column":27},"end":{"line":141,"column":72}}],"line":141}},"s":{"0":1,"1":13,"2":13,"3":13,"4":12,"5":12,"6":12,"7":12,"8":0,"9":0,"10":0,"11":0,"12":0,"13":0,"14":0,"15":0,"16":0,"17":0,"18":0,"19":0,"20":0,"21":0,"22":0,"23":0,"24":0,"25":12,"26":0,"27":0,"28":0,"29":12,"30":0,"31":0,"32":0,"33":0,"34":0,"35":12},"f":{"0":13,"1":0,"2":0,"3":0,"4":0},"b":{"0":[0,0],"1":[0,0],"2":[0,0],"3":[0,0],"4":[0,0],"5":[0,0],"6":[0,0]},"_coverageSchema":"1a1c01bbd47fc00a2c39e90264f33305004495a9","hash":"698e3932dacfb000bdc3992762246c3620198429"}
,"C:\\Users\\Sonto\\Downloads\\sdapp\\FrontEnd\\research-nexus\\src\\components\\dashboard\\AdminDashboard.tsx": {"path":"C:\\Users\\Sonto\\Downloads\\sdapp\\FrontEnd\\research-nexus\\src\\components\\dashboard\\AdminDashboard.tsx","statementMap":{"0":{"start":{"line":48,"column":33},"end":{"line":623,"column":1}},"1":{"start":{"line":49,"column":27},"end":{"line":49,"column":50}},"2":{"start":{"line":50,"column":19},"end":{"line":50,"column":32}},"3":{"start":{"line":51,"column":36},"end":{"line":51,"column":61}},"4":{"start":{"line":52,"column":28},"end":{"line":52,"column":48}},"5":{"start":{"line":53,"column":36},"end":{"line":53,"column":60}},"6":{"start":{"line":54,"column":36},"end":{"line":54,"column":60}},"7":{"start":{"line":55,"column":42},"end":{"line":55,"column":69}},"8":{"start":{"line":56,"column":50},"end":{"line":56,"column":81}},"9":{"start":{"line":57,"column":52},"end":{"line":57,"column":74}},"10":{"start":{"line":58,"column":44},"end":{"line":58,"column":68}},"11":{"start":{"line":59,"column":52},"end":{"line":59,"column":76}},"12":{"start":{"line":60,"column":32},"end":{"line":60,"column":52}},"13":{"start":{"line":61,"column":46},"end":{"line":61,"column":66}},"14":{"start":{"line":62,"column":42},"end":{"line":62,"column":62}},"15":{"start":{"line":63,"column":36},"end":{"line":63,"column":59}},"16":{"start":{"line":65,"column":2},"end":{"line":103,"column":9}},"17":{"start":{"line":66,"column":27},"end":{"line":100,"column":5}},"18":{"start":{"line":67,"column":6},"end":{"line":67,"column":25}},"19":{"start":{"line":68,"column":6},"end":{"line":99,"column":7}},"20":{"start":{"line":70,"column":30},"end":{"line":72,"column":10}},"21":{"start":{"line":73,"column":8},"end":{"line":75,"column":9}},"22":{"start":{"line":74,"column":10},"end":{"line":74,"column":39}},"23":{"start":{"line":78,"column":34},"end":{"line":80,"column":10}},"24":{"start":{"line":81,"column":8},"end":{"line":84,"column":9}},"25":{"start":{"line":82,"column":10},"end":{"line":82,"column":45}},"26":{"start":{"line":83,"column":10},"end":{"line":83,"column":47}},"27":{"start":{"line":87,"column":34},"end":{"line":89,"column":10}},"28":{"start":{"line":90,"column":8},"end":{"line":92,"column":9}},"29":{"start":{"line":91,"column":10},"end":{"line":91,"column":47}},"30":{"start":{"line":95,"column":8},"end":{"line":95,"column":59}},"31":{"start":{"line":96,"column":8},"end":{"line":96,"column":54}},"32":{"start":{"line":98,"column":8},"end":{"line":98,"column":28}},"33":{"start":{"line":102,"column":4},"end":{"line":102,"column":21}},"34":{"start":{"line":105,"column":23},"end":{"line":108,"column":3}},"35":{"start":{"line":106,"column":4},"end":{"line":106,"column":13}},"36":{"start":{"line":107,"column":4},"end":{"line":107,"column":23}},"37":{"start":{"line":110,"column":27},"end":{"line":114,"column":3}},"38":{"start":{"line":111,"column":4},"end":{"line":111,"column":26}},"39":{"start":{"line":112,"column":4},"end":{"line":112,"column":26}},"40":{"start":{"line":113,"column":4},"end":{"line":113,"column":27}},"41":{"start":{"line":116,"column":27},"end":{"line":147,"column":3}},"42":{"start":{"line":117,"column":4},"end":{"line":117,"column":30}},"43":{"start":{"line":117,"column":23},"end":{"line":117,"column":30}},"44":{"start":{"line":119,"column":4},"end":{"line":146,"column":5}},"45":{"start":{"line":120,"column":6},"end":{"line":124,"column":9}},"46":{"start":{"line":127,"column":6},"end":{"line":129,"column":9}},"47":{"start":{"line":127,"column":28},"end":{"line":129,"column":7}},"48":{"start":{"line":128,"column":8},"end":{"line":128,"column":64}},"49":{"start":{"line":131,"column":6},"end":{"line":131,"column":78}},"50":{"start":{"line":134,"column":6},"end":{"line":134,"column":30}},"51":{"start":{"line":137,"column":6},"end":{"line":142,"column":7}},"52":{"start":{"line":138,"column":33},"end":{"line":140,"column":10}},"53":{"start":{"line":141,"column":8},"end":{"line":141,"column":44}},"54":{"start":{"line":144,"column":6},"end":{"line":144,"column":51}},"55":{"start":{"line":145,"column":6},"end":{"line":145,"column":52}},"56":{"start":{"line":149,"column":29},"end":{"line":151,"column":3}},"57":{"start":{"line":150,"column":4},"end":{"line":150,"column":34}},"58":{"start":{"line":153,"column":32},"end":{"line":157,"column":3}},"59":{"start":{"line":154,"column":4},"end":{"line":154,"column":34}},"60":{"start":{"line":155,"column":4},"end":{"line":155,"column":60}},"61":{"start":{"line":156,"column":4},"end":{"line":156,"column":31}},"62":{"start":{"line":159,"column":34},"end":{"line":167,"column":3}},"63":{"start":{"line":160,"column":4},"end":{"line":166,"column":7}},"64":{"start":{"line":161,"column":6},"end":{"line":165,"column":7}},"65":{"start":{"line":162,"column":8},"end":{"line":162,"column":52}},"66":{"start":{"line":162,"column":33},"end":{"line":162,"column":50}},"67":{"start":{"line":164,"column":8},"end":{"line":164,"column":37}},"68":{"start":{"line":169,"column":35},"end":{"line":230,"column":3}},"69":{"start":{"line":170,"column":4},"end":{"line":170,"column":68}},"70":{"start":{"line":170,"column":61},"end":{"line":170,"column":68}},"71":{"start":{"line":172,"column":4},"end":{"line":229,"column":5}},"72":{"start":{"line":174,"column":6},"end":{"line":213,"column":7}},"73":{"start":{"line":175,"column":27},"end":{"line":193,"column":9}},"74":{"start":{"line":195,"column":28},"end":{"line":200,"column":9}},"75":{"start":{"line":201,"column":8},"end":{"line":201,"column":56}},"76":{"start":{"line":202,"column":8},"end":{"line":202,"column":57}},"77":{"start":{"line":205,"column":8},"end":{"line":207,"column":11}},"78":{"start":{"line":210,"column":8},"end":{"line":212,"column":11}},"79":{"start":{"line":216,"column":6},"end":{"line":222,"column":8}},"80":{"start":{"line":217,"column":8},"end":{"line":221,"column":9}},"81":{"start":{"line":218,"column":10},"end":{"line":220,"column":15}},"82":{"start":{"line":224,"column":6},"end":{"line":224,"column":85}},"83":{"start":{"line":225,"column":6},"end":{"line":225,"column":34}},"84":{"start":{"line":227,"column":6},"end":{"line":227,"column":57}},"85":{"start":{"line":228,"column":6},"end":{"line":228,"column":52}},"86":{"start":{"line":232,"column":21},"end":{"line":235,"column":3}},"87":{"start":{"line":233,"column":48},"end":{"line":233,"column":98}},"88":{"start":{"line":234,"column":4},"end":{"line":234,"column":71}},"89":{"start":{"line":237,"column":2},"end":{"line":248,"column":3}},"90":{"start":{"line":238,"column":4},"end":{"line":247,"column":6}},"91":{"start":{"line":250,"column":2},"end":{"line":622,"column":4}},"92":{"start":{"line":274,"column":27},"end":{"line":274,"column":48}},"93":{"start":{"line":280,"column":27},"end":{"line":280,"column":52}},"94":{"start":{"line":291,"column":27},"end":{"line":291,"column":51}},"95":{"start":{"line":310,"column":50},"end":{"line":310,"column":71}},"96":{"start":{"line":316,"column":49},"end":{"line":316,"column":68}},"97":{"start":{"line":342,"column":26},"end":{"line":365,"column":31}},"98":{"start":{"line":360,"column":47},"end":{"line":360,"column":69}},"99":{"start":{"line":398,"column":26},"end":{"line":429,"column":31}},"100":{"start":{"line":417,"column":47},"end":{"line":417,"column":75}},"101":{"start":{"line":424,"column":47},"end":{"line":424,"column":78}},"102":{"start":{"line":447,"column":39},"end":{"line":447,"column":64}},"103":{"start":{"line":467,"column":47},"end":{"line":467,"column":88}},"104":{"start":{"line":467,"column":67},"end":{"line":467,"column":87}},"105":{"start":{"line":468,"column":30},"end":{"line":473,"column":32}},"106":{"start":{"line":482,"column":41},"end":{"line":482,"column":80}},"107":{"start":{"line":517,"column":48},"end":{"line":517,"column":71}},"108":{"start":{"line":531,"column":35},"end":{"line":531,"column":61}},"109":{"start":{"line":545,"column":53},"end":{"line":545,"column":76}},"110":{"start":{"line":555,"column":52},"end":{"line":555,"column":79}},"111":{"start":{"line":582,"column":20},"end":{"line":605,"column":27}},"112":{"start":{"line":593,"column":34},"end":{"line":595,"column":42}},"113":{"start":{"line":602,"column":42},"end":{"line":602,"column":79}},"114":{"start":{"line":613,"column":53},"end":{"line":613,"column":80}}},"fnMap":{"0":{"name":"(anonymous_0)","decl":{"start":{"line":48,"column":33},"end":{"line":48,"column":34}},"loc":{"start":{"line":48,"column":39},"end":{"line":623,"column":1}},"line":48},"1":{"name":"(anonymous_1)","decl":{"start":{"line":65,"column":12},"end":{"line":65,"column":13}},"loc":{"start":{"line":65,"column":18},"end":{"line":103,"column":3}},"line":65},"2":{"name":"(anonymous_2)","decl":{"start":{"line":66,"column":27},"end":{"line":66,"column":28}},"loc":{"start":{"line":66,"column":39},"end":{"line":100,"column":5}},"line":66},"3":{"name":"(anonymous_3)","decl":{"start":{"line":105,"column":23},"end":{"line":105,"column":24}},"loc":{"start":{"line":105,"column":29},"end":{"line":108,"column":3}},"line":105},"4":{"name":"(anonymous_4)","decl":{"start":{"line":110,"column":27},"end":{"line":110,"column":28}},"loc":{"start":{"line":110,"column":43},"end":{"line":114,"column":3}},"line":110},"5":{"name":"(anonymous_5)","decl":{"start":{"line":116,"column":27},"end":{"line":116,"column":28}},"loc":{"start":{"line":116,"column":39},"end":{"line":147,"column":3}},"line":116},"6":{"name":"(anonymous_6)","decl":{"start":{"line":127,"column":15},"end":{"line":127,"column":16}},"loc":{"start":{"line":127,"column":28},"end":{"line":129,"column":7}},"line":127},"7":{"name":"(anonymous_7)","decl":{"start":{"line":127,"column":42},"end":{"line":127,"column":43}},"loc":{"start":{"line":128,"column":8},"end":{"line":128,"column":64}},"line":128},"8":{"name":"(anonymous_8)","decl":{"start":{"line":149,"column":29},"end":{"line":149,"column":30}},"loc":{"start":{"line":149,"column":53},"end":{"line":151,"column":3}},"line":149},"9":{"name":"(anonymous_9)","decl":{"start":{"line":153,"column":32},"end":{"line":153,"column":33}},"loc":{"start":{"line":153,"column":56},"end":{"line":157,"column":3}},"line":153},"10":{"name":"(anonymous_10)","decl":{"start":{"line":159,"column":34},"end":{"line":159,"column":35}},"loc":{"start":{"line":159,"column":58},"end":{"line":167,"column":3}},"line":159},"11":{"name":"(anonymous_11)","decl":{"start":{"line":160,"column":25},"end":{"line":160,"column":26}},"loc":{"start":{"line":160,"column":33},"end":{"line":166,"column":5}},"line":160},"12":{"name":"(anonymous_12)","decl":{"start":{"line":162,"column":27},"end":{"line":162,"column":28}},"loc":{"start":{"line":162,"column":33},"end":{"line":162,"column":50}},"line":162},"13":{"name":"(anonymous_13)","decl":{"start":{"line":169,"column":35},"end":{"line":169,"column":36}},"loc":{"start":{"line":169,"column":47},"end":{"line":230,"column":3}},"line":169},"14":{"name":"(anonymous_14)","decl":{"start":{"line":216,"column":19},"end":{"line":216,"column":20}},"loc":{"start":{"line":217,"column":8},"end":{"line":221,"column":9}},"line":217},"15":{"name":"(anonymous_15)","decl":{"start":{"line":217,"column":26},"end":{"line":217,"column":27}},"loc":{"start":{"line":218,"column":10},"end":{"line":220,"column":15}},"line":218},"16":{"name":"(anonymous_16)","decl":{"start":{"line":232,"column":21},"end":{"line":232,"column":22}},"loc":{"start":{"line":232,"column":53},"end":{"line":235,"column":3}},"line":232},"17":{"name":"(anonymous_17)","decl":{"start":{"line":274,"column":21},"end":{"line":274,"column":22}},"loc":{"start":{"line":274,"column":27},"end":{"line":274,"column":48}},"line":274},"18":{"name":"(anonymous_18)","decl":{"start":{"line":280,"column":21},"end":{"line":280,"column":22}},"loc":{"start":{"line":280,"column":27},"end":{"line":280,"column":52}},"line":280},"19":{"name":"(anonymous_19)","decl":{"start":{"line":291,"column":21},"end":{"line":291,"column":22}},"loc":{"start":{"line":291,"column":27},"end":{"line":291,"column":51}},"line":291},"20":{"name":"(anonymous_20)","decl":{"start":{"line":310,"column":44},"end":{"line":310,"column":45}},"loc":{"start":{"line":310,"column":50},"end":{"line":310,"column":71}},"line":310},"21":{"name":"(anonymous_21)","decl":{"start":{"line":316,"column":43},"end":{"line":316,"column":44}},"loc":{"start":{"line":316,"column":49},"end":{"line":316,"column":68}},"line":316},"22":{"name":"(anonymous_22)","decl":{"start":{"line":341,"column":35},"end":{"line":341,"column":36}},"loc":{"start":{"line":342,"column":26},"end":{"line":365,"column":31}},"line":342},"23":{"name":"(anonymous_23)","decl":{"start":{"line":360,"column":41},"end":{"line":360,"column":42}},"loc":{"start":{"line":360,"column":47},"end":{"line":360,"column":69}},"line":360},"24":{"name":"(anonymous_24)","decl":{"start":{"line":397,"column":39},"end":{"line":397,"column":40}},"loc":{"start":{"line":398,"column":26},"end":{"line":429,"column":31}},"line":398},"25":{"name":"(anonymous_25)","decl":{"start":{"line":417,"column":41},"end":{"line":417,"column":42}},"loc":{"start":{"line":417,"column":47},"end":{"line":417,"column":75}},"line":417},"26":{"name":"(anonymous_26)","decl":{"start":{"line":424,"column":41},"end":{"line":424,"column":42}},"loc":{"start":{"line":424,"column":47},"end":{"line":424,"column":78}},"line":424},"27":{"name":"(anonymous_27)","decl":{"start":{"line":447,"column":33},"end":{"line":447,"column":34}},"loc":{"start":{"line":447,"column":39},"end":{"line":447,"column":64}},"line":447},"28":{"name":"(anonymous_28)","decl":{"start":{"line":466,"column":69},"end":{"line":466,"column":70}},"loc":{"start":{"line":466,"column":83},"end":{"line":474,"column":29}},"line":466},"29":{"name":"(anonymous_29)","decl":{"start":{"line":467,"column":62},"end":{"line":467,"column":63}},"loc":{"start":{"line":467,"column":67},"end":{"line":467,"column":87}},"line":467},"30":{"name":"(anonymous_30)","decl":{"start":{"line":482,"column":35},"end":{"line":482,"column":36}},"loc":{"start":{"line":482,"column":41},"end":{"line":482,"column":80}},"line":482},"31":{"name":"(anonymous_31)","decl":{"start":{"line":517,"column":42},"end":{"line":517,"column":43}},"loc":{"start":{"line":517,"column":48},"end":{"line":517,"column":71}},"line":517},"32":{"name":"(anonymous_32)","decl":{"start":{"line":531,"column":28},"end":{"line":531,"column":29}},"loc":{"start":{"line":531,"column":35},"end":{"line":531,"column":61}},"line":531},"33":{"name":"(anonymous_33)","decl":{"start":{"line":545,"column":47},"end":{"line":545,"column":48}},"loc":{"start":{"line":545,"column":53},"end":{"line":545,"column":76}},"line":545},"34":{"name":"(anonymous_34)","decl":{"start":{"line":555,"column":46},"end":{"line":555,"column":47}},"loc":{"start":{"line":555,"column":52},"end":{"line":555,"column":79}},"line":555},"35":{"name":"(anonymous_35)","decl":{"start":{"line":581,"column":32},"end":{"line":581,"column":33}},"loc":{"start":{"line":582,"column":20},"end":{"line":605,"column":27}},"line":582},"36":{"name":"(anonymous_36)","decl":{"start":{"line":592,"column":57},"end":{"line":592,"column":58}},"loc":{"start":{"line":593,"column":34},"end":{"line":595,"column":42}},"line":593},"37":{"name":"(anonymous_37)","decl":{"start":{"line":602,"column":36},"end":{"line":602,"column":37}},"loc":{"start":{"line":602,"column":42},"end":{"line":602,"column":79}},"line":602},"38":{"name":"(anonymous_38)","decl":{"start":{"line":613,"column":47},"end":{"line":613,"column":48}},"loc":{"start":{"line":613,"column":53},"end":{"line":613,"column":80}},"line":613}},"branchMap":{"0":{"loc":{"start":{"line":73,"column":8},"end":{"line":75,"column":9}},"type":"if","locations":[{"start":{"line":73,"column":8},"end":{"line":75,"column":9}},{"start":{},"end":{}}],"line":73},"1":{"loc":{"start":{"line":81,"column":8},"end":{"line":84,"column":9}},"type":"if","locations":[{"start":{"line":81,"column":8},"end":{"line":84,"column":9}},{"start":{},"end":{}}],"line":81},"2":{"loc":{"start":{"line":90,"column":8},"end":{"line":92,"column":9}},"type":"if","locations":[{"start":{"line":90,"column":8},"end":{"line":92,"column":9}},{"start":{},"end":{}}],"line":90},"3":{"loc":{"start":{"line":117,"column":4},"end":{"line":117,"column":30}},"type":"if","locations":[{"start":{"line":117,"column":4},"end":{"line":117,"column":30}},{"start":{},"end":{}}],"line":117},"4":{"loc":{"start":{"line":128,"column":8},"end":{"line":128,"column":64}},"type":"cond-expr","locations":[{"start":{"line":128,"column":37},"end":{"line":128,"column":60}},{"start":{"line":128,"column":63},"end":{"line":128,"column":64}}],"line":128},"5":{"loc":{"start":{"line":137,"column":6},"end":{"line":142,"column":7}},"type":"if","locations":[{"start":{"line":137,"column":6},"end":{"line":142,"column":7}},{"start":{},"end":{}}],"line":137},"6":{"loc":{"start":{"line":155,"column":25},"end":{"line":155,"column":58}},"type":"binary-expr","locations":[{"start":{"line":155,"column":25},"end":{"line":155,"column":52}},{"start":{"line":155,"column":56},"end":{"line":155,"column":58}}],"line":155},"7":{"loc":{"start":{"line":161,"column":6},"end":{"line":165,"column":7}},"type":"if","locations":[{"start":{"line":161,"column":6},"end":{"line":165,"column":7}},{"start":{"line":163,"column":13},"end":{"line":165,"column":7}}],"line":161},"8":{"loc":{"start":{"line":170,"column":4},"end":{"line":170,"column":68}},"type":"if","locations":[{"start":{"line":170,"column":4},"end":{"line":170,"column":68}},{"start":{},"end":{}}],"line":170},"9":{"loc":{"start":{"line":170,"column":8},"end":{"line":170,"column":59}},"type":"binary-expr","locations":[{"start":{"line":170,"column":8},"end":{"line":170,"column":25}},{"start":{"line":170,"column":29},"end":{"line":170,"column":59}}],"line":170},"10":{"loc":{"start":{"line":218,"column":10},"end":{"line":220,"column":15}},"type":"cond-expr","locations":[{"start":{"line":219,"column":14},"end":{"line":219,"column":61}},{"start":{"line":220,"column":14},"end":{"line":220,"column":15}}],"line":218},"11":{"loc":{"start":{"line":237,"column":2},"end":{"line":248,"column":3}},"type":"if","locations":[{"start":{"line":237,"column":2},"end":{"line":248,"column":3}},{"start":{},"end":{}}],"line":237},"12":{"loc":{"start":{"line":259,"column":13},"end":{"line":265,"column":13}},"type":"cond-expr","locations":[{"start":{"line":260,"column":14},"end":{"line":260,"column":80}},{"start":{"line":262,"column":14},"end":{"line":264,"column":20}}],"line":259},"13":{"loc":{"start":{"line":263,"column":17},"end":{"line":263,"column":45}},"type":"binary-expr","locations":[{"start":{"line":263,"column":17},"end":{"line":263,"column":38}},{"start":{"line":263,"column":42},"end":{"line":263,"column":45}}],"line":263},"14":{"loc":{"start":{"line":273,"column":23},"end":{"line":273,"column":60}},"type":"cond-expr","locations":[{"start":{"line":273,"column":47},"end":{"line":273,"column":55}},{"start":{"line":273,"column":58},"end":{"line":273,"column":60}}],"line":273},"15":{"loc":{"start":{"line":279,"column":23},"end":{"line":279,"column":64}},"type":"cond-expr","locations":[{"start":{"line":279,"column":51},"end":{"line":279,"column":59}},{"start":{"line":279,"column":62},"end":{"line":279,"column":64}}],"line":279},"16":{"loc":{"start":{"line":290,"column":23},"end":{"line":290,"column":63}},"type":"cond-expr","locations":[{"start":{"line":290,"column":50},"end":{"line":290,"column":58}},{"start":{"line":290,"column":61},"end":{"line":290,"column":63}}],"line":290},"17":{"loc":{"start":{"line":309,"column":9},"end":{"line":313,"column":9}},"type":"binary-expr","locations":[{"start":{"line":309,"column":9},"end":{"line":309,"column":23}},{"start":{"line":310,"column":10},"end":{"line":312,"column":18}}],"line":309},"18":{"loc":{"start":{"line":315,"column":9},"end":{"line":319,"column":9}},"type":"binary-expr","locations":[{"start":{"line":315,"column":9},"end":{"line":315,"column":21}},{"start":{"line":316,"column":10},"end":{"line":318,"column":18}}],"line":315},"19":{"loc":{"start":{"line":321,"column":9},"end":{"line":374,"column":9}},"type":"binary-expr","locations":[{"start":{"line":321,"column":9},"end":{"line":321,"column":30}},{"start":{"line":322,"column":10},"end":{"line":373,"column":22}}],"line":321},"20":{"loc":{"start":{"line":349,"column":32},"end":{"line":350,"column":80}},"type":"cond-expr","locations":[{"start":{"line":349,"column":56},"end":{"line":349,"column":64}},{"start":{"line":350,"column":32},"end":{"line":350,"column":80}}],"line":349},"21":{"loc":{"start":{"line":350,"column":32},"end":{"line":350,"column":80}},"type":"cond-expr","locations":[{"start":{"line":350,"column":59},"end":{"line":350,"column":68}},{"start":{"line":350,"column":71},"end":{"line":350,"column":80}}],"line":350},"22":{"loc":{"start":{"line":376,"column":9},"end":{"line":493,"column":9}},"type":"binary-expr","locations":[{"start":{"line":376,"column":9},"end":{"line":376,"column":34}},{"start":{"line":377,"column":10},"end":{"line":492,"column":22}}],"line":376},"23":{"loc":{"start":{"line":405,"column":32},"end":{"line":407,"column":87}},"type":"cond-expr","locations":[{"start":{"line":405,"column":65},"end":{"line":405,"column":74}},{"start":{"line":406,"column":32},"end":{"line":407,"column":87}}],"line":405},"24":{"loc":{"start":{"line":406,"column":32},"end":{"line":407,"column":87}},"type":"cond-expr","locations":[{"start":{"line":406,"column":65},"end":{"line":406,"column":73}},{"start":{"line":407,"column":32},"end":{"line":407,"column":87}}],"line":406},"25":{"loc":{"start":{"line":407,"column":32},"end":{"line":407,"column":87}},"type":"cond-expr","locations":[{"start":{"line":407,"column":69},"end":{"line":407,"column":78}},{"start":{"line":407,"column":81},"end":{"line":407,"column":87}}],"line":407},"26":{"loc":{"start":{"line":409,"column":33},"end":{"line":409,"column":61}},"type":"binary-expr","locations":[{"start":{"line":409,"column":33},"end":{"line":409,"column":48}},{"start":{"line":409,"column":52},"end":{"line":409,"column":61}}],"line":409},"27":{"loc":{"start":{"line":438,"column":13},"end":{"line":491,"column":13}},"type":"binary-expr","locations":[{"start":{"line":438,"column":13},"end":{"line":438,"column":29}},{"start":{"line":439,"column":14},"end":{"line":490,"column":20}}],"line":438},"28":{"loc":{"start":{"line":460,"column":57},"end":{"line":460,"column":121}},"type":"binary-expr","locations":[{"start":{"line":460,"column":57},"end":{"line":460,"column":87}},{"start":{"line":460,"column":91},"end":{"line":460,"column":121}}],"line":460},"29":{"loc":{"start":{"line":464,"column":25},"end":{"line":478,"column":25}},"type":"cond-expr","locations":[{"start":{"line":465,"column":26},"end":{"line":475,"column":31}},{"start":{"line":477,"column":26},"end":{"line":477,"column":81}}],"line":464},"30":{"loc":{"start":{"line":464,"column":25},"end":{"line":464,"column":110}},"type":"binary-expr","locations":[{"start":{"line":464,"column":25},"end":{"line":464,"column":60}},{"start":{"line":464,"column":64},"end":{"line":464,"column":110}}],"line":464},"31":{"loc":{"start":{"line":470,"column":35},"end":{"line":470,"column":73}},"type":"cond-expr","locations":[{"start":{"line":470,"column":46},"end":{"line":470,"column":60}},{"start":{"line":470,"column":63},"end":{"line":470,"column":73}}],"line":470},"32":{"loc":{"start":{"line":471,"column":35},"end":{"line":471,"column":74}},"type":"binary-expr","locations":[{"start":{"line":471,"column":35},"end":{"line":471,"column":43}},{"start":{"line":471,"column":47},"end":{"line":471,"column":74}}],"line":471},"33":{"loc":{"start":{"line":495,"column":9},"end":{"line":513,"column":9}},"type":"binary-expr","locations":[{"start":{"line":495,"column":9},"end":{"line":495,"column":33}},{"start":{"line":496,"column":10},"end":{"line":512,"column":22}}],"line":495},"34":{"loc":{"start":{"line":522,"column":11},"end":{"line":542,"column":11}},"type":"binary-expr","locations":[{"start":{"line":522,"column":11},"end":{"line":522,"column":23}},{"start":{"line":523,"column":12},"end":{"line":541,"column":15}}],"line":522},"35":{"loc":{"start":{"line":560,"column":11},"end":{"line":610,"column":11}},"type":"binary-expr","locations":[{"start":{"line":560,"column":11},"end":{"line":560,"column":27}},{"start":{"line":561,"column":12},"end":{"line":609,"column":15}}],"line":560},"36":{"loc":{"start":{"line":576,"column":17},"end":{"line":607,"column":17}},"type":"cond-expr","locations":[{"start":{"line":577,"column":18},"end":{"line":579,"column":26}},{"start":{"line":581,"column":18},"end":{"line":606,"column":20}}],"line":576},"37":{"loc":{"start":{"line":597,"column":33},"end":{"line":597,"column":125}},"type":"binary-expr","locations":[{"start":{"line":597,"column":33},"end":{"line":597,"column":60}},{"start":{"line":597,"column":64},"end":{"line":597,"column":125}}],"line":597}},"s":{"0":1,"1":22,"2":22,"3":22,"4":22,"5":22,"6":22,"7":22,"8":22,"9":22,"10":22,"11":22,"12":22,"13":22,"14":22,"15":22,"16":22,"17":7,"18":7,"19":7,"20":7,"21":6,"22":6,"23":6,"24":6,"25":6,"26":6,"27":6,"28":6,"29":6,"30":1,"31":1,"32":7,"33":7,"34":22,"35":1,"36":1,"37":22,"38":1,"39":1,"40":1,"41":22,"42":1,"43":0,"44":1,"45":1,"46":1,"47":1,"48":1,"49":1,"50":1,"51":1,"52":1,"53":1,"54":0,"55":0,"56":22,"57":0,"58":22,"59":2,"60":2,"61":2,"62":22,"63":0,"64":0,"65":0,"66":0,"67":0,"68":22,"69":0,"70":0,"71":0,"72":0,"73":0,"74":0,"75":0,"76":0,"77":0,"78":0,"79":0,"80":0,"81":0,"82":0,"83":0,"84":0,"85":0,"86":22,"87":13,"88":13,"89":22,"90":7,"91":15,"92":0,"93":3,"94":0,"95":0,"96":0,"97":9,"98":1,"99":5,"100":0,"101":2,"102":0,"103":0,"104":0,"105":0,"106":0,"107":0,"108":1,"109":0,"110":0,"111":2,"112":2,"113":0,"114":0},"f":{"0":22,"1":7,"2":7,"3":1,"4":1,"5":1,"6":1,"7":1,"8":0,"9":2,"10":0,"11":0,"12":0,"13":0,"14":0,"15":0,"16":13,"17":0,"18":3,"19":0,"20":0,"21":0,"22":9,"23":1,"24":5,"25":0,"26":2,"27":0,"28":0,"29":0,"30":0,"31":0,"32":1,"33":0,"34":0,"35":2,"36":2,"37":0,"38":0},"b":{"0":[6,0],"1":[6,0],"2":[6,0],"3":[0,1],"4":[1,0],"5":[1,0],"6":[2,0],"7":[0,0],"8":[0,0],"9":[0,0],"10":[0,0],"11":[7,15],"12":[0,15],"13":[15,0],"14":[10,5],"15":[5,10],"16":[0,15],"17":[15,1],"18":[15,1],"19":[15,10],"20":[0,9],"21":[1,8],"22":[15,5],"23":[0,5],"24":[0,5],"25":[5,0],"26":[5,0],"27":[5,2],"28":[2,0],"29":[0,2],"30":[2,2],"31":[0,0],"32":[0,0],"33":[15,0],"34":[15,3],"35":[15,2],"36":[0,2],"37":[2,0]},"_coverageSchema":"1a1c01bbd47fc00a2c39e90264f33305004495a9","hash":"eb9bab673c25aa234a4713d64b6603d4212f63a7"}
,"C:\\Users\\Sonto\\Downloads\\sdapp\\FrontEnd\\research-nexus\\src\\components\\dashboard\\Calendar.tsx": {"path":"C:\\Users\\Sonto\\Downloads\\sdapp\\FrontEnd\\research-nexus\\src\\components\\dashboard\\Calendar.tsx","statementMap":{"0":{"start":{"line":28,"column":42},"end":{"line":201,"column":1}},"1":{"start":{"line":29,"column":40},"end":{"line":29,"column":66}},"2":{"start":{"line":30,"column":46},"end":{"line":30,"column":75}},"3":{"start":{"line":33,"column":2},"end":{"line":57,"column":17}},"4":{"start":{"line":34,"column":36},"end":{"line":34,"column":38}},"5":{"start":{"line":36,"column":4},"end":{"line":54,"column":7}},"6":{"start":{"line":38,"column":6},"end":{"line":44,"column":9}},"7":{"start":{"line":47,"column":6},"end":{"line":53,"column":9}},"8":{"start":{"line":56,"column":4},"end":{"line":56,"column":30}},"9":{"start":{"line":60,"column":25},"end":{"line":62,"column":3}},"10":{"start":{"line":61,"column":4},"end":{"line":61,"column":50}},"11":{"start":{"line":64,"column":29},"end":{"line":66,"column":3}},"12":{"start":{"line":65,"column":4},"end":{"line":65,"column":45}},"13":{"start":{"line":68,"column":28},"end":{"line":70,"column":3}},"14":{"start":{"line":69,"column":4},"end":{"line":69,"column":87}},"15":{"start":{"line":72,"column":24},"end":{"line":74,"column":3}},"16":{"start":{"line":73,"column":4},"end":{"line":73,"column":87}},"17":{"start":{"line":76,"column":20},"end":{"line":78,"column":3}},"18":{"start":{"line":77,"column":4},"end":{"line":77,"column":31}},"19":{"start":{"line":81,"column":27},"end":{"line":83,"column":3}},"20":{"start":{"line":82,"column":4},"end":{"line":82,"column":44}},"21":{"start":{"line":86,"column":27},"end":{"line":91,"column":3}},"22":{"start":{"line":87,"column":23},"end":{"line":87,"column":45}},"23":{"start":{"line":88,"column":4},"end":{"line":90,"column":6}},"24":{"start":{"line":89,"column":6},"end":{"line":89,"column":49}},"25":{"start":{"line":94,"column":25},"end":{"line":148,"column":3}},"26":{"start":{"line":95,"column":17},"end":{"line":95,"column":42}},"27":{"start":{"line":96,"column":18},"end":{"line":96,"column":40}},"28":{"start":{"line":97,"column":24},"end":{"line":97,"column":51}},"29":{"start":{"line":98,"column":28},"end":{"line":98,"column":59}},"30":{"start":{"line":100,"column":22},"end":{"line":100,"column":93}},"31":{"start":{"line":103,"column":17},"end":{"line":103,"column":19}},"32":{"start":{"line":106,"column":4},"end":{"line":108,"column":5}},"33":{"start":{"line":106,"column":17},"end":{"line":106,"column":18}},"34":{"start":{"line":107,"column":6},"end":{"line":107,"column":79}},"35":{"start":{"line":111,"column":4},"end":{"line":145,"column":5}},"36":{"start":{"line":111,"column":19},"end":{"line":111,"column":20}},"37":{"start":{"line":112,"column":19},"end":{"line":112,"column":45}},"38":{"start":{"line":113,"column":25},"end":{"line":113,"column":47}},"39":{"start":{"line":114,"column":21},"end":{"line":114,"column":43}},"40":{"start":{"line":116,"column":22},"end":{"line":116,"column":65}},"41":{"start":{"line":118,"column":6},"end":{"line":144,"column":8}},"42":{"start":{"line":127,"column":16},"end":{"line":139,"column":22}},"43":{"start":{"line":147,"column":4},"end":{"line":147,"column":16}},"44":{"start":{"line":150,"column":2},"end":{"line":200,"column":4}}},"fnMap":{"0":{"name":"(anonymous_0)","decl":{"start":{"line":28,"column":42},"end":{"line":28,"column":43}},"loc":{"start":{"line":28,"column":60},"end":{"line":201,"column":1}},"line":28},"1":{"name":"(anonymous_1)","decl":{"start":{"line":33,"column":12},"end":{"line":33,"column":13}},"loc":{"start":{"line":33,"column":18},"end":{"line":57,"column":3}},"line":33},"2":{"name":"(anonymous_2)","decl":{"start":{"line":36,"column":21},"end":{"line":36,"column":22}},"loc":{"start":{"line":36,"column":32},"end":{"line":54,"column":5}},"line":36},"3":{"name":"(anonymous_3)","decl":{"start":{"line":60,"column":25},"end":{"line":60,"column":26}},"loc":{"start":{"line":60,"column":66},"end":{"line":62,"column":3}},"line":60},"4":{"name":"(anonymous_4)","decl":{"start":{"line":64,"column":29},"end":{"line":64,"column":30}},"loc":{"start":{"line":64,"column":70},"end":{"line":66,"column":3}},"line":64},"5":{"name":"(anonymous_5)","decl":{"start":{"line":68,"column":28},"end":{"line":68,"column":29}},"loc":{"start":{"line":68,"column":34},"end":{"line":70,"column":3}},"line":68},"6":{"name":"(anonymous_6)","decl":{"start":{"line":72,"column":24},"end":{"line":72,"column":25}},"loc":{"start":{"line":72,"column":30},"end":{"line":74,"column":3}},"line":72},"7":{"name":"(anonymous_7)","decl":{"start":{"line":76,"column":20},"end":{"line":76,"column":21}},"loc":{"start":{"line":76,"column":26},"end":{"line":78,"column":3}},"line":76},"8":{"name":"(anonymous_8)","decl":{"start":{"line":81,"column":27},"end":{"line":81,"column":28}},"loc":{"start":{"line":81,"column":51},"end":{"line":83,"column":3}},"line":81},"9":{"name":"(anonymous_9)","decl":{"start":{"line":86,"column":27},"end":{"line":86,"column":28}},"loc":{"start":{"line":86,"column":60},"end":{"line":91,"column":3}},"line":86},"10":{"name":"(anonymous_10)","decl":{"start":{"line":88,"column":33},"end":{"line":88,"column":34}},"loc":{"start":{"line":89,"column":6},"end":{"line":89,"column":49}},"line":89},"11":{"name":"(anonymous_11)","decl":{"start":{"line":94,"column":25},"end":{"line":94,"column":26}},"loc":{"start":{"line":94,"column":31},"end":{"line":148,"column":3}},"line":94},"12":{"name":"(anonymous_12)","decl":{"start":{"line":126,"column":26},"end":{"line":126,"column":27}},"loc":{"start":{"line":127,"column":16},"end":{"line":139,"column":22}},"line":127}},"branchMap":{"0":{"loc":{"start":{"line":121,"column":37},"end":{"line":121,"column":59}},"type":"cond-expr","locations":[{"start":{"line":121,"column":47},"end":{"line":121,"column":54}},{"start":{"line":121,"column":57},"end":{"line":121,"column":59}}],"line":121},"1":{"loc":{"start":{"line":121,"column":63},"end":{"line":121,"column":100}},"type":"cond-expr","locations":[{"start":{"line":121,"column":83},"end":{"line":121,"column":95}},{"start":{"line":121,"column":98},"end":{"line":121,"column":100}}],"line":121},"2":{"loc":{"start":{"line":124,"column":11},"end":{"line":142,"column":11}},"type":"binary-expr","locations":[{"start":{"line":124,"column":11},"end":{"line":124,"column":28}},{"start":{"line":125,"column":12},"end":{"line":141,"column":18}}],"line":124},"3":{"loc":{"start":{"line":129,"column":48},"end":{"line":129,"column":100}},"type":"cond-expr","locations":[{"start":{"line":129,"column":73},"end":{"line":129,"column":86}},{"start":{"line":129,"column":89},"end":{"line":129,"column":100}}],"line":129},"4":{"loc":{"start":{"line":130,"column":44},"end":{"line":130,"column":84}},"type":"cond-expr","locations":[{"start":{"line":130,"column":69},"end":{"line":130,"column":76}},{"start":{"line":130,"column":79},"end":{"line":130,"column":84}}],"line":130},"5":{"loc":{"start":{"line":132,"column":79},"end":{"line":132,"column":115}},"type":"cond-expr","locations":[{"start":{"line":132,"column":105},"end":{"line":132,"column":110}},{"start":{"line":132,"column":113},"end":{"line":132,"column":115}}],"line":132},"6":{"loc":{"start":{"line":134,"column":24},"end":{"line":134,"column":70}},"type":"cond-expr","locations":[{"start":{"line":134,"column":49},"end":{"line":134,"column":58}},{"start":{"line":134,"column":61},"end":{"line":134,"column":70}}],"line":134},"7":{"loc":{"start":{"line":137,"column":21},"end":{"line":137,"column":61}},"type":"cond-expr","locations":[{"start":{"line":137,"column":46},"end":{"line":137,"column":53}},{"start":{"line":137,"column":56},"end":{"line":137,"column":61}}],"line":137}},"s":{"0":2,"1":12,"2":12,"3":12,"4":5,"5":5,"6":4,"7":4,"8":5,"9":12,"10":12,"11":12,"12":12,"13":12,"14":1,"15":12,"16":1,"17":12,"18":0,"19":12,"20":1323,"21":12,"22":361,"23":361,"24":240,"25":12,"26":12,"27":12,"28":12,"29":12,"30":12,"31":12,"32":12,"33":12,"34":38,"35":12,"36":12,"37":361,"38":361,"39":361,"40":361,"41":361,"42":0,"43":12,"44":12},"f":{"0":12,"1":5,"2":4,"3":12,"4":12,"5":1,"6":1,"7":0,"8":1323,"9":361,"10":240,"11":12,"12":0},"b":{"0":[11,350],"1":[0,361],"2":[361,0],"3":[0,0],"4":[0,0],"5":[0,0],"6":[0,0],"7":[0,0]},"_coverageSchema":"1a1c01bbd47fc00a2c39e90264f33305004495a9","hash":"26cf4afd92e67358c72e6f7785058b68098cd4e2"}
,"C:\\Users\\Sonto\\Downloads\\sdapp\\FrontEnd\\research-nexus\\src\\components\\dashboard\\Dashboard.tsx": {"path":"C:\\Users\\Sonto\\Downloads\\sdapp\\FrontEnd\\research-nexus\\src\\components\\dashboard\\Dashboard.tsx","statementMap":{"0":{"start":{"line":38,"column":28},"end":{"line":490,"column":1}},"1":{"start":{"line":39,"column":27},"end":{"line":39,"column":50}},"2":{"start":{"line":40,"column":19},"end":{"line":40,"column":32}},"3":{"start":{"line":41,"column":36},"end":{"line":41,"column":64}},"4":{"start":{"line":42,"column":34},"end":{"line":42,"column":57}},"5":{"start":{"line":43,"column":44},"end":{"line":43,"column":72}},"6":{"start":{"line":44,"column":36},"end":{"line":44,"column":59}},"7":{"start":{"line":45,"column":28},"end":{"line":45,"column":48}},"8":{"start":{"line":47,"column":2},"end":{"line":87,"column":9}},"9":{"start":{"line":48,"column":31},"end":{"line":84,"column":5}},"10":{"start":{"line":49,"column":6},"end":{"line":49,"column":25}},"11":{"start":{"line":50,"column":6},"end":{"line":83,"column":7}},"12":{"start":{"line":51,"column":34},"end":{"line":53,"column":11}},"13":{"start":{"line":55,"column":9},"end":{"line":59,"column":10}},"14":{"start":{"line":56,"column":11},"end":{"line":56,"column":45}},"15":{"start":{"line":58,"column":11},"end":{"line":58,"column":83}},"16":{"start":{"line":60,"column":8},"end":{"line":77,"column":9}},"17":{"start":{"line":61,"column":25},"end":{"line":61,"column":33}},"18":{"start":{"line":62,"column":27},"end":{"line":62,"column":96}},"19":{"start":{"line":63,"column":34},"end":{"line":70,"column":16}},"20":{"start":{"line":64,"column":44},"end":{"line":69,"column":15}},"21":{"start":{"line":72,"column":10},"end":{"line":72,"column":44}},"22":{"start":{"line":75,"column":10},"end":{"line":75,"column":64}},"23":{"start":{"line":76,"column":10},"end":{"line":76,"column":60}},"24":{"start":{"line":79,"column":8},"end":{"line":79,"column":63}},"25":{"start":{"line":80,"column":8},"end":{"line":80,"column":47}},"26":{"start":{"line":82,"column":8},"end":{"line":82,"column":28}},"27":{"start":{"line":86,"column":4},"end":{"line":86,"column":25}},"28":{"start":{"line":89,"column":23},"end":{"line":92,"column":3}},"29":{"start":{"line":90,"column":4},"end":{"line":90,"column":13}},"30":{"start":{"line":91,"column":4},"end":{"line":91,"column":23}},"31":{"start":{"line":94,"column":32},"end":{"line":100,"column":3}},"32":{"start":{"line":95,"column":4},"end":{"line":99,"column":5}},"33":{"start":{"line":96,"column":6},"end":{"line":96,"column":23}},"34":{"start":{"line":98,"column":6},"end":{"line":98,"column":23}},"35":{"start":{"line":102,"column":28},"end":{"line":107,"column":3}},"36":{"start":{"line":103,"column":17},"end":{"line":103,"column":27}},"37":{"start":{"line":104,"column":4},"end":{"line":104,"column":61}},"38":{"start":{"line":104,"column":31},"end":{"line":104,"column":61}},"39":{"start":{"line":105,"column":4},"end":{"line":105,"column":57}},"40":{"start":{"line":105,"column":29},"end":{"line":105,"column":57}},"41":{"start":{"line":106,"column":4},"end":{"line":106,"column":51}},"42":{"start":{"line":106,"column":26},"end":{"line":106,"column":51}},"43":{"start":{"line":109,"column":33},"end":{"line":120,"column":3}},"44":{"start":{"line":110,"column":4},"end":{"line":119,"column":5}},"45":{"start":{"line":112,"column":8},"end":{"line":112,"column":22}},"46":{"start":{"line":114,"column":8},"end":{"line":114,"column":25}},"47":{"start":{"line":116,"column":8},"end":{"line":116,"column":25}},"48":{"start":{"line":118,"column":8},"end":{"line":118,"column":25}},"49":{"start":{"line":122,"column":21},"end":{"line":125,"column":3}},"50":{"start":{"line":123,"column":48},"end":{"line":123,"column":98}},"51":{"start":{"line":124,"column":4},"end":{"line":124,"column":71}},"52":{"start":{"line":127,"column":29},"end":{"line":133,"column":3}},"53":{"start":{"line":128,"column":17},"end":{"line":128,"column":37}},"54":{"start":{"line":129,"column":4},"end":{"line":132,"column":6}},"55":{"start":{"line":136,"column":31},"end":{"line":160,"column":3}},"56":{"start":{"line":137,"column":16},"end":{"line":137,"column":26}},"57":{"start":{"line":138,"column":29},"end":{"line":144,"column":18}},"58":{"start":{"line":140,"column":24},"end":{"line":140,"column":50}},"59":{"start":{"line":141,"column":8},"end":{"line":141,"column":30}},"60":{"start":{"line":143,"column":22},"end":{"line":143,"column":85}},"61":{"start":{"line":147,"column":4},"end":{"line":157,"column":5}},"62":{"start":{"line":148,"column":27},"end":{"line":154,"column":46}},"63":{"start":{"line":150,"column":26},"end":{"line":150,"column":52}},"64":{"start":{"line":151,"column":10},"end":{"line":151,"column":31}},"65":{"start":{"line":153,"column":24},"end":{"line":153,"column":87}},"66":{"start":{"line":156,"column":6},"end":{"line":156,"column":52}},"67":{"start":{"line":159,"column":4},"end":{"line":159,"column":28}},"68":{"start":{"line":162,"column":2},"end":{"line":173,"column":3}},"69":{"start":{"line":163,"column":4},"end":{"line":172,"column":6}},"70":{"start":{"line":175,"column":2},"end":{"line":183,"column":3}},"71":{"start":{"line":176,"column":4},"end":{"line":182,"column":6}},"72":{"start":{"line":185,"column":28},"end":{"line":185,"column":50}},"73":{"start":{"line":187,"column":2},"end":{"line":489,"column":4}},"74":{"start":{"line":210,"column":27},"end":{"line":210,"column":51}},"75":{"start":{"line":216,"column":27},"end":{"line":216,"column":56}},"76":{"start":{"line":222,"column":27},"end":{"line":222,"column":51}},"77":{"start":{"line":228,"column":27},"end":{"line":228,"column":51}},"78":{"start":{"line":234,"column":27},"end":{"line":234,"column":51}},"79":{"start":{"line":305,"column":20},"end":{"line":357,"column":27}},"80":{"start":{"line":372,"column":24},"end":{"line":378,"column":30}},"81":{"start":{"line":396,"column":37},"end":{"line":396,"column":73}},"82":{"start":{"line":397,"column":47},"end":{"line":397,"column":86}},"83":{"start":{"line":399,"column":24},"end":{"line":412,"column":26}},"84":{"start":{"line":444,"column":37},"end":{"line":444,"column":73}},"85":{"start":{"line":445,"column":47},"end":{"line":445,"column":86}},"86":{"start":{"line":447,"column":24},"end":{"line":460,"column":26}},"87":{"start":{"line":471,"column":61},"end":{"line":471,"column":82}}},"fnMap":{"0":{"name":"(anonymous_0)","decl":{"start":{"line":38,"column":28},"end":{"line":38,"column":29}},"loc":{"start":{"line":38,"column":34},"end":{"line":490,"column":1}},"line":38},"1":{"name":"(anonymous_1)","decl":{"start":{"line":47,"column":12},"end":{"line":47,"column":13}},"loc":{"start":{"line":47,"column":18},"end":{"line":87,"column":3}},"line":47},"2":{"name":"(anonymous_2)","decl":{"start":{"line":48,"column":31},"end":{"line":48,"column":32}},"loc":{"start":{"line":48,"column":43},"end":{"line":84,"column":5}},"line":48},"3":{"name":"(anonymous_3)","decl":{"start":{"line":64,"column":32},"end":{"line":64,"column":33}},"loc":{"start":{"line":64,"column":44},"end":{"line":69,"column":15}},"line":64},"4":{"name":"(anonymous_4)","decl":{"start":{"line":89,"column":23},"end":{"line":89,"column":24}},"loc":{"start":{"line":89,"column":29},"end":{"line":92,"column":3}},"line":89},"5":{"name":"(anonymous_5)","decl":{"start":{"line":94,"column":32},"end":{"line":94,"column":33}},"loc":{"start":{"line":94,"column":54},"end":{"line":100,"column":3}},"line":94},"6":{"name":"(anonymous_6)","decl":{"start":{"line":102,"column":28},"end":{"line":102,"column":29}},"loc":{"start":{"line":102,"column":34},"end":{"line":107,"column":3}},"line":102},"7":{"name":"(anonymous_7)","decl":{"start":{"line":109,"column":33},"end":{"line":109,"column":34}},"loc":{"start":{"line":109,"column":51},"end":{"line":120,"column":3}},"line":109},"8":{"name":"(anonymous_8)","decl":{"start":{"line":122,"column":21},"end":{"line":122,"column":22}},"loc":{"start":{"line":122,"column":53},"end":{"line":125,"column":3}},"line":122},"9":{"name":"(anonymous_9)","decl":{"start":{"line":127,"column":29},"end":{"line":127,"column":30}},"loc":{"start":{"line":127,"column":83},"end":{"line":133,"column":3}},"line":127},"10":{"name":"(anonymous_10)","decl":{"start":{"line":136,"column":31},"end":{"line":136,"column":32}},"loc":{"start":{"line":136,"column":37},"end":{"line":160,"column":3}},"line":136},"11":{"name":"(anonymous_11)","decl":{"start":{"line":139,"column":14},"end":{"line":139,"column":15}},"loc":{"start":{"line":139,"column":25},"end":{"line":142,"column":7}},"line":139},"12":{"name":"(anonymous_12)","decl":{"start":{"line":143,"column":12},"end":{"line":143,"column":13}},"loc":{"start":{"line":143,"column":22},"end":{"line":143,"column":85}},"line":143},"13":{"name":"(anonymous_13)","decl":{"start":{"line":149,"column":16},"end":{"line":149,"column":17}},"loc":{"start":{"line":149,"column":27},"end":{"line":152,"column":9}},"line":149},"14":{"name":"(anonymous_14)","decl":{"start":{"line":153,"column":14},"end":{"line":153,"column":15}},"loc":{"start":{"line":153,"column":24},"end":{"line":153,"column":87}},"line":153},"15":{"name":"(anonymous_15)","decl":{"start":{"line":210,"column":21},"end":{"line":210,"column":22}},"loc":{"start":{"line":210,"column":27},"end":{"line":210,"column":51}},"line":210},"16":{"name":"(anonymous_16)","decl":{"start":{"line":216,"column":21},"end":{"line":216,"column":22}},"loc":{"start":{"line":216,"column":27},"end":{"line":216,"column":56}},"line":216},"17":{"name":"(anonymous_17)","decl":{"start":{"line":222,"column":21},"end":{"line":222,"column":22}},"loc":{"start":{"line":222,"column":27},"end":{"line":222,"column":51}},"line":222},"18":{"name":"(anonymous_18)","decl":{"start":{"line":228,"column":21},"end":{"line":228,"column":22}},"loc":{"start":{"line":228,"column":27},"end":{"line":228,"column":51}},"line":228},"19":{"name":"(anonymous_19)","decl":{"start":{"line":234,"column":21},"end":{"line":234,"column":22}},"loc":{"start":{"line":234,"column":27},"end":{"line":234,"column":51}},"line":234},"20":{"name":"(anonymous_20)","decl":{"start":{"line":304,"column":31},"end":{"line":304,"column":32}},"loc":{"start":{"line":305,"column":20},"end":{"line":357,"column":27}},"line":305},"21":{"name":"(anonymous_21)","decl":{"start":{"line":371,"column":41},"end":{"line":371,"column":42}},"loc":{"start":{"line":372,"column":24},"end":{"line":378,"column":30}},"line":372},"22":{"name":"(anonymous_22)","decl":{"start":{"line":395,"column":44},"end":{"line":395,"column":45}},"loc":{"start":{"line":395,"column":55},"end":{"line":413,"column":23}},"line":395},"23":{"name":"(anonymous_23)","decl":{"start":{"line":443,"column":45},"end":{"line":443,"column":46}},"loc":{"start":{"line":443,"column":56},"end":{"line":461,"column":23}},"line":443},"24":{"name":"(anonymous_24)","decl":{"start":{"line":471,"column":55},"end":{"line":471,"column":56}},"loc":{"start":{"line":471,"column":61},"end":{"line":471,"column":82}},"line":471}},"branchMap":{"0":{"loc":{"start":{"line":55,"column":9},"end":{"line":59,"column":10}},"type":"if","locations":[{"start":{"line":55,"column":9},"end":{"line":59,"column":10}},{"start":{"line":57,"column":16},"end":{"line":59,"column":10}}],"line":55},"1":{"loc":{"start":{"line":63,"column":34},"end":{"line":70,"column":16}},"type":"cond-expr","locations":[{"start":{"line":64,"column":14},"end":{"line":69,"column":17}},{"start":{"line":70,"column":14},"end":{"line":70,"column":16}}],"line":63},"2":{"loc":{"start":{"line":67,"column":22},"end":{"line":67,"column":42}},"type":"binary-expr","locations":[{"start":{"line":67,"column":22},"end":{"line":67,"column":32}},{"start":{"line":67,"column":36},"end":{"line":67,"column":42}}],"line":67},"3":{"loc":{"start":{"line":68,"column":31},"end":{"line":68,"column":60}},"type":"binary-expr","locations":[{"start":{"line":68,"column":31},"end":{"line":68,"column":41}},{"start":{"line":68,"column":45},"end":{"line":68,"column":60}}],"line":68},"4":{"loc":{"start":{"line":95,"column":4},"end":{"line":99,"column":5}},"type":"if","locations":[{"start":{"line":95,"column":4},"end":{"line":99,"column":5}},{"start":{"line":97,"column":11},"end":{"line":99,"column":5}}],"line":95},"5":{"loc":{"start":{"line":104,"column":4},"end":{"line":104,"column":61}},"type":"if","locations":[{"start":{"line":104,"column":4},"end":{"line":104,"column":61}},{"start":{},"end":{}}],"line":104},"6":{"loc":{"start":{"line":105,"column":4},"end":{"line":105,"column":57}},"type":"if","locations":[{"start":{"line":105,"column":4},"end":{"line":105,"column":57}},{"start":{},"end":{}}],"line":105},"7":{"loc":{"start":{"line":106,"column":4},"end":{"line":106,"column":51}},"type":"if","locations":[{"start":{"line":106,"column":4},"end":{"line":106,"column":51}},{"start":{},"end":{}}],"line":106},"8":{"loc":{"start":{"line":110,"column":4},"end":{"line":119,"column":5}},"type":"switch","locations":[{"start":{"line":111,"column":6},"end":{"line":112,"column":22}},{"start":{"line":113,"column":6},"end":{"line":114,"column":25}},{"start":{"line":115,"column":6},"end":{"line":116,"column":25}},{"start":{"line":117,"column":6},"end":{"line":118,"column":25}}],"line":110},"9":{"loc":{"start":{"line":147,"column":4},"end":{"line":157,"column":5}},"type":"if","locations":[{"start":{"line":147,"column":4},"end":{"line":157,"column":5}},{"start":{},"end":{}}],"line":147},"10":{"loc":{"start":{"line":162,"column":2},"end":{"line":173,"column":3}},"type":"if","locations":[{"start":{"line":162,"column":2},"end":{"line":173,"column":3}},{"start":{},"end":{}}],"line":162},"11":{"loc":{"start":{"line":175,"column":2},"end":{"line":183,"column":3}},"type":"if","locations":[{"start":{"line":175,"column":2},"end":{"line":183,"column":3}},{"start":{},"end":{}}],"line":175},"12":{"loc":{"start":{"line":196,"column":13},"end":{"line":202,"column":13}},"type":"cond-expr","locations":[{"start":{"line":197,"column":14},"end":{"line":197,"column":80}},{"start":{"line":199,"column":14},"end":{"line":201,"column":20}}],"line":196},"13":{"loc":{"start":{"line":200,"column":17},"end":{"line":200,"column":45}},"type":"binary-expr","locations":[{"start":{"line":200,"column":17},"end":{"line":200,"column":38}},{"start":{"line":200,"column":42},"end":{"line":200,"column":45}}],"line":200},"14":{"loc":{"start":{"line":209,"column":23},"end":{"line":209,"column":63}},"type":"cond-expr","locations":[{"start":{"line":209,"column":50},"end":{"line":209,"column":58}},{"start":{"line":209,"column":61},"end":{"line":209,"column":63}}],"line":209},"15":{"loc":{"start":{"line":215,"column":23},"end":{"line":215,"column":68}},"type":"cond-expr","locations":[{"start":{"line":215,"column":55},"end":{"line":215,"column":63}},{"start":{"line":215,"column":66},"end":{"line":215,"column":68}}],"line":215},"16":{"loc":{"start":{"line":221,"column":23},"end":{"line":221,"column":63}},"type":"cond-expr","locations":[{"start":{"line":221,"column":50},"end":{"line":221,"column":58}},{"start":{"line":221,"column":61},"end":{"line":221,"column":63}}],"line":221},"17":{"loc":{"start":{"line":227,"column":23},"end":{"line":227,"column":63}},"type":"cond-expr","locations":[{"start":{"line":227,"column":50},"end":{"line":227,"column":58}},{"start":{"line":227,"column":61},"end":{"line":227,"column":63}}],"line":227},"18":{"loc":{"start":{"line":233,"column":23},"end":{"line":233,"column":63}},"type":"cond-expr","locations":[{"start":{"line":233,"column":50},"end":{"line":233,"column":58}},{"start":{"line":233,"column":61},"end":{"line":233,"column":63}}],"line":233},"19":{"loc":{"start":{"line":258,"column":9},"end":{"line":420,"column":9}},"type":"binary-expr","locations":[{"start":{"line":258,"column":9},"end":{"line":258,"column":33}},{"start":{"line":259,"column":10},"end":{"line":419,"column":22}}],"line":258},"20":{"loc":{"start":{"line":288,"column":17},"end":{"line":359,"column":17}},"type":"cond-expr","locations":[{"start":{"line":289,"column":18},"end":{"line":302,"column":25}},{"start":{"line":304,"column":18},"end":{"line":358,"column":20}}],"line":288},"21":{"loc":{"start":{"line":311,"column":31},"end":{"line":313,"column":31}},"type":"binary-expr","locations":[{"start":{"line":311,"column":31},"end":{"line":311,"column":59}},{"start":{"line":312,"column":32},"end":{"line":312,"column":81}}],"line":311},"22":{"loc":{"start":{"line":317,"column":31},"end":{"line":319,"column":53}},"type":"cond-expr","locations":[{"start":{"line":318,"column":34},"end":{"line":318,"column":79}},{"start":{"line":319,"column":34},"end":{"line":319,"column":53}}],"line":317},"23":{"loc":{"start":{"line":324,"column":33},"end":{"line":324,"column":115}},"type":"cond-expr","locations":[{"start":{"line":324,"column":64},"end":{"line":324,"column":87}},{"start":{"line":324,"column":90},"end":{"line":324,"column":115}}],"line":324},"24":{"loc":{"start":{"line":330,"column":29},"end":{"line":337,"column":29}},"type":"binary-expr","locations":[{"start":{"line":330,"column":29},"end":{"line":330,"column":54}},{"start":{"line":331,"column":30},"end":{"line":
[...]
,"column":53}},"6":{"start":{"line":37,"column":19},"end":{"line":37,"column":32}},"7":{"start":{"line":38,"column":42},"end":{"line":38,"column":69}},"8":{"start":{"line":39,"column":44},"end":{"line":39,"column":59}},"9":{"start":{"line":40,"column":40},"end":{"line":40,"column":60}},"10":{"start":{"line":43,"column":2},"end":{"line":48,"column":17}},"11":{"start":{"line":44,"column":4},"end":{"line":46,"column":5}},"12":{"start":{"line":45,"column":6},"end":{"line":45,"column":22}},"13":{"start":{"line":47,"column":4},"end":{"line":47,"column":26}},"14":{"start":{"line":50,"column":2},"end":{"line":52,"column":17}},"15":{"start":{"line":51,"column":4},"end":{"line":51,"column":21}},"16":{"start":{"line":56,"column":28},"end":{"line":63,"column":1}},"17":{"start":{"line":57,"column":2},"end":{"line":62,"column":3}},"18":{"start":{"line":58,"column":21},"end":{"line":58,"column":90}},"19":{"start":{"line":59,"column":4},"end":{"line":59,"column":40}},"20":{"start":{"line":61,"column":4},"end":{"line":61,"column":60}},"21":{"start":{"line":66,"column":24},"end":{"line":74,"column":3}},"22":{"start":{"line":67,"column":4},"end":{"line":73,"column":5}},"23":{"start":{"line":68,"column":23},"end":{"line":68,"column":85}},"24":{"start":{"line":69,"column":41},"end":{"line":69,"column":54}},"25":{"start":{"line":70,"column":6},"end":{"line":70,"column":35}},"26":{"start":{"line":72,"column":6},"end":{"line":72,"column":55}},"27":{"start":{"line":76,"column":26},"end":{"line":82,"column":3}},"28":{"start":{"line":77,"column":17},"end":{"line":77,"column":27}},"29":{"start":{"line":78,"column":4},"end":{"line":78,"column":63}},"30":{"start":{"line":78,"column":31},"end":{"line":78,"column":63}},"31":{"start":{"line":79,"column":4},"end":{"line":79,"column":57}},"32":{"start":{"line":79,"column":29},"end":{"line":79,"column":57}},"33":{"start":{"line":80,"column":4},"end":{"line":80,"column":51}},"34":{"start":{"line":80,"column":26},"end":{"line":80,"column":51}},"35":{"start":{"line":81,"column":4},"end":{"line":81,"column":15}},"36":{"start":{"line":84,"column":22},"end":{"line":116,"column":1}},"37":{"start":{"line":85,"column":2},"end":{"line":85,"column":33}},"38":{"start":{"line":85,"column":26},"end":{"line":85,"column":33}},"39":{"start":{"line":87,"column":2},"end":{"line":115,"column":3}},"40":{"start":{"line":88,"column":21},"end":{"line":88,"column":35}},"41":{"start":{"line":89,"column":4},"end":{"line":89,"column":46}},"42":{"start":{"line":90,"column":4},"end":{"line":90,"column":43}},"43":{"start":{"line":91,"column":4},"end":{"line":91,"column":59}},"44":{"start":{"line":91,"column":20},"end":{"line":91,"column":59}},"45":{"start":{"line":92,"column":4},"end":{"line":92,"column":60}},"46":{"start":{"line":92,"column":22},"end":{"line":92,"column":60}},"47":{"start":{"line":93,"column":4},"end":{"line":93,"column":25}},"48":{"start":{"line":94,"column":21},"end":{"line":95,"column":6}},"49":{"start":{"line":97,"column":24},"end":{"line":97,"column":37}},"50":{"start":{"line":100,"column":4},"end":{"line":100,"column":84}},"51":{"start":{"line":102,"column":19},"end":{"line":109,"column":5}},"52":{"start":{"line":110,"column":4},"end":{"line":110,"column":45}},"53":{"start":{"line":110,"column":26},"end":{"line":110,"column":43}},"54":{"start":{"line":111,"column":4},"end":{"line":111,"column":22}},"55":{"start":{"line":112,"column":4},"end":{"line":112,"column":28}},"56":{"start":{"line":114,"column":4},"end":{"line":114,"column":50}},"57":{"start":{"line":119,"column":25},"end":{"line":124,"column":3}},"58":{"start":{"line":120,"column":4},"end":{"line":123,"column":5}},"59":{"start":{"line":121,"column":6},"end":{"line":121,"column":25}},"60":{"start":{"line":122,"column":6},"end":{"line":122,"column":20}},"61":{"start":{"line":126,"column":25},"end":{"line":128,"column":3}},"62":{"start":{"line":127,"column":4},"end":{"line":127,"column":67}},"63":{"start":{"line":130,"column":2},"end":{"line":216,"column":4}},"64":{"start":{"line":151,"column":12},"end":{"line":181,"column":18}},"65":{"start":{"line":190,"column":33},"end":{"line":190,"column":77}},"66":{"start":{"line":199,"column":31},"end":{"line":199,"column":60}},"67":{"start":{"line":204,"column":29},"end":{"line":204,"column":62}},"68":{"start":{"line":204,"column":56},"end":{"line":204,"column":61}}},"fnMap":{"0":{"name":"(anonymous_0)","decl":{"start":{"line":31,"column":42},"end":{"line":31,"column":43}},"loc":{"start":{"line":31,"column":64},"end":{"line":217,"column":1}},"line":31},"1":{"name":"(anonymous_1)","decl":{"start":{"line":43,"column":12},"end":{"line":43,"column":13}},"loc":{"start":{"line":43,"column":18},"end":{"line":48,"column":3}},"line":43},"2":{"name":"(anonymous_2)","decl":{"start":{"line":50,"column":12},"end":{"line":50,"column":13}},"loc":{"start":{"line":50,"column":18},"end":{"line":52,"column":3}},"line":50},"3":{"name":"(anonymous_3)","decl":{"start":{"line":56,"column":28},"end":{"line":56,"column":29}},"loc":{"start":{"line":56,"column":40},"end":{"line":63,"column":1}},"line":56},"4":{"name":"(anonymous_4)","decl":{"start":{"line":66,"column":24},"end":{"line":66,"column":25}},"loc":{"start":{"line":66,"column":36},"end":{"line":74,"column":3}},"line":66},"5":{"name":"(anonymous_5)","decl":{"start":{"line":76,"column":26},"end":{"line":76,"column":27}},"loc":{"start":{"line":76,"column":32},"end":{"line":82,"column":3}},"line":76},"6":{"name":"(anonymous_6)","decl":{"start":{"line":84,"column":22},"end":{"line":84,"column":23}},"loc":{"start":{"line":84,"column":34},"end":{"line":116,"column":1}},"line":84},"7":{"name":"(anonymous_7)","decl":{"start":{"line":110,"column":16},"end":{"line":110,"column":17}},"loc":{"start":{"line":110,"column":26},"end":{"line":110,"column":43}},"line":110},"8":{"name":"(anonymous_8)","decl":{"start":{"line":119,"column":25},"end":{"line":119,"column":26}},"loc":{"start":{"line":119,"column":71},"end":{"line":124,"column":3}},"line":119},"9":{"name":"(anonymous_9)","decl":{"start":{"line":126,"column":25},"end":{"line":126,"column":26}},"loc":{"start":{"line":126,"column":31},"end":{"line":128,"column":3}},"line":126},"10":{"name":"(anonymous_10)","decl":{"start":{"line":150,"column":24},"end":{"line":150,"column":25}},"loc":{"start":{"line":151,"column":12},"end":{"line":181,"column":18}},"line":151},"11":{"name":"(anonymous_11)","decl":{"start":{"line":190,"column":26},"end":{"line":190,"column":27}},"loc":{"start":{"line":190,"column":33},"end":{"line":190,"column":77}},"line":190},"12":{"name":"(anonymous_12)","decl":{"start":{"line":199,"column":24},"end":{"line":199,"column":25}},"loc":{"start":{"line":199,"column":31},"end":{"line":199,"column":60}},"line":199},"13":{"name":"(anonymous_13)","decl":{"start":{"line":204,"column":23},"end":{"line":204,"column":24}},"loc":{"start":{"line":204,"column":29},"end":{"line":204,"column":62}},"line":204},"14":{"name":"(anonymous_14)","decl":{"start":{"line":204,"column":46},"end":{"line":204,"column":47}},"loc":{"start":{"line":204,"column":56},"end":{"line":204,"column":61}},"line":204}},"branchMap":{"0":{"loc":{"start":{"line":44,"column":4},"end":{"line":46,"column":5}},"type":"if","locations":[{"start":{"line":44,"column":4},"end":{"line":46,"column":5}},{"start":{},"end":{}}],"line":44},"1":{"loc":{"start":{"line":78,"column":4},"end":{"line":78,"column":63}},"type":"if","locations":[{"start":{"line":78,"column":4},"end":{"line":78,"column":63}},{"start":{},"end":{}}],"line":78},"2":{"loc":{"start":{"line":79,"column":4},"end":{"line":79,"column":57}},"type":"if","locations":[{"start":{"line":79,"column":4},"end":{"line":79,"column":57}},{"start":{},"end":{}}],"line":79},"3":{"loc":{"start":{"line":80,"column":4},"end":{"line":80,"column":51}},"type":"if","locations":[{"start":{"line":80,"column":4},"end":{"line":80,"column":51}},{"start":{},"end":{}}],"line":80},"4":{"loc":{"start":{"line":85,"column":2},"end":{"line":85,"column":33}},"type":"if","locations":[{"start":{"line":85,"column":2},"end":{"line":85,"column":33}},{"start":{},"end":{}}],"line":85},"5":{"loc":{"start":{"line":89,"column":30},"end":{"line":89,"column":44}},"type":"binary-expr","locations":[{"start":{"line":89,"column":30},"end":{"line":89,"column":38}},{"start":{"line":89,"column":42},"end":{"line":89,"column":44}}],"line":89},"6":{"loc":{"start":{"line":90,"column":33},"end":{"line":90,"column":41}},"type":"binary-expr","locations":[{"start":{"line":90,"column":33},"end":{"line":90,"column":35}},{"start":{"line":90,"column":39},"end":{"line":90,"column":41}}],"line":90},"7":{"loc":{"start":{"line":91,"column":4},"end":{"line":91,"column":59}},"type":"if","locations":[{"start":{"line":91,"column":4},"end":{"line":91,"column":59}},{"start":{},"end":{}}],"line":91},"8":{"loc":{"start":{"line":92,"column":4},"end":{"line":92,"column":60}},"type":"if","locations":[{"start":{"line":92,"column":4},"end":{"line":92,"column":60}},{"start":{},"end":{}}],"line":92},"9":{"loc":{"start":{"line":120,"column":4},"end":{"line":123,"column":5}},"type":"if","locations":[{"start":{"line":120,"column":4},"end":{"line":123,"column":5}},{"start":{},"end":{}}],"line":120},"10":{"loc":{"start":{"line":144,"column":23},"end":{"line":144,"column":58}},"type":"binary-expr","locations":[{"start":{"line":144,"column":23},"end":{"line":144,"column":34}},{"start":{"line":144,"column":38},"end":{"line":144,"column":58}}],"line":144},"11":{"loc":{"start":{"line":153,"column":41},"end":{"line":153,"column":90}},"type":"cond-expr","locations":[{"start":{"line":153,"column":71},"end":{"line":153,"column":77}},{"start":{"line":153,"column":80},"end":{"line":153,"column":90}}],"line":153},"12":{"loc":{"start":{"line":158,"column":23},"end":{"line":158,"column":74}},"type":"cond-expr","locations":[{"start":{"line":158,"column":53},"end":{"line":158,"column":62}},{"start":{"line":158,"column":65},"end":{"line":158,"column":74}}],"line":158},"13":{"loc":{"start":{"line":165,"column":15},"end":{"line":169,"column":15}},"type":"binary-expr","locations":[{"start":{"line":165,"column":15},"end":{"line":165,"column":23}},{"start":{"line":166,"column":16},"end":{"line":168,"column":20}}],"line":165},"14":{"loc":{"start":{"line":175,"column":17},"end":{"line":179,"column":17}},"type":"binary-expr","locations":[{"start":{"line":175,"column":17},"end":{"line":175,"column":44}},{"start":{"line":176,"column":18},"end":{"line":178,"column":25}}],"line":175},"15":{"loc":{"start":{"line":177,"column":21},"end":{"line":177,"column":45}},"type":"cond-expr","locations":[{"start":{"line":177,"column":32},"end":{"line":177,"column":38}},{"start":{"line":177,"column":41},"end":{"line":177,"column":45}}],"line":177},"16":{"loc":{"start":{"line":186,"column":11},"end":{"line":193,"column":11}},"type":"binary-expr","locations":[{"start":{"line":186,"column":11},"end":{"line":186,"column":24}},{"start":{"line":187,"column":12},"end":{"line":192,"column":18}}],"line":186},"17":{"loc":{"start":{"line":190,"column":49},"end":{"line":190,"column":76}},"type":"binary-expr","locations":[{"start":{"line":190,"column":49},"end":{"line":190,"column":68}},{"start":{"line":190,"column":72},"end":{"line":190,"column":76}}],"line":190}},"s":{"0":1,"1":6,"2":6,"3":6,"4":6,"5":6,"6":6,"7":6,"8":6,"9":6,"10":6,"11":2,"12":2,"13":2,"14":6,"15":5,"16":6,"17":2,"18":2,"19":2,"20":2,"21":6,"22":2,"23":2,"24":2,"25":2,"26":0,"27":6,"28":6,"29":6,"30":6,"31":0,"32":0,"33":0,"34":0,"35":0,"36":6,"37":1,"38":0,"39":1,"40":1,"41":1,"42":1,"43":1,"44":1,"45":1,"46":0,"47":1,"48":1,"49":1,"50":1,"51":1,"52":1,"53":1,"54":1,"55":1,"56":0,"57":6,"58":0,"59":0,"60":0,"61":6,"62":5,"63":6,"64":5,"65":0,"66":1,"67":0,"68":0},"f":{"0":6,"1":2,"2":5,"3":2,"4":2,"5":6,"6":1,"7":1,"8":0,"9":5,"10":5,"11":0,"12":1,"13":0,"14":0},"b":{"0":[2,0],"1":[6,0],"2":[0,0],"3":[0,0],"4":[0,1],"5":[1,0],"6":[1,0],"7":[1,0],"8":[0,1],"9":[0,0],"10":[6,6],"11":[1,4],"12":[1,4],"13":[5,0],"14":[5,1],"15":[0,1],"16":[6,0],"17":[0,0]},"_coverageSchema":"1a1c01bbd47fc00a2c39e90264f33305004495a9","hash":"411a7294c55d97fb3dbe3277ce830627b3f218e6"}
,"C:\\Users\\Sonto\\Downloads\\sdapp\\FrontEnd\\research-nexus\\src\\pages\\Messages.tsx": {"path":"C:\\Users\\Sonto\\Downloads\\sdapp\\FrontEnd\\research-nexus\\src\\pages\\Messages.tsx","statementMap":{"0":{"start":{"line":40,"column":42},"end":{"line":215,"column":1}},"1":{"start":{"line":41,"column":19},"end":{"line":41,"column":42}},"2":{"start":{"line":42,"column":32},"end":{"line":42,"column":54}},"3":{"start":{"line":43,"column":32},"end":{"line":43,"column":46}},"4":{"start":{"line":44,"column":19},"end":{"line":44,"column":32}},"5":{"start":{"line":46,"column":2},"end":{"line":50,"column":17}},"6":{"start":{"line":47,"column":4},"end":{"line":49,"column":5}},"7":{"start":{"line":48,"column":6},"end":{"line":48,"column":21}},"8":{"start":{"line":52,"column":23},"end":{"line":64,"column":3}},"9":{"start":{"line":53,"column":4},"end":{"line":53,"column":21}},"10":{"start":{"line":54,"column":4},"end":{"line":63,"column":5}},"11":{"start":{"line":55,"column":18},"end":{"line":55,"column":92}},"12":{"start":{"line":56,"column":6},"end":{"line":56,"column":48}},"13":{"start":{"line":57,"column":6},"end":{"line":57,"column":27}},"14":{"start":{"line":59,"column":6},"end":{"line":59,"column":52}},"15":{"start":{"line":60,"column":6},"end":{"line":60,"column":21}},"16":{"start":{"line":62,"column":6},"end":{"line":62,"column":24}},"17":{"start":{"line":66,"column":23},"end":{"line":81,"column":3}},"18":{"start":{"line":67,"column":4},"end":{"line":80,"column":5}},"19":{"start":{"line":68,"column":6},"end":{"line":70,"column":9}},"20":{"start":{"line":73,"column":6},"end":{"line":75,"column":9}},"21":{"start":{"line":77,"column":6},"end":{"line":77,"column":21}},"22":{"start":{"line":79,"column":6},"end":{"line":79,"column":52}},"23":{"start":{"line":83,"column":24},"end":{"line":93,"column":3}},"24":{"start":{"line":84,"column":4},"end":{"line":92,"column":5}},"25":{"start":{"line":85,"column":6},"end":{"line":87,"column":9}},"26":{"start":{"line":89,"column":6},"end":{"line":89,"column":21}},"27":{"start":{"line":91,"column":6},"end":{"line":91,"column":52}},"28":{"start":{"line":95,"column":19},"end":{"line":97,"column":3}},"29":{"start":{"line":96,"column":4},"end":{"line":96,"column":35}},"30":{"start":{"line":99,"column":2},"end":{"line":105,"column":3}},"31":{"start":{"line":100,"column":4},"end":{"line":104,"column":6}},"32":{"start":{"line":107,"column":2},"end":{"line":214,"column":4}},"33":{"start":{"line":114,"column":32},"end":{"line":114,"column":75}},"34":{"start":{"line":116,"column":10},"end":{"line":210,"column":12}},"35":{"start":{"line":121,"column":12},"end":{"line":123,"column":13}},"36":{"start":{"line":122,"column":14},"end":{"line":122,"column":43}},"37":{"start":{"line":152,"column":34},"end":{"line":152,"column":53}},"38":{"start":{"line":171,"column":20},"end":{"line":171,"column":40}},"39":{"start":{"line":172,"column":20},"end":{"line":172,"column":65}},"40":{"start":{"line":181,"column":20},"end":{"line":181,"column":40}},"41":{"start":{"line":182,"column":20},"end":{"line":182,"column":46}},"42":{"start":{"line":195,"column":20},"end":{"line":195,"column":40}},"43":{"start":{"line":196,"column":20},"end":{"line":196,"column":49}}},"fnMap":{"0":{"name":"(anonymous_0)","decl":{"start":{"line":40,"column":42},"end":{"line":40,"column":43}},"loc":{"start":{"line":40,"column":48},"end":{"line":215,"column":1}},"line":40},"1":{"name":"(anonymous_1)","decl":{"start":{"line":46,"column":12},"end":{"line":46,"column":13}},"loc":{"start":{"line":46,"column":18},"end":{"line":50,"column":3}},"line":46},"2":{"name":"(anonymous_2)","decl":{"start":{"line":52,"column":23},"end":{"line":52,"column":24}},"loc":{"start":{"line":52,"column":35},"end":{"line":64,"column":3}},"line":52},"3":{"name":"(anonymous_3)","decl":{"start":{"line":66,"column":23},"end":{"line":66,"column":24}},"loc":{"start":{"line":66,"column":70},"end":{"line":81,"column":3}},"line":66},"4":{"name":"(anonymous_4)","decl":{"start":{"line":83,"column":24},"end":{"line":83,"column":25}},"loc":{"start":{"line":83,"column":52},"end":{"line":93,"column":3}},"line":83},"5":{"name":"(anonymous_5)","decl":{"start":{"line":95,"column":19},"end":{"line":95,"column":20}},"loc":{"start":{"line":95,"column":42},"end":{"line":97,"column":3}},"line":95},"6":{"name":"(anonymous_6)","decl":{"start":{"line":113,"column":20},"end":{"line":113,"column":21}},"loc":{"start":{"line":113,"column":32},"end":{"line":211,"column":9}},"line":113},"7":{"name":"(anonymous_7)","decl":{"start":{"line":120,"column":19},"end":{"line":120,"column":20}},"loc":{"start":{"line":120,"column":25},"end":{"line":124,"column":11}},"line":120},"8":{"name":"(anonymous_8)","decl":{"start":{"line":152,"column":27},"end":{"line":152,"column":28}},"loc":{"start":{"line":152,"column":34},"end":{"line":152,"column":53}},"line":152},"9":{"name":"(anonymous_9)","decl":{"start":{"line":170,"column":27},"end":{"line":170,"column":28}},"loc":{"start":{"line":170,"column":34},"end":{"line":173,"column":19}},"line":170},"10":{"name":"(anonymous_10)","decl":{"start":{"line":180,"column":27},"end":{"line":180,"column":28}},"loc":{"start":{"line":180,"column":34},"end":{"line":183,"column":19}},"line":180},"11":{"name":"(anonymous_11)","decl":{"start":{"line":194,"column":27},"end":{"line":194,"column":28}},"loc":{"start":{"line":194,"column":34},"end":{"line":197,"column":19}},"line":194}},"branchMap":{"0":{"loc":{"start":{"line":47,"column":4},"end":{"line":49,"column":5}},"type":"if","locations":[{"start":{"line":47,"column":4},"end":{"line":49,"column":5}},{"start":{},"end":{}}],"line":47},"1":{"loc":{"start":{"line":99,"column":2},"end":{"line":105,"column":3}},"type":"if","locations":[{"start":{"line":99,"column":2},"end":{"line":105,"column":3}},{"start":{},"end":{}}],"line":99},"2":{"loc":{"start":{"line":110,"column":7},"end":{"line":212,"column":7}},"type":"cond-expr","locations":[{"start":{"line":111,"column":8},"end":{"line":111,"column":58}},{"start":{"line":113,"column":8},"end":{"line":211,"column":10}}],"line":110},"3":{"loc":{"start":{"line":119,"column":37},"end":{"line":119,"column":88}},"type":"cond-expr","locations":[{"start":{"line":119,"column":68},"end":{"line":119,"column":83}},{"start":{"line":119,"column":86},"end":{"line":119,"column":88}}],"line":119},"4":{"loc":{"start":{"line":121,"column":12},"end":{"line":123,"column":13}},"type":"if","locations":[{"start":{"line":121,"column":12},"end":{"line":123,"column":13}},{"start":{},"end":{}}],"line":121},"5":{"loc":{"start":{"line":158,"column":31},"end":{"line":158,"column":76}},"type":"binary-expr","locations":[{"start":{"line":158,"column":31},"end":{"line":158,"column":60}},{"start":{"line":158,"column":64},"end":{"line":158,"column":76}}],"line":158},"6":{"loc":{"start":{"line":166,"column":13},"end":{"line":206,"column":13}},"type":"cond-expr","locations":[{"start":{"line":167,"column":14},"end":{"line":187,"column":20}},{"start":{"line":188,"column":16},"end":{"line":206,"column":13}}],"line":166},"7":{"loc":{"start":{"line":188,"column":16},"end":{"line":206,"column":13}},"type":"cond-expr","locations":[{"start":{"line":189,"column":14},"end":{"line":201,"column":20}},{"start":{"line":203,"column":14},"end":{"line":205,"column":20}}],"line":188}},"s":{"0":1,"1":9,"2":9,"3":9,"4":9,"5":9,"6":5,"7":5,"8":9,"9":7,"10":7,"11":7,"12":7,"13":7,"14":0,"15":0,"16":7,"17":9,"18":1,"19":1,"20":1,"21":1,"22":0,"23":9,"24":1,"25":1,"26":1,"27":0,"28":9,"29":0,"30":9,"31":5,"32":4,"33":3,"34":3,"35":0,"36":0,"37":0,"38":1,"39":1,"40":1,"41":1,"42":0,"43":0},"f":{"0":9,"1":5,"2":7,"3":1,"4":1,"5":0,"6":3,"7":0,"8":0,"9":1,"10":1,"11":0},"b":{"0":[5,0],"1":[5,4],"2":[1,3],"3":[3,0],"4":[0,0],"5":[3,0],"6":[3,0],"7":[0,0]},"_coverageSchema":"1a1c01bbd47fc00a2c39e90264f33305004495a9","hash":"f215ca0d99d5a203e73a581c029fc724f17f7d38"}
}
