TN:
SF:src\config.tsx
FNF:0
FNH:0
DA:2,11
LF:1
LH:1
BRF:0
BRH:0
end_of_record
TN:
SF:src\components\CreateProject.tsx
FN:25,CreateProject
FN:69,(anonymous_1)
FN:79,(anonymous_2)
FN:102,(anonymous_3)
FN:133,(anonymous_4)
FN:224,(anonymous_5)
FN:244,(anonymous_6)
FNF:7
FNH:6
FNDA:37,CreateProject
FNDA:23,(anonymous_1)
FNDA:4,(anonymous_2)
FNDA:26,(anonymous_3)
FNDA:0,(anonymous_4)
FNDA:2,(anonymous_5)
FNDA:555,(anonymous_6)
DA:26,37
DA:27,37
DA:28,37
DA:44,37
DA:45,37
DA:46,37
DA:47,37
DA:48,37
DA:51,37
DA:69,37
DA:70,23
DA:71,23
DA:72,23
DA:79,37
DA:80,4
DA:81,4
DA:84,4
DA:85,1
DA:86,1
DA:89,3
DA:90,3
DA:91,3
DA:92,1
DA:93,1
DA:94,1
DA:97,2
DA:98,2
DA:100,2
DA:101,2
DA:102,2
DA:103,26
DA:105,2
DA:107,2
DA:115,2
DA:116,1
DA:118,1
DA:122,0
DA:123,0
DA:125,0
DA:127,0
DA:129,2
DA:133,37
DA:134,0
DA:135,0
DA:136,0
DA:140,37
DA:225,2
DA:226,2
DA:245,555
LF:49
LH:42
BRDA:74,0,0,23
BRDA:74,0,1,0
BRDA:75,1,0,2
BRDA:75,1,1,21
BRDA:84,2,0,1
BRDA:84,2,1,3
BRDA:91,3,0,1
BRDA:91,3,1,2
BRDA:91,4,0,3
BRDA:91,4,1,3
BRDA:115,5,0,1
BRDA:115,5,1,1
BRDA:118,6,0,1
BRDA:118,6,1,0
BRDA:122,7,0,0
BRDA:122,7,1,0
BRDA:122,8,0,0
BRDA:122,8,1,0
BRDA:123,9,0,0
BRDA:123,9,1,0
BRDA:135,10,0,0
BRDA:135,10,1,0
BRDA:149,11,0,37
BRDA:149,11,1,2
BRDA:172,12,0,37
BRDA:172,12,1,1
BRDA:191,13,0,37
BRDA:191,13,1,1
BRDA:211,14,0,37
BRDA:211,14,1,1
BRDA:226,15,0,2
BRDA:226,15,1,0
BRDA:241,16,0,37
BRDA:241,16,1,1
BRDA:264,17,0,37
BRDA:264,17,1,1
BRDA:281,18,0,37
BRDA:281,18,1,1
BRDA:301,19,0,37
BRDA:301,19,1,2
BRDA:311,20,0,2
BRDA:311,20,1,0
BRDA:311,20,2,0
BRDA:333,21,0,37
BRDA:333,21,1,1
BRDA:345,22,0,1
BRDA:345,22,1,0
BRDA:345,22,2,0
BRDA:375,23,0,37
BRDA:375,23,1,1
BRDA:384,24,0,2
BRDA:384,24,1,35
BRF:52
BRH:37
end_of_record
TN:
SF:src\components\EditProject.tsx
FN:30,EditProject
FN:80,(anonymous_1)
FN:81,(anonymous_2)
FN:127,(anonymous_3)
FN:144,(anonymous_4)
FN:155,(anonymous_5)
FN:159,(anonymous_6)
FN:179,(anonymous_7)
FN:323,(anonymous_8)
FN:454,(anonymous_9)
FNF:10
FNH:7
FNDA:32,EditProject
FNDA:9,(anonymous_1)
FNDA:9,(anonymous_2)
FNDA:14,(anonymous_3)
FNDA:10,(anonymous_4)
FNDA:0,(anonymous_5)
FNDA:0,(anonymous_6)
FNDA:3,(anonymous_7)
FNDA:345,(anonymous_8)
FNDA:0,(anonymous_9)
DA:31,32
DA:32,32
DA:33,32
DA:34,32
DA:56,32
DA:57,32
DA:58,32
DA:59,32
DA:60,32
DA:62,32
DA:80,32
DA:81,9
DA:82,9
DA:83,9
DA:84,9
DA:87,8
DA:88,7
DA:91,7
DA:113,1
DA:116,1
DA:117,1
DA:119,9
DA:123,9
DA:127,32
DA:128,14
DA:130,12
DA:131,12
DA:133,12
DA:134,0
DA:135,0
DA:137,12
DA:139,0
DA:140,0
DA:144,32
DA:145,10
DA:146,10
DA:148,10
DA:149,0
DA:150,0
DA:151,0
DA:152,0
DA:154,0
DA:155,0
DA:156,0
DA:157,0
DA:159,0
DA:168,0
DA:171,10
DA:179,32
DA:180,3
DA:182,3
DA:183,3
DA:184,1
DA:185,1
DA:186,1
DA:189,2
DA:190,2
DA:192,2
DA:194,2
DA:199,2
DA:203,1
DA:204,1
DA:206,0
DA:209,1
DA:210,1
DA:212,2
DA:216,32
DA:217,9
DA:229,23
DA:324,345
DA:454,0
LF:71
LH:55
BRDA:87,0,0,7
BRDA:87,0,1,1
BRDA:87,1,0,8
BRDA:87,1,1,7
BRDA:101,2,0,7
BRDA:101,2,1,0
BRDA:103,3,0,7
BRDA:103,3,1,0
BRDA:104,4,0,7
BRDA:104,4,1,0
BRDA:107,5,0,7
BRDA:107,5,1,0
BRDA:108,6,0,7
BRDA:108,6,1,0
BRDA:109,7,0,7
BRDA:109,7,1,0
BRDA:116,8,0,1
BRDA:116,8,1,0
BRDA:128,9,0,2
BRDA:128,9,1,12
BRDA:133,10,0,0
BRDA:133,10,1,12
BRDA:148,11,0,0
BRDA:148,11,1,10
BRDA:151,12,0,0
BRDA:151,12,1,0
BRDA:173,13,0,10
BRDA:173,13,1,0
BRDA:174,14,0,2
BRDA:174,14,1,8
BRDA:183,15,0,1
BRDA:183,15,1,2
BRDA:196,16,0,2
BRDA:196,16,1,0
BRDA:203,17,0,1
BRDA:203,17,1,0
BRDA:206,18,0,0
BRDA:206,18,1,0
BRDA:210,19,0,1
BRDA:210,19,1,0
BRDA:216,20,0,9
BRDA:216,20,1,23
BRDA:238,21,0,23
BRDA:238,21,1,2
BRDA:291,22,0,23
BRDA:291,22,1,23
BRDA:378,23,0,23
BRDA:378,23,1,21
BRDA:403,24,0,23
BRDA:403,24,1,20
BRDA:449,25,0,2
BRDA:449,25,1,21
BRF:52
BRH:35
end_of_record
TN:
SF:src\components\ViewCollaborators.tsx
FN:20,(anonymous_0)
FN:27,(anonymous_1)
FN:28,(anonymous_2)
FN:67,(anonymous_3)
FN:107,(anonymous_4)
FN:112,(anonymous_5)
FN:117,(anonymous_6)
FNF:7
FNH:5
FNDA:9,(anonymous_0)
FNDA:5,(anonymous_1)
FNDA:5,(anonymous_2)
FNDA:2,(anonymous_3)
FNDA:0,(anonymous_4)
FNDA:0,(anonymous_5)
FNDA:1,(anonymous_6)
DA:20,2
DA:21,9
DA:22,9
DA:23,9
DA:24,9
DA:27,9
DA:28,5
DA:29,5
DA:30,5
DA:33,3
DA:34,3
DA:36,1
DA:37,1
DA:39,4
DA:43,5
DA:46,9
DA:47,5
DA:55,4
DA:56,2
DA:63,2
DA:68,2
DA:108,0
DA:109,0
DA:110,0
DA:113,0
DA:114,0
DA:115,0
DA:117,1
LF:28
LH:22
BRDA:46,0,0,5
BRDA:46,0,1,4
BRDA:55,1,0,2
BRDA:55,1,1,2
BRDA:55,2,0,4
BRDA:55,2,1,3
BRDA:58,3,0,2
BRDA:58,3,1,1
BRDA:73,4,0,0
BRDA:73,4,1,2
BRF:10
BRH:9
end_of_record
TN:
SF:src\components\auth\SignUp.tsx
FN:22,(anonymous_0)
FN:38,(anonymous_1)
FN:75,(anonymous_2)
FN:77,(anonymous_3)
FN:83,(anonymous_4)
FNF:5
FNH:5
FNDA:20,(anonymous_0)
FNDA:2,(anonymous_1)
FNDA:11,(anonymous_2)
FNDA:11,(anonymous_3)
FNDA:20,(anonymous_4)
DA:22,1
DA:23,20
DA:25,20
DA:26,20
DA:27,20
DA:35,20
DA:36,20
DA:38,20
DA:39,2
DA:40,2
DA:42,2
DA:43,0
DA:44,0
DA:47,2
DA:49,2
DA:50,2
DA:55,1
DA:56,1
DA:58,1
DA:59,1
DA:60,1
DA:63,1
DA:64,0
DA:66,1
DA:70,0
DA:75,20
DA:76,11
DA:77,11
DA:83,20
DA:84,20
DA:85,19
DA:115,1
DA:116,1
DA:134,0
DA:137,20
LF:35
LH:30
BRDA:42,0,0,0
BRDA:42,0,1,2
BRDA:59,1,0,1
BRDA:59,1,1,0
BRDA:63,2,0,0
BRDA:63,2,1,1
BRDA:66,3,0,1
BRDA:66,3,1,0
BRDA:84,4,0,19
BRDA:84,4,1,1
BRDA:115,5,0,1
BRDA:115,5,1,0
BRDA:141,6,0,20
BRDA:141,6,1,1
BRF:14
BRH:9
end_of_record
TN:
SF:src\components\dashboard\AdminDashboard.tsx
FN:48,(anonymous_0)
FN:65,(anonymous_1)
FN:66,(anonymous_2)
FN:105,(anonymous_3)
FN:110,(anonymous_4)
FN:116,(anonymous_5)
FN:127,(anonymous_6)
FN:127,(anonymous_7)
FN:149,(anonymous_8)
FN:153,(anonymous_9)
FN:159,(anonymous_10)
FN:160,(anonymous_11)
FN:162,(anonymous_12)
FN:169,(anonymous_13)
FN:216,(anonymous_14)
FN:217,(anonymous_15)
FN:232,(anonymous_16)
FN:274,(anonymous_17)
FN:280,(anonymous_18)
FN:291,(anonymous_19)
FN:310,(anonymous_20)
FN:316,(anonymous_21)
FN:341,(anonymous_22)
FN:360,(anonymous_23)
FN:397,(anonymous_24)
FN:417,(anonymous_25)
FN:424,(anonymous_26)
FN:447,(anonymous_27)
FN:466,(anonymous_28)
FN:467,(anonymous_29)
FN:482,(anonymous_30)
FN:517,(anonymous_31)
FN:531,(anonymous_32)
FN:545,(anonymous_33)
FN:555,(anonymous_34)
FN:581,(anonymous_35)
FN:592,(anonymous_36)
FN:602,(anonymous_37)
FN:613,(anonymous_38)
FNF:39
FNH:24
FNDA:24,(anonymous_0)
FNDA:7,(anonymous_1)
FNDA:7,(anonymous_2)
FNDA:1,(anonymous_3)
FNDA:1,(anonymous_4)
FNDA:1,(anonymous_5)
FNDA:1,(anonymous_6)
FNDA:1,(anonymous_7)
FNDA:0,(anonymous_8)
FNDA:2,(anonymous_9)
FNDA:1,(anonymous_10)
FNDA:1,(anonymous_11)
FNDA:0,(anonymous_12)
FNDA:1,(anonymous_13)
FNDA:1,(anonymous_14)
FNDA:1,(anonymous_15)
FNDA:17,(anonymous_16)
FNDA:0,(anonymous_17)
FNDA:3,(anonymous_18)
FNDA:0,(anonymous_19)
FNDA:0,(anonymous_20)
FNDA:0,(anonymous_21)
FNDA:9,(anonymous_22)
FNDA:1,(anonymous_23)
FNDA:7,(anonymous_24)
FNDA:0,(anonymous_25)
FNDA:2,(anonymous_26)
FNDA:0,(anonymous_27)
FNDA:0,(anonymous_28)
FNDA:0,(anonymous_29)
FNDA:0,(anonymous_30)
FNDA:0,(anonymous_31)
FNDA:1,(anonymous_32)
FNDA:0,(anonymous_33)
FNDA:0,(anonymous_34)
FNDA:4,(anonymous_35)
FNDA:4,(anonymous_36)
FNDA:1,(anonymous_37)
FNDA:0,(anonymous_38)
DA:48,1
DA:49,24
DA:50,24
DA:51,24
DA:52,24
DA:53,24
DA:54,24
DA:55,24
DA:56,24
DA:57,24
DA:58,24
DA:59,24
DA:60,24
DA:61,24
DA:62,24
DA:63,24
DA:65,24
DA:66,7
DA:67,7
DA:68,7
DA:70,7
DA:73,6
DA:74,6
DA:78,6
DA:81,6
DA:82,6
DA:83,6
DA:87,6
DA:90,6
DA:91,6
DA:95,1
DA:96,1
DA:98,7
DA:102,7
DA:105,24
DA:106,1
DA:107,1
DA:110,24
DA:111,1
DA:112,1
DA:113,1
DA:116,24
DA:117,1
DA:119,1
DA:120,1
DA:127,1
DA:128,1
DA:131,1
DA:134,1
DA:137,1
DA:138,1
DA:141,1
DA:144,0
DA:145,0
DA:149,24
DA:150,0
DA:153,24
DA:154,2
DA:155,2
DA:156,2
DA:159,24
DA:160,1
DA:161,1
DA:162,0
DA:164,1
DA:169,24
DA:170,1
DA:172,1
DA:174,1
DA:175,1
DA:195,1
DA:201,1
DA:202,1
DA:205,1
DA:210,1
DA:216,1
DA:217,1
DA:218,1
DA:224,1
DA:225,1
DA:227,0
DA:228,0
DA:232,24
DA:233,17
DA:234,17
DA:237,24
DA:238,7
DA:250,17
DA:274,0
DA:280,3
DA:291,0
DA:310,0
DA:316,0
DA:342,9
DA:360,1
DA:398,7
DA:417,0
DA:424,2
DA:447,0
DA:467,0
DA:468,0
DA:482,0
DA:517,0
DA:531,1
DA:545,0
DA:555,0
DA:582,4
DA:593,4
DA:602,1
DA:613,0
LF:110
LH:91
BRDA:73,0,0,6
BRDA:73,0,1,0
BRDA:81,1,0,6
BRDA:81,1,1,0
BRDA:90,2,0,6
BRDA:90,2,1,0
BRDA:117,3,0,0
BRDA:117,3,1,1
BRDA:128,4,0,1
BRDA:128,4,1,0
BRDA:137,5,0,1
BRDA:137,5,1,0
BRDA:155,6,0,2
BRDA:155,6,1,0
BRDA:161,7,0,0
BRDA:161,7,1,1
BRDA:170,8,0,0
BRDA:170,8,1,1
BRDA:170,9,0,1
BRDA:170,9,1,1
BRDA:218,10,0,1
BRDA:218,10,1,0
BRDA:237,11,0,7
BRDA:237,11,1,17
BRDA:259,12,0,0
BRDA:259,12,1,17
BRDA:263,13,0,17
BRDA:263,13,1,0
BRDA:273,14,0,10
BRDA:273,14,1,7
BRDA:279,15,0,7
BRDA:279,15,1,10
BRDA:290,16,0,0
BRDA:290,16,1,17
BRDA:309,17,0,17
BRDA:309,17,1,2
BRDA:315,18,0,17
BRDA:315,18,1,1
BRDA:321,19,0,17
BRDA:321,19,1,10
BRDA:349,20,0,0
BRDA:349,20,1,9
BRDA:350,21,0,1
BRDA:350,21,1,8
BRDA:376,22,0,17
BRDA:376,22,1,7
BRDA:405,23,0,0
BRDA:405,23,1,7
BRDA:406,24,0,0
BRDA:406,24,1,7
BRDA:407,25,0,7
BRDA:407,25,1,0
BRDA:409,26,0,7
BRDA:409,26,1,0
BRDA:438,27,0,7
BRDA:438,27,1,4
BRDA:460,28,0,4
BRDA:460,28,1,0
BRDA:464,29,0,0
BRDA:464,29,1,4
BRDA:464,30,0,4
BRDA:464,30,1,4
BRDA:470,31,0,0
BRDA:470,31,1,0
BRDA:471,32,0,0
BRDA:471,32,1,0
BRDA:495,33,0,17
BRDA:495,33,1,0
BRDA:522,34,0,17
BRDA:522,34,1,3
BRDA:560,35,0,17
BRDA:560,35,1,4
BRDA:576,36,0,0
BRDA:576,36,1,4
BRDA:597,37,0,4
BRDA:597,37,1,0
BRF:76
BRH:49
end_of_record
TN:
SF:src\components\dashboard\Calendar.tsx
FN:28,(anonymous_0)
FN:33,(anonymous_1)
FN:36,(anonymous_2)
FN:60,(anonymous_3)
FN:64,(anonymous_4)
FN:68,(anonymous_5)
FN:72,(anonymous_6)
FN:76,(anonymous_7)
FN:81,(anonymous_8)
FN:86,(anonymous_9)
FN:88,(anonymous_10)
FN:94,(anonymous_11)
FN:126,(anonymous_12)
FNF:13
FNH:11
FNDA:14,(anonymous_0)
FNDA:6,(anonymous_1)
FNDA:4,(anonymous_2)
FNDA:14,(anonymous_3)
FNDA:14,(anonymous_4)
FNDA:1,(anonymous_5)
FNDA:1,(anonymous_6)
FNDA:0,(anonymous_7)
FNDA:1509,(anonymous_8)
FNDA:423,(anonymous_9)
FNDA:240,(anonymous_10)
FNDA:14,(anonymous_11)
FNDA:0,(anonymous_12)
DA:28,2
DA:29,14
DA:30,14
DA:33,14
DA:34,6
DA:36,6
DA:38,4
DA:47,4
DA:56,6
DA:60,14
DA:61,14
DA:64,14
DA:65,14
DA:68,14
DA:69,1
DA:72,14
DA:73,1
DA:76,14
DA:77,0
DA:81,14
DA:82,1509
DA:86,14
DA:87,423
DA:88,423
DA:89,240
DA:94,14
DA:95,14
DA:96,14
DA:97,14
DA:98,14
DA:100,14
DA:103,14
DA:106,14
DA:107,46
DA:111,14
DA:112,423
DA:113,423
DA:114,423
DA:116,423
DA:118,423
DA:127,0
DA:147,14
DA:150,14
LF:43
LH:41
BRDA:121,0,0,13
BRDA:121,0,1,410
BRDA:121,1,0,0
BRDA:121,1,1,423
BRDA:124,2,0,423
BRDA:124,2,1,0
BRDA:129,3,0,0
BRDA:129,3,1,0
BRDA:130,4,0,0
BRDA:130,4,1,0
BRDA:132,5,0,0
BRDA:132,5,1,0
BRDA:134,6,0,0
BRDA:134,6,1,0
BRDA:137,7,0,0
BRDA:137,7,1,0
BRF:16
BRH:4
end_of_record
TN:
SF:src\components\dashboard\CollaboratorDashboard.tsx
FN:82,(anonymous_0)
FN:97,(anonymous_1)
FN:103,(anonymous_2)
FN:104,(anonymous_3)
FN:111,(anonymous_4)
FN:127,(anonymous_5)
FN:135,(anonymous_6)
FN:136,(anonymous_7)
FN:143,(anonymous_8)
FN:160,(anonymous_9)
FN:166,(anonymous_10)
FN:171,(anonymous_11)
FN:175,(anonymous_12)
FN:176,(anonymous_13)
FN:195,(anonymous_14)
FN:223,(anonymous_15)
FN:228,(anonymous_16)
FN:235,(anonymous_17)
FN:238,(anonymous_18)
FN:242,(anonymous_19)
FN:248,(anonymous_20)
FN:252,(anonymous_21)
FN:262,(anonymous_22)
FN:267,(anonymous_23)
FN:275,(anonymous_24)
FN:288,(anonymous_25)
FN:352,(anonymous_26)
FN:358,(anonymous_27)
FN:365,(anonymous_28)
FN:371,(anonymous_29)
FN:375,(anonymous_30)
FN:379,(anonymous_31)
FN:390,(anonymous_32)
FN:396,(anonymous_33)
FN:402,(anonymous_34)
FN:413,(anonymous_35)
FN:419,(anonymous_36)
FN:489,(anonymous_37)
FN:515,(anonymous_38)
FN:528,(anonymous_39)
FN:539,(anonymous_40)
FN:553,(anonymous_41)
FN:559,(anonymous_42)
FN:628,(anonymous_43)
FN:684,(anonymous_44)
FN:732,(anonymous_45)
FN:758,(anonymous_46)
FN:771,(anonymous_47)
FN:811,(anonymous_48)
FN:817,(anonymous_49)
FN:897,(anonymous_50)
FN:925,(anonymous_51)
FNF:52
FNH:32
FNDA:25,(anonymous_0)
FNDA:10,(anonymous_1)
FNDA:2,(anonymous_2)
FNDA:2,(anonymous_3)
FNDA:2,(anonymous_4)
FNDA:10,(anonymous_5)
FNDA:1,(anonymous_6)
FNDA:1,(anonymous_7)
FNDA:2,(anonymous_8)
FNDA:3,(anonymous_9)
FNDA:0,(anonymous_10)
FNDA:1,(anonymous_11)
FNDA:10,(anonymous_12)
FNDA:10,(anonymous_13)
FNDA:0,(anonymous_14)
FNDA:1,(anonymous_15)
FNDA:14,(anonymous_16)
FNDA:25,(anonymous_17)
FNDA:3,(anonymous_18)
FNDA:0,(anonymous_19)
FNDA:3,(anonymous_20)
FNDA:0,(anonymous_21)
FNDA:10,(anonymous_22)
FNDA:0,(anonymous_23)
FNDA:0,(anonymous_24)
FNDA:3,(anonymous_25)
FNDA:0,(anonymous_26)
FNDA:0,(anonymous_27)
FNDA:2,(anonymous_28)
FNDA:2,(anonymous_29)
FNDA:3,(anonymous_30)
FNDA:0,(anonymous_31)
FNDA:0,(anonymous_32)
FNDA:0,(anonymous_33)
FNDA:1,(anonymous_34)
FNDA:0,(anonymous_35)
FNDA:0,(anonymous_36)
FNDA:2,(anonymous_37)
FNDA:2,(anonymous_38)
FNDA:1,(anonymous_39)
FNDA:0,(anonymous_40)
FNDA:0,(anonymous_41)
FNDA:2,(anonymous_42)
FNDA:0,(anonymous_43)
FNDA:2,(anonymous_44)
FNDA:2,(anonymous_45)
FNDA:4,(anonymous_46)
FNDA:0,(anonymous_47)
FNDA:0,(anonymous_48)
FNDA:1,(anonymous_49)
FNDA:0,(anonymous_50)
FNDA:0,(anonymous_51)
DA:82,1
DA:83,25
DA:84,25
DA:85,25
DA:86,25
DA:87,25
DA:88,25
DA:89,25
DA:90,25
DA:91,25
DA:92,25
DA:93,25
DA:94,25
DA:97,25
DA:98,10
DA:99,10
DA:100,9
DA:102,8
DA:103,2
DA:104,2
DA:111,2
DA:121,8
DA:123,2
DA:127,25
DA:128,10
DA:129,10
DA:132,10
DA:134,8
DA:135,1
DA:136,1
DA:143,2
DA:154,8
DA:156,2
DA:160,25
DA:161,3
DA:162,3
DA:166,0
DA:171,25
DA:172,1
DA:175,25
DA:176,10
DA:177,10
DA:178,10
DA:179,10
DA:183,10
DA:184,8
DA:186,0
DA:191,8
DA:192,8
DA:193,8
DA:194,8
DA:195,0
DA:203,8
DA:206,0
DA:207,0
DA:211,2
DA:212,2
DA:214,10
DA:217,10
DA:218,10
DA:219,10
DA:223,25
DA:224,1
DA:225,1
DA:228,25
DA:229,14
DA:230,14
DA:231,0
DA:232,0
DA:235,25
DA:236,25
DA:237,25
DA:239,3
DA:240,3
DA:242,0
DA:246,25
DA:247,25
DA:249,3
DA:250,3
DA:252,0
DA:255,25
DA:258,0
DA:260,25
DA:262,25
DA:263,10
DA:264,10
DA:267,25
DA:268,0
DA:269,0
DA:275,25
DA:276,0
DA:278,0
DA:280,0
DA:282,0
DA:284,0
DA:288,25
DA:289,3
DA:291,0
DA:293,3
DA:295,0
DA:297,0
DA:299,0
DA:304,25
DA:305,10
DA:317,15
DA:318,1
DA:328,14
DA:352,0
DA:358,0
DA:365,2
DA:371,2
DA:376,3
DA:380,0
DA:381,0
DA:382,0
DA:390,0
DA:396,0
DA:402,1
DA:413,0
DA:419,0
DA:490,2
DA:516,2
DA:528,1
DA:539,0
DA:553,0
DA:560,2
DA:629,0
DA:685,2
DA:686,2
DA:687,2
DA:689,2
DA:733,2
DA:759,4
DA:771,0
DA:811,0
DA:818,1
DA:898,0
DA:899,0
DA:901,0
DA:925,0
LF:140
LH:101
BRDA:103,0,0,2
BRDA:103,0,1,2
BRDA:108,1,0,2
BRDA:108,1,1,0
BRDA:110,2,0,2
BRDA:110,2,1,0
BRDA:140,3,0,1
BRDA:140,3,1,0
BRDA:142,4,0,1
BRDA:142,4,1,0
BRDA:163,5,0,3
BRDA:163,5,1,0
BRDA:163,5,2,0
BRDA:163,5,3,0
BRDA:163,5,4,0
BRDA:183,6,0,8
BRDA:183,6,1,0
BRDA:194,7,0,8
BRDA:194,7,1,0
BRDA:198,8,0,0
BRDA:198,8,1,0
BRDA:199,9,0,0
BRDA:199,9,1,0
BRDA:230,10,0,14
BRDA:230,10,1,0
BRDA:231,11,0,0
BRDA:231,11,1,0
BRDA:232,12,0,0
BRDA:232,12,1,0
BRDA:246,13,0,25
BRDA:246,13,1,0
BRDA:276,14,0,0
BRDA:276,14,1,0
BRDA:276,14,2,0
BRDA:276,14,3,0
BRDA:289,15,0,0
BRDA:289,15,1,3
BRDA:289,15,2,0
BRDA:289,15,3,0
BRDA:289,15,4,0
BRDA:304,16,0,10
BRDA:304,16,1,15
BRDA:317,17,0,1
BRDA:317,17,1,14
BRDA:337,18,0,0
BRDA:337,18,1,14
BRDA:341,19,0,14
BRDA:341,19,1,0
BRDA:351,20,0,8
BRDA:351,20,1,6
BRDA:357,21,0,0
BRDA:357,21,1,14
BRDA:364,22,0,3
BRDA:364,22,1,11
BRDA:370,23,0,2
BRDA:370,23,1,12
BRDA:378,24,0,0
BRDA:378,24,1,3
BRDA:389,25,0,0
BRDA:389,25,1,14
BRDA:395,26,0,0
BRDA:395,26,1,14
BRDA:401,27,0,1
BRDA:401,27,1,13
BRDA:412,28,0,0
BRDA:412,28,1,14
BRDA:418,29,0,0
BRDA:418,29,1,14
BRDA:443,30,0,14
BRDA:443,30,1,8
BRDA:473,31,0,6
BRDA:473,31,1,2
BRDA:545,32,0,6
BRDA:545,32,1,2
BRDA:566,33,0,2
BRDA:566,33,1,0
BRDA:567,34,0,2
BRDA:567,34,1,0
BRDA:572,35,0,0
BRDA:572,35,1,2
BRDA:585,36,0,2
BRDA:585,36,1,0
BRDA:588,37,0,2
BRDA:588,37,1,0
BRDA:588,38,0,2
BRDA:588,38,1,2
BRDA:594,39,0,2
BRDA:594,39,1,0
BRDA:595,40,0,2
BRDA:595,40,1,0
BRDA:622,41,0,8
BRDA:622,41,1,0
BRDA:710,42,0,14
BRDA:710,42,1,3
BRDA:784,43,0,14
BRDA:784,43,1,0
BRDA:786,44,0,14
BRDA:786,44,1,2
BRDA:803,45,0,1
BRDA:803,45,1,1
BRDA:824,46,0,1
BRDA:824,46,1,0
BRDA:825,47,0,1
BRDA:825,47,1,0
BRDA:830,48,0,0
BRDA:830,48,1,1
BRDA:837,49,0,1
BRDA:837,49,1,0
BRDA:840,50,0,1
BRDA:840,50,1,0
BRDA:840,51,0,1
BRDA:840,51,1,1
BRDA:846,52,0,1
BRDA:846,52,1,0
BRDA:847,53,0,1
BRDA:847,53,1,0
BRDA:870,54,0,14
BRDA:870,54,1,0
BRDA:870,54,2,0
BRDA:874,55,0,14
BRDA:874,55,1,0
BRDA:875,56,0,14
BRDA:875,56,1,0
BRDA:876,57,0,14
BRDA:876,57,1,1
BRDA:903,58,0,0
BRDA:903,58,1,0
BRDA:910,59,0,0
BRDA:910,59,1,0
BRDA:910,60,0,0
BRDA:910,60,1,0
BRDA:935,61,0,14
BRDA:935,61,1,6
BRDA:935,61,2,3
BRDA:935,61,3,1
BRF:135
BRH:73
end_of_record
TN:
SF:src\components\dashboard\FundingVisualization.tsx
FN:36,(anonymous_0)
FN:47,(anonymous_1)
FN:58,(anonymous_2)
FN:91,(anonymous_3)
FN:96,(anonymous_4)
FN:99,(anonymous_5)
FN:106,(anonymous_6)
FN:114,(anonymous_7)
FN:119,(anonymous_8)
FN:122,(anonymous_9)
FN:129,(anonymous_10)
FN:149,(anonymous_11)
FN:157,(anonymous_12)
FN:158,(anonymous_13)
FN:166,(anonymous_14)
FN:184,(anonymous_15)
FN:186,(anonymous_16)
FN:216,(anonymous_17)
FN:218,(anonymous_18)
FN:240,(anonymous_19)
FN:253,(anonymous_20)
FN:254,(anonymous_21)
FN:292,(anonymous_22)
FN:293,(anonymous_23)
FN:307,(anonymous_24)
FN:308,(anonymous_25)
FN:309,(anonymous_26)
FN:310,(anonymous_27)
FN:311,(anonymous_28)
FN:312,(anonymous_29)
FN:313,(anonymous_30)
FN:412,(anonymous_31)
FN:418,(anonymous_32)
FN:424,(anonymous_33)
FN:430,(anonymous_34)
FNF:35
FNH:26
FNDA:13,(anonymous_0)
FNDA:6,(anonymous_1)
FNDA:1,(anonymous_2)
FNDA:1,(anonymous_3)
FNDA:3,(anonymous_4)
FNDA:2,(anonymous_5)
FNDA:2,(anonymous_6)
FNDA:3,(anonymous_7)
FNDA:9,(anonymous_8)
FNDA:3,(anonymous_9)
FNDA:6,(anonymous_10)
FNDA:5,(anonymous_11)
FNDA:1,(anonymous_12)
FNDA:2,(anonymous_13)
FNDA:13,(anonymous_14)
FNDA:0,(anonymous_15)
FNDA:0,(anonymous_16)
FNDA:0,(anonymous_17)
FNDA:0,(anonymous_18)
FNDA:1,(anonymous_19)
FNDA:0,(anonymous_20)
FNDA:0,(anonymous_21)
FNDA:0,(anonymous_22)
FNDA:0,(anonymous_23)
FNDA:13,(anonymous_24)
FNDA:26,(anonymous_25)
FNDA:26,(anonymous_26)
FNDA:26,(anonymous_27)
FNDA:26,(anonymous_28)
FNDA:26,(anonymous_29)
FNDA:26,(anonymous_30)
FNDA:0,(anonymous_31)
FNDA:1,(anonymous_32)
FNDA:2,(anonymous_33)
FNDA:1,(anonymous_34)
DA:36,2
DA:42,13
DA:43,13
DA:44,13
DA:45,13
DA:47,13
DA:48,6
DA:49,0
DA:52,6
DA:58,13
DA:59,1
DA:61,1
DA:63,1
DA:65,1
DA:67,1
DA:69,1
DA:73,1
DA:74,1
DA:77,1
DA:78,1
DA:79,1
DA:81,1
DA:82,1
DA:84,0
DA:86,1
DA:91,13
DA:92,1
DA:93,0
DA:96,3
DA:97,1
DA:99,1
DA:100,2
DA:101,2
DA:104,1
DA:106,2
DA:114,13
DA:115,3
DA:116,0
DA:119,9
DA:122,3
DA:125,3
DA:126,3
DA:127,3
DA:129,3
DA:130,6
DA:133,6
DA:134,4
DA:135,2
DA:136,2
DA:137,2
DA:139,0
DA:142,6
DA:143,6
DA:145,6
DA:146,6
DA:149,5
DA:157,13
DA:158,2
DA:166,13
DA:167,13
DA:169,8
DA:184,0
DA:186,0
DA:201,1
DA:216,0
DA:218,0
DA:232,3
DA:240,1
DA:253,0
DA:254,0
DA:284,1
DA:292,0
DA:293,0
DA:307,13
DA:308,26
DA:309,26
DA:310,26
DA:311,26
DA:312,26
DA:313,26
DA:315,13
DA:326,13
DA:328,13
DA:412,0
DA:418,1
DA:424,2
DA:430,1
LF:87
LH:73
BRDA:48,0,0,0
BRDA:48,0,1,6
BRDA:59,1,0,0
BRDA:59,1,1,1
BRDA:92,2,0,0
BRDA:92,2,1,1
BRDA:100,3,0,2
BRDA:100,3,1,2
BRDA:115,4,0,0
BRDA:115,4,1,3
BRDA:133,5,0,4
BRDA:133,5,1,2
BRDA:135,6,0,2
BRDA:135,6,1,0
BRDA:142,7,0,6
BRDA:142,7,1,5
BRDA:151,8,0,5
BRDA:151,8,1,0
BRDA:152,9,0,5
BRDA:152,9,1,0
BRDA:159,10,0,0
BRDA:159,10,1,2
BRDA:167,11,0,8
BRDA:167,11,1,1
BRDA:167,11,2,3
BRDA:167,11,3,1
BRDA:173,12,0,6
BRDA:173,12,1,2
BRDA:205,13,0,1
BRDA:205,13,1,0
BRDA:248,14,0,3
BRDA:248,14,1,0
BRDA:319,15,0,13
BRDA:319,15,1,0
BRDA:411,16,0,8
BRDA:411,16,1,5
BRDA:417,17,0,1
BRDA:417,17,1,12
BRDA:423,18,0,3
BRDA:423,18,1,10
BRDA:429,19,0,1
BRDA:429,19,1,12
BRDA:450,20,0,1
BRDA:450,20,1,12
BRF:44
BRH:33
end_of_record
TN:
SF:src\components\dashboard\MilestoneDashboard.tsx
FN:36,(anonymous_0)
FN:58,(anonymous_1)
FN:94,(anonymous_2)
FN:98,(anonymous_3)
FN:104,(anonymous_4)
FN:111,(anonymous_5)
FN:131,(anonymous_6)
FN:147,(anonymous_7)
FN:155,(anonymous_8)
FN:176,(anonymous_9)
FN:200,(anonymous_10)
FN:206,(anonymous_11)
FN:213,(anonymous_12)
FN:219,(anonymous_13)
FN:226,(anonymous_14)
FN:233,(anonymous_15)
FN:246,(anonymous_16)
FN:255,(anonymous_17)
FN:268,(anonymous_18)
FN:284,(anonymous_19)
FN:290,(anonymous_20)
FN:291,(anonymous_21)
FN:292,(anonymous_22)
FN:293,(anonymous_23)
FN:321,(anonymous_24)
FN:325,(anonymous_25)
FN:397,(anonymous_26)
FN:406,(anonymous_27)
FN:407,(anonymous_28)
FN:407,(anonymous_29)
FN:415,(anonymous_30)
FN:429,(anonymous_31)
FN:436,(anonymous_32)
FN:466,(anonymous_33)
FN:468,(anonymous_34)
FN:518,(anonymous_35)
FN:576,(anonymous_36)
FN:587,(anonymous_37)
FNF:38
FNH:29
FNDA:19,(anonymous_0)
FNDA:0,(anonymous_1)
FNDA:5,(anonymous_2)
FNDA:9,(anonymous_3)
FNDA:9,(anonymous_4)
FNDA:5,(anonymous_5)
FNDA:4,(anonymous_6)
FNDA:1,(anonymous_7)
FNDA:1,(anonymous_8)
FNDA:1,(anonymous_9)
FNDA:1,(anonymous_10)
FNDA:1,(anonymous_11)
FNDA:1,(anonymous_12)
FNDA:0,(anonymous_13)
FNDA:0,(anonymous_14)
FNDA:2,(anonymous_15)
FNDA:1,(anonymous_16)
FNDA:6,(anonymous_17)
FNDA:4,(anonymous_18)
FNDA:6,(anonymous_19)
FNDA:19,(anonymous_20)
FNDA:6,(anonymous_21)
FNDA:6,(anonymous_22)
FNDA:6,(anonymous_23)
FNDA:0,(anonymous_24)
FNDA:13,(anonymous_25)
FNDA:6,(anonymous_26)
FNDA:6,(anonymous_27)
FNDA:0,(anonymous_28)
FNDA:0,(anonymous_29)
FNDA:0,(anonymous_30)
FNDA:1,(anonymous_31)
FNDA:1,(anonymous_32)
FNDA:0,(anonymous_33)
FNDA:18,(anonymous_34)
FNDA:0,(anonymous_35)
FNDA:9,(anonymous_36)
FNDA:1,(anonymous_37)
DA:36,2
DA:37,19
DA:38,19
DA:39,19
DA:40,19
DA:41,19
DA:42,19
DA:43,19
DA:44,19
DA:52,19
DA:53,19
DA:54,19
DA:55,19
DA:58,19
DA:59,0
DA:61,0
DA:63,0
DA:65,0
DA:67,0
DA:69,0
DA:73,0
DA:74,0
DA:77,0
DA:78,0
DA:79,0
DA:81,0
DA:82,0
DA:84,0
DA:86,0
DA:92,19
DA:94,19
DA:95,5
DA:98,19
DA:99,9
DA:100,4
DA:104,19
DA:105,9
DA:106,4
DA:111,19
DA:112,5
DA:113,5
DA:114,5
DA:118,4
DA:119,4
DA:121,4
DA:124,1
DA:125,1
DA:127,5
DA:131,19
DA:132,4
DA:133,4
DA:135,4
DA:138,4
DA:141,0
DA:143,4
DA:147,19
DA:148,1
DA:149,1
DA:155,19
DA:156,1
DA:157,1
DA:158,0
DA:159,0
DA:162,1
DA:167,1
DA:169,1
DA:176,1
DA:177,1
DA:180,0
DA:182,0
DA:188,0
DA:191,1
DA:192,1
DA:194,0
DA:195,0
DA:200,19
DA:201,1
DA:202,1
DA:203,1
DA:206,19
DA:207,1
DA:208,1
DA:213,1
DA:215,0
DA:219,19
DA:220,0
DA:221,0
DA:226,0
DA:227,0
DA:230,0
DA:233,19
DA:235,2
DA:243,2
DA:246,19
DA:247,1
DA:248,0
DA:249,0
DA:251,1
DA:252,1
DA:255,19
DA:256,6
DA:258,0
DA:260,0
DA:262,6
DA:264,0
DA:268,19
DA:269,4
DA:270,4
DA:273,4
DA:274,4
DA:276,0
DA:277,0
DA:279,4
DA:284,19
DA:285,6
DA:286,6
DA:290,19
DA:291,19
DA:292,19
DA:293,19
DA:294,19
DA:296,19
DA:298,19
DA:308,19
DA:310,19
DA:321,0
DA:326,13
DA:398,6
DA:406,6
DA:407,0
DA:415,0
DA:429,1
DA:436,1
DA:466,0
DA:469,18
DA:518,0
DA:577,9
DA:587,1
LF:138
LH:97
BRDA:59,0,0,0
BRDA:59,0,1,0
BRDA:99,1,0,4
BRDA:99,1,1,5
BRDA:105,2,0,4
BRDA:105,2,1,5
BRDA:118,3,0,4
BRDA:118,3,1,0
BRDA:118,4,0,4
BRDA:118,4,1,4
BRDA:157,5,0,0
BRDA:157,5,1,1
BRDA:167,6,0,1
BRDA:167,6,1,0
BRDA:167,7,0,1
BRDA:167,7,1,1
BRDA:177,8,0,1
BRDA:177,8,1,0
BRDA:227,9,0,0
BRDA:227,9,1,0
BRDA:247,10,0,0
BRDA:247,10,1,1
BRDA:256,11,0,0
BRDA:256,11,1,0
BRDA:256,11,2,6
BRDA:256,11,3,0
BRDA:296,12,0,6
BRDA:296,12,1,13
BRDA:320,13,0,19
BRDA:320,13,1,6
BRDA:342,14,0,0
BRDA:342,14,1,19
BRDA:355,15,0,5
BRDA:355,15,1,14
BRDA:364,16,0,1
BRDA:364,16,1,13
BRDA:377,17,0,7
BRDA:377,17,1,6
BRDA:406,18,0,0
BRDA:406,18,1,6
BRDA:454,19,0,6
BRDA:454,19,1,7
BRDA:520,20,0,2
BRDA:520,20,1,17
BRDA:591,21,0,2
BRDA:591,21,1,17
BRF:46
BRH:32
end_of_record
TN:
SF:src\components\dashboard\ResearchFundingDashboard.tsx
FN:42,(anonymous_0)
FN:61,(anonymous_1)
FN:106,(anonymous_2)
FN:107,(anonymous_3)
FN:117,(anonymous_4)
FN:159,(anonymous_5)
FN:161,(anonymous_6)
FN:165,(anonymous_7)
FN:167,(anonymous_8)
FN:171,(anonymous_9)
FN:179,(anonymous_10)
FN:194,(anonymous_11)
FN:217,(anonymous_12)
FN:218,(anonymous_13)
FN:221,(anonymous_14)
FN:251,(anonymous_15)
FN:266,(anonymous_16)
FN:290,(anonymous_17)
FN:296,(anonymous_18)
FN:348,(anonymous_19)
FN:370,(anonymous_20)
FN:373,(anonymous_21)
FN:383,(anonymous_22)
FN:390,(anonymous_23)
FN:398,(anonymous_24)
FN:408,(anonymous_25)
FN:419,(anonymous_26)
FN:426,(anonymous_27)
FN:490,(anonymous_28)
FN:521,(anonymous_29)
FN:530,(anonymous_30)
FN:583,(anonymous_31)
FN:621,(anonymous_32)
FN:640,(anonymous_33)
FN:648,(anonymous_34)
FN:677,(anonymous_35)
FN:689,(anonymous_36)
FN:699,(anonymous_37)
FN:708,(anonymous_38)
FN:725,(anonymous_39)
FN:731,(anonymous_40)
FN:746,(anonymous_41)
FN:758,(anonymous_42)
FN:768,(anonymous_43)
FN:778,(anonymous_44)
FN:784,(anonymous_45)
FNF:46
FNH:32
FNDA:34,(anonymous_0)
FNDA:1,(anonymous_1)
FNDA:8,(anonymous_2)
FNDA:8,(anonymous_3)
FNDA:14,(anonymous_4)
FNDA:4,(anonymous_5)
FNDA:0,(anonymous_6)
FNDA:1,(anonymous_7)
FNDA:0,(anonymous_8)
FNDA:81,(anonymous_9)
FNDA:27,(anonymous_10)
FNDA:1,(anonymous_11)
FNDA:1,(anonymous_12)
FNDA:1,(anonymous_13)
FNDA:1,(anonymous_14)
FNDA:0,(anonymous_15)
FNDA:0,(anonymous_16)
FNDA:1,(anonymous_17)
FNDA:2,(anonymous_18)
FNDA:0,(anonymous_19)
FNDA:16,(anonymous_20)
FNDA:0,(anonymous_21)
FNDA:16,(anonymous_22)
FNDA:0,(anonymous_23)
FNDA:0,(anonymous_24)
FNDA:15,(anonymous_25)
FNDA:1,(anonymous_26)
FNDA:1,(anonymous_27)
FNDA:0,(anonymous_28)
FNDA:1,(anonymous_29)
FNDA:16,(anonymous_30)
FNDA:0,(anonymous_31)
FNDA:12,(anonymous_32)
FNDA:4,(anonymous_33)
FNDA:1,(anonymous_34)
FNDA:0,(anonymous_35)
FNDA:1,(anonymous_36)
FNDA:1,(anonymous_37)
FNDA:1,(anonymous_38)
FNDA:1,(anonymous_39)
FNDA:0,(anonymous_40)
FNDA:0,(anonymous_41)
FNDA:1,(anonymous_42)
FNDA:1,(anonymous_43)
FNDA:1,(anonymous_44)
FNDA:0,(anonymous_45)
DA:42,2
DA:43,34
DA:44,34
DA:45,34
DA:46,34
DA:47,34
DA:48,34
DA:49,34
DA:50,34
DA:51,34
DA:54,34
DA:55,34
DA:57,34
DA:59,34
DA:61,34
DA:62,1
DA:64,1
DA:66,1
DA:68,1
DA:70,1
DA:72,1
DA:76,1
DA:77,1
DA:80,1
DA:81,0
DA:82,0
DA:84,0
DA:85,0
DA:87,1
DA:89,1
DA:93,34
DA:100,34
DA:106,34
DA:107,8
DA:108,8
DA:109,8
DA:110,8
DA:114,7
DA:115,7
DA:117,7
DA:118,14
DA:130,7
DA:131,7
DA:133,7
DA:134,14
DA:135,14
DA:136,0
DA:137,0
DA:138,0
DA:140,14
DA:144,7
DA:146,0
DA:149,1
DA:150,1
DA:152,8
DA:156,8
DA:159,34
DA:160,4
DA:161,4
DA:162,4
DA:165,34
DA:166,1
DA:167,1
DA:168,1
DA:171,34
DA:172,81
DA:179,34
DA:180,27
DA:182,21
DA:184,0
DA:186,6
DA:188,0
DA:190,0
DA:194,34
DA:195,1
DA:197,1
DA:198,1
DA:200,1
DA:201,1
DA:210,1
DA:214,1
DA:217,1
DA:218,1
DA:221,1
DA:222,1
DA:223,1
DA:224,1
DA:226,1
DA:227,1
DA:228,0
DA:232,1
DA:244,1
DA:248,1
DA:251,0
DA:252,0
DA:253,0
DA:260,0
DA:263,0
DA:266,0
DA:267,0
DA:268,0
DA:272,0
DA:278,0
DA:281,1
DA:282,1
DA:284,1
DA:290,34
DA:291,1
DA:293,1
DA:294,1
DA:296,1
DA:297,2
DA:298,1
DA:299,1
DA:301,1
DA:302,1
DA:303,1
DA:304,0
DA:305,0
DA:307,0
DA:308,0
DA:312,1
DA:320,1
DA:321,1
DA:328,1
DA:331,1
DA:333,0
DA:343,1
DA:346,0
DA:348,0
DA:349,0
DA:350,0
DA:353,0
DA:359,0
DA:362,1
DA:363,1
DA:365,1
DA:370,34
DA:371,16
DA:374,0
DA:375,0
DA:383,34
DA:384,16
DA:390,0
DA:398,0
DA:408,34
DA:409,15
DA:419,1
DA:426,1
DA:491,0
DA:521,34
DA:522,1
DA:530,34
DA:531,16
DA:532,15
DA:533,1
DA:534,1
DA:536,0
DA:539,34
DA:540,10
DA:552,24
DA:553,2
DA:562,22
DA:584,0
DA:585,0
DA:622,12
DA:640,4
DA:648,1
DA:677,0
DA:689,1
DA:699,1
DA:708,1
DA:725,1
DA:731,0
DA:746,0
DA:758,1
DA:768,1
DA:778,1
DA:784,0
LF:179
LH:134
BRDA:62,0,0,0
BRDA:62,0,1,1
BRDA:114,1,0,7
BRDA:114,1,1,0
BRDA:136,2,0,0
BRDA:136,2,1,0
BRDA:180,3,0,21
BRDA:180,3,1,0
BRDA:180,3,2,6
BRDA:180,3,3,0
BRDA:180,3,4,0
BRDA:195,4,0,0
BRDA:195,4,1,1
BRDA:222,5,0,1
BRDA:222,5,1,0
BRDA:227,6,0,0
BRDA:227,6,1,1
BRDA:252,7,0,0
BRDA:252,7,1,0
BRDA:267,8,0,0
BRDA:267,8,1,0
BRDA:291,9,0,0
BRDA:291,9,1,1
BRDA:297,10,0,1
BRDA:297,10,1,1
BRDA:302,11,0,1
BRDA:302,11,1,0
BRDA:304,12,0,0
BRDA:304,12,1,0
BRDA:307,13,0,0
BRDA:307,13,1,0
BRDA:317,14,0,1
BRDA:317,14,1,0
BRDA:349,15,0,0
BRDA:349,15,1,0
BRDA:438,16,0,15
BRDA:438,16,1,0
BRDA:447,17,0,15
BRDA:447,17,1,0
BRDA:449,18,0,15
BRDA:449,18,1,0
BRDA:449,19,0,15
BRDA:449,19,1,0
BRDA:458,20,0,0
BRDA:458,20,1,15
BRDA:458,21,0,15
BRDA:458,21,1,0
BRDA:458,22,0,15
BRDA:458,22,1,0
BRDA:459,23,0,15
BRDA:459,23,1,0
BRDA:462,24,0,15
BRDA:462,24,1,0
BRDA:462,25,0,15
BRDA:462,25,1,0
BRDA:468,26,0,15
BRDA:468,26,1,0
BRDA:472,27,0,15
BRDA:472,27,1,0
BRDA:479,28,0,0
BRDA:479,28,1,15
BRDA:516,29,0,1
BRDA:516,29,1,14
BRDA:531,30,0,15
BRDA:531,30,1,1
BRDA:533,31,0,1
BRDA:533,31,1,0
BRDA:539,32,0,10
BRDA:539,32,1,24
BRDA:552,33,0,2
BRDA:552,33,1,22
BRDA:573,34,0,6
BRDA:573,34,1,16
BRDA:579,35,0,6
BRDA:579,35,1,6
BRDA:595,36,0,0
BRDA:595,36,1,6
BRDA:595,37,0,6
BRDA:595,37,1,0
BRDA:627,38,0,6
BRDA:627,38,1,6
BRDA:737,39,0,22
BRDA:737,39,1,4
BRDA:791,40,0,22
BRDA:791,40,1,3
BRF:85
BRH:46
end_of_record
TN:
SF:src\components\dashboard\ReviewerDashboard.tsx
FN:43,(anonymous_0)
FN:63,(anonymous_1)
FN:64,(anonymous_2)
FN:87,(anonymous_3)
FN:92,(anonymous_4)
FN:97,(anonymous_5)
FN:101,(anonymous_6)
FN:102,(anonymous_7)
FN:105,(anonymous_8)
FN:141,(anonymous_9)
FN:142,(anonymous_10)
FN:169,(anonymous_11)
FN:239,(anonymous_12)
FN:245,(anonymous_13)
FN:262,(anonymous_14)
FN:266,(anonymous_15)
FN:297,(anonymous_16)
FN:392,(anonymous_17)
FN:411,(anonymous_18)
FN:430,(anonymous_19)
FN:449,(anonymous_20)
FN:464,(anonymous_21)
FN:474,(anonymous_22)
FN:486,(anonymous_23)
FNF:24
FNH:17
FNDA:41,(anonymous_0)
FNDA:13,(anonymous_1)
FNDA:13,(anonymous_2)
FNDA:1,(anonymous_3)
FNDA:6,(anonymous_4)
FNDA:3,(anonymous_5)
FNDA:3,(anonymous_6)
FNDA:3,(anonymous_7)
FNDA:2,(anonymous_8)
FNDA:1,(anonymous_9)
FNDA:2,(anonymous_10)
FNDA:64,(anonymous_11)
FNDA:0,(anonymous_12)
FNDA:0,(anonymous_13)
FNDA:50,(anonymous_14)
FNDA:6,(anonymous_15)
FNDA:0,(anonymous_16)
FNDA:1,(anonymous_17)
FNDA:0,(anonymous_18)
FNDA:0,(anonymous_19)
FNDA:0,(anonymous_20)
FNDA:1,(anonymous_21)
FNDA:1,(anonymous_22)
FNDA:0,(anonymous_23)
DA:43,1
DA:44,41
DA:45,41
DA:46,41
DA:47,41
DA:48,41
DA:49,41
DA:50,41
DA:51,41
DA:52,41
DA:54,41
DA:63,41
DA:64,13
DA:65,13
DA:66,13
DA:68,13
DA:72,12
DA:73,12
DA:75,12
DA:77,1
DA:78,1
DA:80,13
DA:84,13
DA:87,41
DA:88,1
DA:89,1
DA:92,41
DA:93,6
DA:94,6
DA:97,41
DA:98,3
DA:101,41
DA:102,3
DA:105,41
DA:106,2
DA:108,2
DA:109,2
DA:133,1
DA:141,1
DA:142,1
DA:143,2
DA:150,1
DA:151,1
DA:154,1
DA:164,1
DA:165,1
DA:169,41
DA:170,64
DA:171,64
DA:174,41
DA:175,13
DA:187,28
DA:239,0
DA:245,0
DA:263,50
DA:266,6
DA:298,0
DA:299,0
DA:392,1
DA:411,0
DA:430,0
DA:449,0
DA:464,1
DA:474,1
DA:486,0
LF:65
LH:57
BRDA:72,0,0,12
BRDA:72,0,1,0
BRDA:106,1,0,0
BRDA:106,1,1,2
BRDA:134,2,0,1
BRDA:134,2,1,0
BRDA:135,3,0,0
BRDA:135,3,1,0
BRDA:143,4,0,1
BRDA:143,4,1,1
BRDA:144,5,0,1
BRDA:144,5,1,0
BRDA:145,6,0,0
BRDA:145,6,1,0
BRDA:174,7,0,13
BRDA:174,7,1,28
BRDA:197,8,0,0
BRDA:197,8,1,28
BRDA:201,9,0,28
BRDA:201,9,1,0
BRDA:238,10,0,28
BRDA:238,10,1,1
BRDA:244,11,0,28
BRDA:244,11,1,2
BRDA:251,12,0,14
BRDA:251,12,1,14
BRDA:257,13,0,2
BRDA:257,13,1,26
BRDA:275,14,0,0
BRDA:275,14,1,50
BRDA:276,15,0,0
BRDA:276,15,1,50
BRDA:277,16,0,0
BRDA:277,16,1,50
BRDA:278,17,0,0
BRDA:278,17,1,50
BRDA:279,18,0,0
BRDA:279,18,1,50
BRDA:285,19,0,3
BRDA:285,19,1,47
BRDA:286,20,0,0
BRDA:286,20,1,47
BRDA:287,21,0,0
BRDA:287,21,1,47
BRDA:288,22,0,50
BRDA:288,22,1,47
BRDA:313,23,0,28
BRDA:313,23,1,14
BRDA:319,24,0,14
BRDA:319,24,1,7
BRDA:324,25,0,7
BRDA:324,25,1,6
BRDA:332,26,0,7
BRDA:332,26,1,7
BRDA:362,27,0,1
BRDA:362,27,1,6
BRDA:363,28,0,0
BRDA:363,28,1,6
BRDA:364,29,0,0
BRDA:364,29,1,6
BRDA:366,30,0,7
BRDA:366,30,1,0
BRDA:369,31,0,7
BRDA:369,31,1,6
BRDA:369,31,2,1
BRF:65
BRH:45
end_of_record
TN:
SF:src\context\AuthContext.tsx
FN:22,(anonymous_0)
FN:23,(anonymous_1)
FNF:2
FNH:0
FNDA:0,(anonymous_0)
FNDA:0,(anonymous_1)
DA:19,10
LF:1
LH:1
BRF:0
BRH:0
end_of_record
TN:
SF:src\pages\Chat.tsx
FN:31,(anonymous_0)
FN:43,(anonymous_1)
FN:50,(anonymous_2)
FN:56,(anonymous_3)
FN:66,(anonymous_4)
FN:76,(anonymous_5)
FN:84,(anonymous_6)
FN:110,(anonymous_7)
FN:119,(anonymous_8)
FN:126,(anonymous_9)
FN:150,(anonymous_10)
FN:190,(anonymous_11)
FN:199,(anonymous_12)
FN:204,(anonymous_13)
FN:204,(anonymous_14)
FNF:15
FNH:11
FNDA:6,(anonymous_0)
FNDA:2,(anonymous_1)
FNDA:5,(anonymous_2)
FNDA:2,(anonymous_3)
FNDA:2,(anonymous_4)
FNDA:6,(anonymous_5)
FNDA:1,(anonymous_6)
FNDA:1,(anonymous_7)
FNDA:0,(anonymous_8)
FNDA:5,(anonymous_9)
FNDA:5,(anonymous_10)
FNDA:0,(anonymous_11)
FNDA:1,(anonymous_12)
FNDA:0,(anonymous_13)
FNDA:0,(anonymous_14)
DA:31,1
DA:32,6
DA:33,6
DA:34,6
DA:35,6
DA:36,6
DA:37,6
DA:38,6
DA:39,6
DA:40,6
DA:43,6
DA:44,2
DA:45,2
DA:47,2
DA:50,6
DA:51,5
DA:56,6
DA:57,2
DA:58,2
DA:59,2
DA:61,2
DA:66,6
DA:67,2
DA:68,2
DA:69,2
DA:70,2
DA:72,0
DA:76,6
DA:77,6
DA:78,6
DA:79,0
DA:80,0
DA:81,0
DA:84,6
DA:85,1
DA:87,1
DA:88,1
DA:89,1
DA:90,1
DA:91,1
DA:92,1
DA:93,1
DA:94,1
DA:97,1
DA:100,1
DA:102,1
DA:110,1
DA:111,1
DA:112,1
DA:114,0
DA:119,6
DA:120,0
DA:121,0
DA:122,0
DA:126,6
DA:127,5
DA:130,6
DA:151,5
DA:190,0
DA:199,1
DA:204,0
LF:61
LH:51
BRDA:44,0,0,2
BRDA:44,0,1,0
BRDA:78,1,0,6
BRDA:78,1,1,0
BRDA:79,2,0,0
BRDA:79,2,1,0
BRDA:80,3,0,0
BRDA:80,3,1,0
BRDA:85,4,0,0
BRDA:85,4,1,1
BRDA:89,5,0,1
BRDA:89,5,1,0
BRDA:90,6,0,1
BRDA:90,6,1,0
BRDA:91,7,0,1
BRDA:91,7,1,0
BRDA:92,8,0,0
BRDA:92,8,1,1
BRDA:120,9,0,0
BRDA:120,9,1,0
BRDA:144,10,0,6
BRDA:144,10,1,6
BRDA:153,11,0,1
BRDA:153,11,1,4
BRDA:158,12,0,1
BRDA:158,12,1,4
BRDA:165,13,0,5
BRDA:165,13,1,0
BRDA:175,14,0,5
BRDA:175,14,1,1
BRDA:177,15,0,0
BRDA:177,15,1,1
BRDA:186,16,0,6
BRDA:186,16,1,0
BRDA:190,17,0,0
BRDA:190,17,1,0
BRF:36
BRH:18
end_of_record
TN:
SF:src\pages\Messages.tsx
FN:40,(anonymous_0)
FN:46,(anonymous_1)
FN:52,(anonymous_2)
FN:66,(anonymous_3)
FN:83,(anonymous_4)
FN:95,(anonymous_5)
FN:113,(anonymous_6)
FN:120,(anonymous_7)
FN:152,(anonymous_8)
FN:170,(anonymous_9)
FN:180,(anonymous_10)
FN:194,(anonymous_11)
FNF:12
FNH:8
FNDA:9,(anonymous_0)
FNDA:5,(anonymous_1)
FNDA:7,(anonymous_2)
FNDA:1,(anonymous_3)
FNDA:1,(anonymous_4)
FNDA:0,(anonymous_5)
FNDA:3,(anonymous_6)
FNDA:0,(anonymous_7)
FNDA:0,(anonymous_8)
FNDA:1,(anonymous_9)
FNDA:1,(anonymous_10)
FNDA:0,(anonymous_11)
DA:40,2
DA:41,9
DA:42,9
DA:43,9
DA:44,9
DA:46,9
DA:47,5
DA:48,5
DA:52,9
DA:53,7
DA:54,7
DA:55,7
DA:56,7
DA:57,7
DA:59,0
DA:60,0
DA:62,7
DA:66,9
DA:67,1
DA:68,1
DA:73,1
DA:77,1
DA:79,0
DA:83,9
DA:84,1
DA:85,1
DA:89,1
DA:91,0
DA:95,9
DA:96,0
DA:99,9
DA:100,5
DA:107,4
DA:114,3
DA:116,3
DA:121,0
DA:122,0
DA:152,0
DA:171,1
DA:172,1
DA:181,1
DA:182,1
DA:195,0
DA:196,0
LF:44
LH:34
BRDA:47,0,0,5
BRDA:47,0,1,0
BRDA:99,1,0,5
BRDA:99,1,1,4
BRDA:110,2,0,1
BRDA:110,2,1,3
BRDA:119,3,0,3
BRDA:119,3,1,0
BRDA:121,4,0,0
BRDA:121,4,1,0
BRDA:158,5,0,3
BRDA:158,5,1,0
BRDA:166,6,0,3
BRDA:166,6,1,0
BRDA:188,7,0,0
BRDA:188,7,1,0
BRF:16
BRH:8
end_of_record
