TN:
SF:src\config.tsx
FNF:0
FNH:0
DA:2,3
LF:1
LH:1
BRDA:2,0,0,3
BRDA:2,0,1,0
BRF:2
BRH:1
end_of_record
TN:
SF:src\components\CreateProject.tsx
FN:11,CreateProject
FN:50,(anonymous_1)
FN:59,(anonymous_2)
FN:65,(anonymous_3)
FN:131,(anonymous_4)
FN:228,(anonymous_5)
FNF:6
FNH:5
FNDA:36,CreateProject
FNDA:24,(anonymous_1)
FNDA:24,(anonymous_2)
FNDA:4,(anonymous_3)
FNDA:0,(anonymous_4)
FNDA:540,(anonymous_5)
DA:12,36
DA:13,36
DA:28,36
DA:29,36
DA:30,36
DA:32,36
DA:50,36
DA:53,24
DA:54,24
DA:57,24
DA:59,24
DA:65,36
DA:66,4
DA:67,4
DA:69,4
DA:70,1
DA:71,1
DA:72,1
DA:76,3
DA:80,0
DA:81,0
DA:82,0
DA:86,3
DA:87,1
DA:88,1
DA:89,1
DA:92,2
DA:93,2
DA:95,2
DA:107,2
DA:108,2
DA:114,2
DA:115,1
DA:117,1
DA:120,0
DA:121,0
DA:123,0
DA:125,0
DA:127,2
DA:131,36
DA:132,0
DA:133,0
DA:134,0
DA:138,36
DA:229,540
LF:45
LH:35
BRDA:54,0,0,2
BRDA:54,0,1,22
BRDA:69,1,0,1
BRDA:69,1,1,3
BRDA:76,2,0,0
BRDA:76,2,1,3
BRDA:77,3,0,3
BRDA:77,3,1,0
BRDA:77,3,2,0
BRDA:77,3,3,3
BRDA:77,3,4,0
BRDA:86,4,0,1
BRDA:86,4,1,2
BRDA:103,5,0,0
BRDA:103,5,1,2
BRDA:104,6,0,0
BRDA:104,6,1,2
BRDA:114,7,0,1
BRDA:114,7,1,1
BRDA:117,8,0,1
BRDA:117,8,1,0
BRDA:120,9,0,0
BRDA:120,9,1,0
BRDA:121,10,0,0
BRDA:121,10,1,0
BRDA:133,11,0,0
BRDA:133,11,1,0
BRDA:147,12,0,36
BRDA:147,12,1,2
BRDA:170,13,0,36
BRDA:170,13,1,2
BRDA:189,14,0,36
BRDA:189,14,1,2
BRDA:209,15,0,36
BRDA:209,15,1,2
BRDA:225,16,0,36
BRDA:225,16,1,2
BRDA:248,17,0,36
BRDA:248,17,1,2
BRDA:265,18,0,36
BRDA:265,18,1,2
BRDA:285,19,0,36
BRDA:285,19,1,2
BRDA:295,20,0,2
BRDA:295,20,1,0
BRDA:295,20,2,0
BRDA:317,21,0,36
BRDA:317,21,1,1
BRDA:329,22,0,1
BRDA:329,22,1,0
BRDA:329,22,2,0
BRDA:359,23,0,36
BRDA:359,23,1,2
BRDA:368,24,0,2
BRDA:368,24,1,34
BRF:55
BRH:38
end_of_record
TN:
SF:src\components\EditProject.tsx
FN:22,EditProject
FN:63,(anonymous_1)
FN:64,(anonymous_2)
FN:104,(anonymous_3)
FN:109,(anonymous_4)
FN:119,(anonymous_5)
FN:235,(anonymous_6)
FN:366,(anonymous_7)
FNF:8
FNH:7
FNDA:13,EditProject
FNDA:4,(anonymous_1)
FNDA:4,(anonymous_2)
FNDA:8,(anonymous_3)
FNDA:1,(anonymous_4)
FNDA:2,(anonymous_5)
FNDA:135,(anonymous_6)
FNDA:0,(anonymous_7)
DA:23,13
DA:24,13
DA:25,13
DA:40,13
DA:41,13
DA:42,13
DA:43,13
DA:45,13
DA:63,13
DA:64,4
DA:65,4
DA:66,4
DA:67,4
DA:71,4
DA:72,4
DA:75,4
DA:90,0
DA:93,0
DA:94,0
DA:96,4
DA:100,4
DA:104,13
DA:105,8
DA:106,8
DA:109,13
DA:110,1
DA:111,1
DA:113,1
DA:119,13
DA:120,2
DA:121,2
DA:123,2
DA:124,0
DA:125,0
DA:126,0
DA:129,2
DA:130,2
DA:132,2
DA:133,2
DA:137,2
DA:138,1
DA:140,1
DA:143,0
DA:144,0
DA:146,2
DA:150,13
DA:151,4
DA:163,9
DA:236,135
DA:366,0
LF:50
LH:41
BRDA:71,0,0,4
BRDA:71,0,1,0
BRDA:83,1,0,4
BRDA:83,1,1,0
BRDA:85,2,0,4
BRDA:85,2,1,0
BRDA:86,3,0,4
BRDA:86,3,1,0
BRDA:90,4,0,0
BRDA:90,4,1,0
BRDA:115,5,0,0
BRDA:115,5,1,1
BRDA:123,6,0,0
BRDA:123,6,1,2
BRDA:137,7,0,1
BRDA:137,7,1,1
BRDA:140,8,0,1
BRDA:140,8,1,0
BRDA:150,9,0,4
BRDA:150,9,1,9
BRDA:172,10,0,9
BRDA:172,10,1,1
BRDA:290,11,0,9
BRDA:290,11,1,9
BRDA:315,12,0,9
BRDA:315,12,1,9
BRDA:361,13,0,2
BRDA:361,13,1,7
BRF:28
BRH:19
end_of_record
TN:
SF:src\components\auth\SignUp.tsx
FN:23,(anonymous_0)
FN:39,(anonymous_1)
FN:77,(anonymous_2)
FN:79,(anonymous_3)
FN:85,(anonymous_4)
FNF:5
FNH:5
FNDA:20,(anonymous_0)
FNDA:2,(anonymous_1)
FNDA:11,(anonymous_2)
FNDA:11,(anonymous_3)
FNDA:20,(anonymous_4)
DA:23,1
DA:24,20
DA:26,20
DA:27,20
DA:28,20
DA:36,20
DA:37,20
DA:39,20
DA:40,2
DA:41,2
DA:43,2
DA:44,0
DA:45,0
DA:46,0
DA:49,2
DA:51,2
DA:52,2
DA:57,1
DA:58,1
DA:60,1
DA:61,1
DA:62,1
DA:65,1
DA:66,0
DA:68,1
DA:72,0
DA:77,20
DA:78,11
DA:79,11
DA:85,20
DA:86,20
DA:87,19
DA:117,1
DA:118,1
DA:136,0
DA:139,20
LF:36
LH:30
BRDA:43,0,0,0
BRDA:43,0,1,2
BRDA:61,1,0,1
BRDA:61,1,1,0
BRDA:65,2,0,0
BRDA:65,2,1,1
BRDA:68,3,0,1
BRDA:68,3,1,0
BRDA:86,4,0,19
BRDA:86,4,1,1
BRDA:117,5,0,1
BRDA:117,5,1,0
BRDA:143,6,0,20
BRDA:143,6,1,1
BRF:14
BRH:9
end_of_record
TN:
SF:src\components\dashboard\Calendar.tsx
FN:28,(anonymous_0)
FN:33,(anonymous_1)
FN:36,(anonymous_2)
FN:60,(anonymous_3)
FN:64,(anonymous_4)
FN:68,(anonymous_5)
FN:72,(anonymous_6)
FN:76,(anonymous_7)
FN:81,(anonymous_8)
FN:86,(anonymous_9)
FN:88,(anonymous_10)
FN:94,(anonymous_11)
FN:126,(anonymous_12)
FNF:13
FNH:11
FNDA:12,(anonymous_0)
FNDA:5,(anonymous_1)
FNDA:4,(anonymous_2)
FNDA:12,(anonymous_3)
FNDA:12,(anonymous_4)
FNDA:1,(anonymous_5)
FNDA:1,(anonymous_6)
FNDA:0,(anonymous_7)
FNDA:1323,(anonymous_8)
FNDA:361,(anonymous_9)
FNDA:240,(anonymous_10)
FNDA:12,(anonymous_11)
FNDA:0,(anonymous_12)
DA:28,1
DA:29,12
DA:30,12
DA:33,12
DA:34,5
DA:36,5
DA:38,4
DA:47,4
DA:56,5
DA:60,12
DA:61,12
DA:64,12
DA:65,12
DA:68,12
DA:69,1
DA:72,12
DA:73,1
DA:76,12
DA:77,0
DA:81,12
DA:82,1323
DA:86,12
DA:87,361
DA:88,361
DA:89,240
DA:94,12
DA:95,12
DA:96,12
DA:97,12
DA:98,12
DA:100,12
DA:103,12
DA:106,12
DA:107,38
DA:111,12
DA:112,361
DA:113,361
DA:114,361
DA:116,361
DA:118,361
DA:127,0
DA:147,12
DA:150,12
LF:43
LH:41
BRDA:121,0,0,11
BRDA:121,0,1,350
BRDA:121,1,0,0
BRDA:121,1,1,361
BRDA:124,2,0,361
BRDA:124,2,1,0
BRDA:129,3,0,0
BRDA:129,3,1,0
BRDA:130,4,0,0
BRDA:130,4,1,0
BRDA:132,5,0,0
BRDA:132,5,1,0
BRDA:134,6,0,0
BRDA:134,6,1,0
BRDA:137,7,0,0
BRDA:137,7,1,0
BRF:16
BRH:4
end_of_record
TN:
SF:src\components\dashboard\Dashboard.tsx
FN:35,(anonymous_0)
FN:44,(anonymous_1)
FN:45,(anonymous_2)
FN:91,(anonymous_3)
FN:102,(anonymous_4)
FN:110,(anonymous_5)
FN:123,(anonymous_6)
FN:128,(anonymous_7)
FN:137,(anonymous_8)
FN:140,(anonymous_9)
FN:144,(anonymous_10)
FN:150,(anonymous_11)
FN:154,(anonymous_12)
FN:211,(anonymous_13)
FN:217,(anonymous_14)
FN:223,(anonymous_15)
FN:229,(anonymous_16)
FN:235,(anonymous_17)
FN:305,(anonymous_18)
FN:372,(anonymous_19)
FN:396,(anonymous_20)
FNF:21
FNH:14
FNDA:7,(anonymous_0)
FNDA:3,(anonymous_1)
FNDA:3,(anonymous_2)
FNDA:1,(anonymous_3)
FNDA:3,(anonymous_4)
FNDA:9,(anonymous_5)
FNDA:6,(anonymous_6)
FNDA:3,(anonymous_7)
FNDA:3,(anonymous_8)
FNDA:3,(anonymous_9)
FNDA:0,(anonymous_10)
FNDA:3,(anonymous_11)
FNDA:0,(anonymous_12)
FNDA:0,(anonymous_13)
FNDA:0,(anonymous_14)
FNDA:0,(anonymous_15)
FNDA:0,(anonymous_16)
FNDA:0,(anonymous_17)
FNDA:3,(anonymous_18)
FNDA:9,(anonymous_19)
FNDA:3,(anonymous_20)
DA:35,1
DA:36,7
DA:37,7
DA:38,7
DA:39,7
DA:40,7
DA:41,7
DA:42,7
DA:44,7
DA:45,3
DA:46,3
DA:47,3
DA:49,3
DA:53,2
DA:54,2
DA:56,0
DA:60,2
DA:81,1
DA:82,1
DA:84,3
DA:88,3
DA:91,7
DA:92,1
DA:93,1
DA:94,1
DA:95,1
DA:97,0
DA:98,0
DA:102,7
DA:103,3
DA:104,3
DA:106,0
DA:110,7
DA:111,9
DA:113,3
DA:115,3
DA:117,3
DA:119,0
DA:123,7
DA:124,6
DA:125,6
DA:128,7
DA:129,3
DA:130,3
DA:137,7
DA:138,3
DA:139,3
DA:141,3
DA:142,3
DA:144,0
DA:148,3
DA:149,3
DA:151,3
DA:152,3
DA:154,0
DA:157,3
DA:160,0
DA:163,7
DA:164,3
DA:176,4
DA:177,1
DA:186,3
DA:188,3
DA:211,0
DA:217,0
DA:223,0
DA:229,0
DA:235,0
DA:306,3
DA:373,9
DA:397,3
DA:398,3
DA:400,3
LF:73
LH:60
BRDA:53,0,0,2
BRDA:53,0,1,0
BRDA:103,1,0,3
BRDA:103,1,1,0
BRDA:111,2,0,3
BRDA:111,2,1,3
BRDA:111,2,2,3
BRDA:111,2,3,0
BRDA:148,3,0,3
BRDA:148,3,1,0
BRDA:163,4,0,3
BRDA:163,4,1,4
BRDA:176,5,0,1
BRDA:176,5,1,3
BRDA:197,6,0,3
BRDA:197,6,1,0
BRDA:201,7,0,0
BRDA:201,7,1,0
BRDA:210,8,0,3
BRDA:210,8,1,0
BRDA:216,9,0,0
BRDA:216,9,1,3
BRDA:222,10,0,0
BRDA:222,10,1,3
BRDA:228,11,0,0
BRDA:228,11,1,3
BRDA:234,12,0,0
BRDA:234,12,1,3
BRDA:259,13,0,3
BRDA:259,13,1,3
BRDA:289,14,0,0
BRDA:289,14,1,3
BRDA:312,15,0,3
BRDA:312,15,1,3
BRDA:318,16,0,0
BRDA:318,16,1,3
BRDA:325,17,0,3
BRDA:325,17,1,0
BRDA:331,18,0,3
BRDA:331,18,1,3
BRDA:334,19,0,3
BRDA:334,19,1,0
BRDA:391,20,0,0
BRDA:391,20,1,3
BRDA:402,21,0,0
BRDA:402,21,1,3
BRDA:409,22,0,0
BRDA:409,22,1,3
BRDA:409,23,0,3
BRDA:409,23,1,0
BRDA:423,24,0,3
BRDA:423,24,1,0
BRF:52
BRH:31
end_of_record
TN:
SF:src\context\AuthContext.tsx
FN:22,(anonymous_0)
FN:23,(anonymous_1)
FNF:2
FNH:0
FNDA:0,(anonymous_0)
FNDA:0,(anonymous_1)
DA:19,4
LF:1
LH:1
BRF:0
BRH:0
end_of_record
TN:
SF:src\pages\Chat.tsx
FN:26,(anonymous_0)
FN:34,(anonymous_1)
FN:40,(anonymous_2)
FN:44,(anonymous_3)
FN:54,(anonymous_4)
FN:89,(anonymous_5)
FN:97,(anonymous_6)
FN:104,(anonymous_7)
FN:130,(anonymous_8)
FN:163,(anonymous_9)
FNF:10
FNH:9
FNDA:6,(anonymous_0)
FNDA:2,(anonymous_1)
FNDA:5,(anonymous_2)
FNDA:2,(anonymous_3)
FNDA:1,(anonymous_4)
FNDA:1,(anonymous_5)
FNDA:0,(anonymous_6)
FNDA:5,(anonymous_7)
FNDA:5,(anonymous_8)
FNDA:1,(anonymous_9)
DA:26,1
DA:27,6
DA:28,6
DA:29,6
DA:30,6
DA:31,6
DA:32,6
DA:34,6
DA:35,2
DA:36,2
DA:40,6
DA:41,5
DA:44,6
DA:45,2
DA:46,2
DA:47,2
DA:48,2
DA:50,0
DA:54,6
DA:55,1
DA:57,1
DA:63,1
DA:64,0
DA:65,0
DA:68,1
DA:69,1
DA:76,1
DA:79,1
DA:81,1
DA:89,1
DA:90,1
DA:92,0
DA:97,6
DA:98,0
DA:99,0
DA:100,0
DA:104,6
DA:105,5
DA:108,6
DA:131,5
DA:163,1
LF:41
LH:34
BRDA:35,0,0,2
BRDA:35,0,1,0
BRDA:55,1,0,0
BRDA:55,1,1,1
BRDA:57,2,0,1
BRDA:57,2,1,0
BRDA:58,3,0,1
BRDA:58,3,1,0
BRDA:63,4,0,0
BRDA:63,4,1,1
BRDA:98,5,0,0
BRDA:98,5,1,0
BRDA:124,6,0,6
BRDA:124,6,1,4
BRDA:124,7,0,6
BRDA:124,7,1,4
BRDA:133,8,0,1
BRDA:133,8,1,4
BRDA:143,9,0,5
BRDA:143,9,1,1
BRDA:147,10,0,0
BRDA:147,10,1,1
BRDA:149,11,0,0
BRDA:149,11,1,1
BRF:24
BRH:15
end_of_record
TN:
SF:src\pages\Messages.tsx
FN:19,(anonymous_0)
FN:28,(anonymous_1)
FN:35,(anonymous_2)
FN:41,(anonymous_3)
FN:47,(anonymous_4)
FN:50,(anonymous_5)
FN:51,(anonymous_6)
FN:64,(anonymous_7)
FN:67,(anonymous_8)
FN:73,(anonymous_9)
FN:74,(anonymous_10)
FN:82,(anonymous_11)
FN:88,(anonymous_12)
FN:89,(anonymous_13)
FN:91,(anonymous_14)
FN:92,(anonymous_15)
FN:103,(anonymous_16)
FN:105,(anonymous_17)
FN:114,(anonymous_18)
FN:114,(anonymous_19)
FN:121,(anonymous_20)
FN:124,(anonymous_21)
FN:128,(anonymous_22)
FN:134,(anonymous_23)
FN:135,(anonymous_24)
FN:148,(anonymous_25)
FN:183,(anonymous_26)
FN:208,(anonymous_27)
FN:221,(anonymous_28)
FN:231,(anonymous_29)
FN:275,(anonymous_30)
FN:285,(anonymous_31)
FNF:32
FNH:23
FNDA:16,(anonymous_0)
FNDA:5,(anonymous_1)
FNDA:11,(anonymous_2)
FNDA:11,(anonymous_3)
FNDA:5,(anonymous_4)
FNDA:3,(anonymous_5)
FNDA:0,(anonymous_6)
FNDA:4,(anonymous_7)
FNDA:4,(anonymous_8)
FNDA:4,(anonymous_9)
FNDA:0,(anonymous_10)
FNDA:1,(anonymous_11)
FNDA:1,(anonymous_12)
FNDA:1,(anonymous_13)
FNDA:1,(anonymous_14)
FNDA:1,(anonymous_15)
FNDA:1,(anonymous_16)
FNDA:1,(anonymous_17)
FNDA:1,(anonymous_18)
FNDA:1,(anonymous_19)
FNDA:0,(anonymous_20)
FNDA:0,(anonymous_21)
FNDA:0,(anonymous_22)
FNDA:0,(anonymous_23)
FNDA:0,(anonymous_24)
FNDA:5,(anonymous_25)
FNDA:9,(anonymous_26)
FNDA:0,(anonymous_27)
FNDA:4,(anonymous_28)
FNDA:0,(anonymous_29)
FNDA:1,(anonymous_30)
FNDA:1,(anonymous_31)
DA:19,1
DA:20,16
DA:21,16
DA:22,16
DA:23,16
DA:24,16
DA:25,16
DA:26,16
DA:28,16
DA:29,5
DA:30,5
DA:31,5
DA:35,16
DA:36,11
DA:37,4
DA:41,16
DA:42,11
DA:43,4
DA:47,16
DA:48,5
DA:49,5
DA:50,5
DA:51,3
DA:52,3
DA:54,3
DA:56,5
DA:58,0
DA:60,5
DA:64,16
DA:65,4
DA:66,4
DA:68,4
DA:72,4
DA:73,4
DA:74,0
DA:76,4
DA:78,0
DA:82,16
DA:83,1
DA:84,1
DA:88,1
DA:89,1
DA:91,1
DA:92,1
DA:93,1
DA:99,0
DA:103,16
DA:104,1
DA:105,1
DA:106,1
DA:107,1
DA:108,1
DA:114,1
DA:116,0
DA:121,16
DA:122,0
DA:123,0
DA:124,0
DA:127,0
DA:129,0
DA:134,0
DA:135,0
DA:136,0
DA:142,0
DA:146,16
DA:148,16
DA:149,5
DA:150,5
DA:152,5
DA:153,5
DA:154,5
DA:156,5
DA:157,3
DA:158,3
DA:159,3
DA:161,3
DA:162,3
DA:164,3
DA:167,0
DA:172,5
DA:173,5
DA:175,0
DA:177,5
DA:181,16
DA:183,16
DA:184,9
DA:185,9
DA:187,9
DA:188,4
DA:190,4
DA:191,4
DA:192,4
DA:193,4
DA:194,4
DA:196,4
DA:198,0
DA:203,9
DA:208,16
DA:209,0
DA:210,0
DA:213,16
DA:215,6
DA:222,4
DA:223,4
DA:224,4
DA:225,4
DA:227,4
DA:231,0
DA:276,1
DA:277,1
DA:286,1
DA:287,1
LF:112
LH:92
BRDA:36,0,0,4
BRDA:36,0,1,7
BRDA:42,1,0,4
BRDA:42,1,1,7
BRDA:51,2,0,3
BRDA:51,2,1,0
BRDA:93,3,0,1
BRDA:93,3,1,0
BRDA:106,4,0,0
BRDA:106,4,1,1
BRDA:111,5,0,1
BRDA:111,5,1,1
BRDA:124,6,0,0
BRDA:124,6,1,0
BRDA:124,6,2,0
BRDA:136,7,0,0
BRDA:136,7,1,0
BRDA:136,8,0,0
BRDA:136,8,1,0
BRDA:157,9,0,3
BRDA:157,9,1,0
BRDA:190,10,0,4
BRDA:190,10,1,0
BRDA:213,11,0,10
BRDA:213,11,1,6
BRDA:218,12,0,2
BRDA:218,12,1,4
BRDA:230,13,0,1
BRDA:230,13,1,3
BRDA:231,14,0,0
BRDA:231,14,1,0
BRDA:251,15,0,4
BRDA:251,15,1,4
BRDA:256,16,0,4
BRDA:256,16,1,4
BRDA:259,17,0,4
BRDA:259,17,1,4
BRDA:264,18,0,1
BRDA:264,18,1,3
BRDA:270,19,0,3
BRDA:270,19,1,1
BRDA:271,20,0,3
BRDA:271,20,1,0
BRDA:293,21,0,0
BRDA:293,21,1,0
BRF:45
BRH:28
end_of_record
