{"/home/vmuser/Desktop/hithere/FrontEnd/research-nexus/src/components/CreateProject.tsx": {"path":"/home/vmuser/Desktop/hithere/FrontEnd/research-nexus/src/components/CreateProject.tsx","statementMap":{"0":{"start":{"line":1,"column":0},"end":{"line":1,"column":null}},"1":{"start":{"line":2,"column":0},"end":{"line":2,"column":null}},"2":{"start":{"line":3,"column":0},"end":{"line":3,"column":null}},"3":{"start":{"line":4,"column":0},"end":{"line":4,"column":null}},"4":{"start":{"line":12,"column":19},"end":{"line":12,"column":32}},"5":{"start":{"line":13,"column":34},"end":{"line":26,"column":4}},"6":{"start":{"line":26,"column":4},"end":{"line":26,"column":null}},"7":{"start":{"line":13,"column":17},"end":{"line":13,"column":19}},"8":{"start":{"line":13,"column":30},"end":{"line":13,"column":34}},"9":{"start":{"line":28,"column":36},"end":{"line":28,"column":51}},"10":{"start":{"line":28,"column":51},"end":{"line":28,"column":null}},"11":{"start":{"line":28,"column":18},"end":{"line":28,"column":20}},"12":{"start":{"line":28,"column":32},"end":{"line":28,"column":36}},"13":{"start":{"line":29,"column":42},"end":{"line":29,"column":57}},"14":{"start":{"line":29,"column":57},"end":{"line":29,"column":null}},"15":{"start":{"line":29,"column":21},"end":{"line":29,"column":23}},"16":{"start":{"line":29,"column":38},"end":{"line":29,"column":42}},"17":{"start":{"line":30,"column":28},"end":{"line":30,"column":40}},"18":{"start":{"line":30,"column":40},"end":{"line":30,"column":null}},"19":{"start":{"line":30,"column":14},"end":{"line":30,"column":16}},"20":{"start":{"line":30,"column":24},"end":{"line":30,"column":28}},"21":{"start":{"line":32,"column":24},"end":{"line":47,"column":null}},"22":{"start":{"line":50,"column":23},"end":{"line":63,"column":3}},"23":{"start":{"line":53,"column":19},"end":{"line":53,"column":27}},"24":{"start":{"line":54,"column":18},"end":{"line":56,"column":20}},"25":{"start":{"line":57,"column":17},"end":{"line":57,"column":28}},"26":{"start":{"line":59,"column":4},"end":{"line":62,"column":null}},"27":{"start":{"line":59,"column":21},"end":{"line":61,"column":null}},"28":{"start":{"line":65,"column":20},"end":{"line":65,"column":23}},"29":{"start":{"line":65,"column":20},"end":{"line":129,"column":null}},"30":{"start":{"line":65,"column":65},"end":{"line":127,"column":null}},"31":{"start":{"line":66,"column":4},"end":{"line":66,"column":null}},"32":{"start":{"line":67,"column":10},"end":{"line":67,"column":null}},"33":{"start":{"line":67,"column":32},"end":{"line":69,"column":null}},"34":{"start":{"line":69,"column":38},"end":{"line":69,"column":null}},"35":{"start":{"line":70,"column":6},"end":{"line":70,"column":null}},"36":{"start":{"line":71,"column":6},"end":{"line":71,"column":25}},"37":{"start":{"line":71,"column":25},"end":{"line":71,"column":null}},"38":{"start":{"line":71,"column":25},"end":{"line":78,"column":null}},"39":{"start":{"line":78,"column":74},"end":{"line":78,"column":null}},"40":{"start":{"line":80,"column":6},"end":{"line":80,"column":null}},"41":{"start":{"line":81,"column":6},"end":{"line":81,"column":25}},"42":{"start":{"line":81,"column":25},"end":{"line":81,"column":null}},"43":{"start":{"line":81,"column":25},"end":{"line":86,"column":null}},"44":{"start":{"line":86,"column":65},"end":{"line":86,"column":null}},"45":{"start":{"line":87,"column":6},"end":{"line":87,"column":null}},"46":{"start":{"line":88,"column":6},"end":{"line":88,"column":25}},"47":{"start":{"line":88,"column":25},"end":{"line":88,"column":null}},"48":{"start":{"line":92,"column":4},"end":{"line":92,"column":null}},"49":{"start":{"line":93,"column":4},"end":{"line":93,"column":null}},"50":{"start":{"line":95,"column":10},"end":{"line":104,"column":null}},"51":{"start":{"line":104,"column":96},"end":{"line":104,"column":null}},"52":{"start":{"line":104,"column":96},"end":{"line":112,"column":null}},"53":{"start":{"line":108,"column":12},"end":{"line":108,"column":29}},"54":{"start":{"line":114,"column":6},"end":{"line":118,"column":7}},"55":{"start":{"line":115,"column":8},"end":{"line":115,"column":null}},"56":{"start":{"line":117,"column":8},"end":{"line":117,"column":null}},"57":{"start":{"line":118,"column":7},"end":{"line":118,"column":null}},"58":{"start":{"line":120,"column":6},"end":{"line":124,"column":null}},"59":{"start":{"line":121,"column":8},"end":{"line":121,"column":null}},"60":{"start":{"line":123,"column":8},"end":{"line":123,"column":null}},"61":{"start":{"line":125,"column":6},"end":{"line":125,"column":52}},"62":{"start":{"line":125,"column":52},"end":{"line":125,"column":null}},"63":{"start":{"line":127,"column":6},"end":{"line":127,"column":29}},"64":{"start":{"line":127,"column":29},"end":{"line":127,"column":null}},"65":{"start":{"line":129,"column":3},"end":{"line":65,"column":23}},"66":{"start":{"line":131,"column":23},"end":{"line":136,"column":3}},"67":{"start":{"line":132,"column":24},"end":{"line":132,"column":87}},"68":{"start":{"line":133,"column":4},"end":{"line":135,"column":null}},"69":{"start":{"line":134,"column":6},"end":{"line":134,"column":null}},"70":{"start":{"line":138,"column":2},"end":{"line":391,"column":null}},"71":{"start":{"line":228,"column":44},"end":{"line":229,"column":null}},"72":{"start":{"line":395,"column":0},"end":{"line":395,"column":null}}},"fnMap":{"0":{"name":"CreateProject","decl":{"start":{"line":11,"column":9},"end":{"line":11,"column":22}},"loc":{"start":{"line":11,"column":22},"end":{"line":393,"column":null}}},"1":{"name":"handleChange","decl":{"start":{"line":50,"column":8},"end":{"line":50,"column":20}},"loc":{"start":{"line":52,"column":6},"end":{"line":63,"column":3}}},"2":{"name":"(anonymous_75)","decl":{"start":{"line":59,"column":16},"end":{"line":59,"column":17}},"loc":{"start":{"line":59,"column":21},"end":{"line":61,"column":null}}},"3":{"name":"(anonymous_76)","decl":{"start":{"line":65,"column":20},"end":{"line":65,"column":23}},"loc":{"start":{"line":65,"column":20},"end":{"line":65,"column":23}}},"4":{"name":"_callee","decl":{"start":{"line":65,"column":23},"end":{"line":65,"column":30}},"loc":{"start":{"line":65,"column":65},"end":{"line":127,"column":null}}},"5":{"name":"_callee$","decl":{"start":{"line":65,"column":65},"end":{"line":65,"column":null}},"loc":{"start":{"line":65,"column":65},"end":{"line":127,"column":null}}},"6":{"name":"handleSubmit","decl":{"start":{"line":65,"column":8},"end":{"line":65,"column":20}},"loc":{"start":{"line":65,"column":20},"end":{"line":65,"column":23}}},"7":{"name":"handleCancel","decl":{"start":{"line":131,"column":8},"end":{"line":131,"column":20}},"loc":{"start":{"line":131,"column":28},"end":{"line":136,"column":3}}},"8":{"name":"(anonymous_81)","decl":{"start":{"line":228,"column":39},"end":{"line":228,"column":40}},"loc":{"start":{"line":228,"column":44},"end":{"line":229,"column":null}}}},"branchMap":{"0":{"loc":{"start":{"line":54,"column":18},"end":{"line":56,"column":20}},"type":"cond-expr","locations":[{"start":{"line":55,"column":9},"end":{"line":55,"column":44}},{"start":{"line":56,"column":8},"end":{"line":56,"column":20}}]},"1":{"loc":{"start":{"line":65,"column":65},"end":{"line":127,"column":null}},"type":"switch","locations":[{"start":{"line":65,"column":65},"end":{"line":71,"column":null}},{"start":{"line":71,"column":25},"end":{"line":81,"column":null}},{"start":{"line":81,"column":25},"end":{"line":88,"column":null}},{"start":{"line":88,"column":25},"end":{"line":112,"column":null}},{"start":{"line":112,"column":7},"end":{"line":118,"column":null}},{"start":{"line":118,"column":7},"end":{"line":125,"column":52}},{"start":{"line":125,"column":52},"end":{"line":127,"column":null}},{"start":{"line":127,"column":29},"end":{"line":127,"column":null}},{"start":{"line":127,"column":29},"end":{"line":127,"column":null}}]},"2":{"loc":{"start":{"line":67,"column":32},"end":{"line":69,"column":null}},"type":"if","locations":[{"start":{"line":67,"column":32},"end":{"line":69,"column":null}}]},"3":{"loc":{"start":{"line":71,"column":25},"end":{"line":78,"column":null}},"type":"if","locations":[{"start":{"line":71,"column":25},"end":{"line":78,"column":null}}]},"4":{"loc":{"start":{"line":77,"column":7},"end":{"line":78,"column":74}},"type":"binary-expr","locations":[{"start":{"line":77,"column":7},"end":{"line":77,"column":32}},{"start":{"line":77,"column":37},"end":{"line":77,"column":60}},{"start":{"line":77,"column":64},"end":{"line":77,"column":99}},{"start":{"line":78,"column":7},"end":{"line":78,"column":35}},{"start":{"line":78,"column":39},"end":{"line":78,"column":74}}]},"5":{"loc":{"start":{"line":81,"column":25},"end":{"line":86,"column":null}},"type":"if","locations":[{"start":{"line":81,"column":25},"end":{"line":86,"column":null}}]},"6":{"loc":{"start":{"line":103,"column":21},"end":{"line":103,"column":78}},"type":"cond-expr","locations":[{"start":{"line":103,"column":49},"end":{"line":103,"column":71}},{"start":{"line":103,"column":74},"end":{"line":103,"column":78}}]},"7":{"loc":{"start":{"line":104,"column":25},"end":{"line":104,"column":96}},"type":"cond-expr","locations":[{"start":{"line":104,"column":56},"end":{"line":104,"column":89}},{"start":{"line":104,"column":92},"end":{"line":104,"column":96}}]},"8":{"loc":{"start":{"line":114,"column":6},"end":{"line":118,"column":7}},"type":"if","locations":[{"start":{"line":114,"column":6},"end":{"line":118,"column":7}},{"start":{"line":116,"column":13},"end":{"line":118,"column":7}}]},"9":{"loc":{"start":{"line":117,"column":17},"end":{"line":117,"column":68}},"type":"binary-expr","locations":[{"start":{"line":117,"column":17},"end":{"line":117,"column":38}},{"start":{"line":117,"column":42},"end":{"line":117,"column":68}}]},"10":{"loc":{"start":{"line":120,"column":6},"end":{"line":124,"column":null}},"type":"if","locations":[{"start":{"line":120,"column":6},"end":{"line":124,"column":null}},{"start":{"line":122,"column":13},"end":{"line":124,"column":null}}]},"11":{"loc":{"start":{"line":121,"column":17},"end":{"line":121,"column":87}},"type":"binary-expr","locations":[{"start":{"line":121,"column":17},"end":{"line":121,"column":44}},{"start":{"line":121,"column":48},"end":{"line":121,"column":87}}]},"12":{"loc":{"start":{"line":121,"column":17},"end":{"line":121,"column":44}},"type":"cond-expr","locations":[{"start":{"line":121,"column":35},"end":{"line":121,"column":37}},{"start":{"line":121,"column":17},"end":{"line":121,"column":44}}]},"13":{"loc":{"start":{"line":121,"column":17},"end":{"line":121,"column":37}},"type":"binary-expr","locations":[{"start":{"line":121,"column":17},"end":{"line":121,"column":31}},{"start":{"line":121,"column":29},"end":{"line":121,"column":31}},{"start":{"line":121,"column":29},"end":{"line":121,"column":37}},{"start":{"line":121,"column":35},"end":{"line":121,"column":37}}]},"14":{"loc":{"start":{"line":133,"column":4},"end":{"line":135,"column":null}},"type":"if","locations":[{"start":{"line":133,"column":4},"end":{"line":135,"column":null}}]},"15":{"loc":{"start":{"line":147,"column":15},"end":{"line":155,"column":null}},"type":"binary-expr","locations":[{"start":{"line":147,"column":15},"end":{"line":147,"column":20}},{"start":{"line":148,"column":16},"end":{"line":155,"column":null}}]},"16":{"loc":{"start":{"line":170,"column":31},"end":{"line":170,"column":59}},"type":"binary-expr","locations":[{"start":{"line":170,"column":31},"end":{"line":170,"column":40}},{"start":{"line":170,"column":44},"end":{"line":170,"column":59}}]},"17":{"loc":{"start":{"line":189,"column":31},"end":{"line":189,"column":65}},"type":"binary-expr","locations":[{"start":{"line":189,"column":31},"end":{"line":189,"column":40}},{"start":{"line":189,"column":44},"end":{"line":189,"column":65}}]},"18":{"loc":{"start":{"line":209,"column":31},"end":{"line":209,"column":67}},"type":"binary-expr","locations":[{"start":{"line":209,"column":31},"end":{"line":209,"column":40}},{"start":{"line":209,"column":44},"end":{"line":209,"column":67}}]},"19":{"loc":{"start":{"line":225,"column":31},"end":{"line":225,"column":66}},"type":"binary-expr","locations":[{"start":{"line":225,"column":31},"end":{"line":225,"column":40}},{"start":{"line":225,"column":44},"end":{"line":225,"column":66}}]},"20":{"loc":{"start":{"line":248,"column":35},"end":{"line":248,"column":67}},"type":"binary-expr","locations":[{"start":{"line":248,"column":35},"end":{"line":248,"column":44}},{"start":{"line":248,"column":48},"end":{"line":248,"column":67}}]},"21":{"loc":{"start":{"line":265,"column":35},"end":{"line":265,"column":65}},"type":"binary-expr","locations":[{"start":{"line":265,"column":35},"end":{"line":265,"column":44}},{"start":{"line":265,"column":48},"end":{"line":265,"column":65}}]},"22":{"loc":{"start":{"line":285,"column":17},"end":{"line":302,"column":null}},"type":"binary-expr","locations":[{"start":{"line":285,"column":17},"end":{"line":285,"column":42}},{"start":{"line":286,"column":18},"end":{"line":302,"column":null}}]},"23":{"loc":{"start":{"line":295,"column":33},"end":{"line":295,"column":98}},"type":"binary-expr","locations":[{"start":{"line":295,"column":33},"end":{"line":295,"column":42}},{"start":{"line":295,"column":46},"end":{"line":295,"column":71}},{"start":{"line":295,"column":75},"end":{"line":295,"column":98}}]},"24":{"loc":{"start":{"line":317,"column":17},"end":{"line":333,"column":null}},"type":"binary-expr","locations":[{"start":{"line":317,"column":17},"end":{"line":317,"column":45}},{"start":{"line":318,"column":18},"end":{"line":333,"column":null}}]},"25":{"loc":{"start":{"line":329,"column":33},"end":{"line":329,"column":105}},"type":"binary-expr","locations":[{"start":{"line":329,"column":33},"end":{"line":329,"column":42}},{"start":{"line":329,"column":46},"end":{"line":329,"column":74}},{"start":{"line":329,"column":78},"end":{"line":329,"column":105}}]},"26":{"loc":{"start":{"line":359,"column":31},"end":{"line":359,"column":66}},"type":"binary-expr","locations":[{"start":{"line":359,"column":31},"end":{"line":359,"column":40}},{"start":{"line":359,"column":44},"end":{"line":359,"column":66}}]},"27":{"loc":{"start":{"line":368,"column":21},"end":{"line":374,"column":null}},"type":"cond-expr","locations":[{"start":{"line":369,"column":22},"end":{"line":370,"column":null}},{"start":{"line":374,"column":22},"end":{"line":374,"column":null}}]}},"s":{"0":1,"1":1,"2":1,"3":1,"4":36,"5":36,"6":36,"7":36,"8":36,"9":36,"10":36,"11":36,"12":36,"13":36,"14":36,"15":36,"16":36,"17":36,"18":36,"19":36,"20":36,"21":36,"22":36,"23":24,"24":24,"25":24,"26":24,"27":24,"28":40,"29":36,"30":34,"31":4,"32":4,"33":4,"34":6,"35":1,"36":1,"37":1,"38":3,"39":6,"40":0,"41":0,"42":0,"43":3,"44":4,"45":1,"46":1,"47":1,"48":2,"49":2,"50":2,"51":4,"52":2,"53":2,"54":2,"55":1,"56":1,"57":4,"58":0,"59":0,"60":0,"61":0,"62":2,"63":2,"64":6,"65":36,"66":36,"67":0,"68":0,"69":0,"70":36,"71":540,"72":1},"f":{"0":36,"1":24,"2":24,"3":36,"4":4,"5":10,"6":4,"7":0,"8":540},"b":{"0":[2,22],"1":[4,3,3,2,2,0,2,2,4],"2":[3],"3":[3],"4":[3,0,0,3,0],"5":[2],"6":[0,2],"7":[0,2],"8":[1,1],"9":[1,0],"10":[0,0],"11":[0,0],"12":[0,0],"13":[0,0,0,0],"14":[0],"15":[36,2],"16":[36,2],"17":[36,2],"18":[36,2],"19":[36,2],"20":[36,2],"21":[36,2],"22":[36,2],"23":[2,0,0],"24":[36,1],"25":[1,0,0],"26":[36,2],"27":[2,34]}}
,"/home/vmuser/Desktop/hithere/FrontEnd/research-nexus/src/components/EditProject.tsx": {"path":"/home/vmuser/Desktop/hithere/FrontEnd/research-nexus/src/components/EditProject.tsx","statementMap":{"0":{"start":{"line":1,"column":0},"end":{"line":1,"column":null}},"1":{"start":{"line":2,"column":0},"end":{"line":2,"column":null}},"2":{"start":{"line":3,"column":0},"end":{"line":3,"column":null}},"3":{"start":{"line":4,"column":0},"end":{"line":4,"column":null}},"4":{"start":{"line":22,"column":19},"end":{"line":22,"column":32}},"5":{"start":{"line":23,"column":17},"end":{"line":23,"column":44}},"6":{"start":{"line":23,"column":12},"end":{"line":23,"column":11}},"7":{"start":{"line":24,"column":34},"end":{"line":37,"column":4}},"8":{"start":{"line":37,"column":4},"end":{"line":37,"column":null}},"9":{"start":{"line":24,"column":17},"end":{"line":24,"column":19}},"10":{"start":{"line":24,"column":30},"end":{"line":24,"column":34}},"11":{"start":{"line":39,"column":36},"end":{"line":39,"column":60}},"12":{"start":{"line":39,"column":60},"end":{"line":39,"column":null}},"13":{"start":{"line":39,"column":18},"end":{"line":39,"column":20}},"14":{"start":{"line":39,"column":32},"end":{"line":39,"column":36}},"15":{"start":{"line":40,"column":42},"end":{"line":40,"column":66}},"16":{"start":{"line":40,"column":66},"end":{"line":40,"column":null}},"17":{"start":{"line":40,"column":21},"end":{"line":40,"column":23}},"18":{"start":{"line":40,"column":38},"end":{"line":40,"column":42}},"19":{"start":{"line":41,"column":36},"end":{"line":41,"column":59}},"20":{"start":{"line":41,"column":59},"end":{"line":41,"column":null}},"21":{"start":{"line":41,"column":18},"end":{"line":41,"column":20}},"22":{"start":{"line":41,"column":32},"end":{"line":41,"column":36}},"23":{"start":{"line":42,"column":28},"end":{"line":42,"column":48}},"24":{"start":{"line":42,"column":48},"end":{"line":42,"column":null}},"25":{"start":{"line":42,"column":14},"end":{"line":42,"column":16}},"26":{"start":{"line":42,"column":24},"end":{"line":42,"column":28}},"27":{"start":{"line":44,"column":34},"end":{"line":59,"column":null}},"28":{"start":{"line":62,"column":2},"end":{"line":100,"column":null}},"29":{"start":{"line":63,"column":26},"end":{"line":63,"column":29}},"30":{"start":{"line":63,"column":26},"end":{"line":97,"column":null}},"31":{"start":{"line":63,"column":29},"end":{"line":95,"column":null}},"32":{"start":{"line":64,"column":6},"end":{"line":64,"column":25}},"33":{"start":{"line":64,"column":25},"end":{"line":64,"column":null}},"34":{"start":{"line":64,"column":25},"end":{"line":68,"column":null}},"35":{"start":{"line":66,"column":14},"end":{"line":66,"column":31}},"36":{"start":{"line":70,"column":8},"end":{"line":90,"column":9}},"37":{"start":{"line":71,"column":16},"end":{"line":71,"column":null}},"38":{"start":{"line":74,"column":10},"end":{"line":87,"column":null}},"39":{"start":{"line":89,"column":10},"end":{"line":89,"column":null}},"40":{"start":{"line":90,"column":9},"end":{"line":90,"column":null}},"41":{"start":{"line":92,"column":8},"end":{"line":92,"column":null}},"42":{"start":{"line":93,"column":8},"end":{"line":93,"column":53}},"43":{"start":{"line":93,"column":53},"end":{"line":93,"column":null}},"44":{"start":{"line":95,"column":8},"end":{"line":95,"column":28}},"45":{"start":{"line":95,"column":28},"end":{"line":95,"column":null}},"46":{"start":{"line":97,"column":5},"end":{"line":63,"column":29}},"47":{"start":{"line":99,"column":4},"end":{"line":99,"column":null}},"48":{"start":{"line":103,"column":29},"end":{"line":106,"column":3}},"49":{"start":{"line":104,"column":17},"end":{"line":104,"column":37}},"50":{"start":{"line":105,"column":4},"end":{"line":105,"column":null}},"51":{"start":{"line":108,"column":23},"end":{"line":116,"column":3}},"52":{"start":{"line":109,"column":34},"end":{"line":109,"column":42}},"53":{"start":{"line":109,"column":16},"end":{"line":109,"column":15}},"54":{"start":{"line":109,"column":23},"end":{"line":109,"column":22}},"55":{"start":{"line":109,"column":29},"end":{"line":109,"column":28}},"56":{"start":{"line":110,"column":21},"end":{"line":110,"column":58}},"57":{"start":{"line":112,"column":4},"end":{"line":115,"column":null}},"58":{"start":{"line":118,"column":20},"end":{"line":118,"column":23}},"59":{"start":{"line":118,"column":20},"end":{"line":147,"column":null}},"60":{"start":{"line":118,"column":59},"end":{"line":145,"column":null}},"61":{"start":{"line":119,"column":4},"end":{"line":119,"column":null}},"62":{"start":{"line":120,"column":10},"end":{"line":120,"column":null}},"63":{"start":{"line":120,"column":32},"end":{"line":122,"column":null}},"64":{"start":{"line":122,"column":38},"end":{"line":122,"column":null}},"65":{"start":{"line":123,"column":6},"end":{"line":123,"column":null}},"66":{"start":{"line":124,"column":6},"end":{"line":124,"column":25}},"67":{"start":{"line":124,"column":25},"end":{"line":124,"column":null}},"68":{"start":{"line":128,"column":4},"end":{"line":128,"column":null}},"69":{"start":{"line":129,"column":4},"end":{"line":129,"column":17}},"70":{"start":{"line":129,"column":17},"end":{"line":129,"column":null}},"71":{"start":{"line":129,"column":17},"end":{"line":134,"column":null}},"72":{"start":{"line":132,"column":12},"end":{"line":132,"column":29}},"73":{"start":{"line":136,"column":6},"end":{"line":140,"column":7}},"74":{"start":{"line":137,"column":8},"end":{"line":137,"column":null}},"75":{"start":{"line":139,"column":8},"end":{"line":139,"column":null}},"76":{"start":{"line":140,"column":7},"end":{"line":140,"column":null}},"77":{"start":{"line":142,"column":6},"end":{"line":142,"column":null}},"78":{"start":{"line":143,"column":6},"end":{"line":143,"column":50}},"79":{"start":{"line":143,"column":50},"end":{"line":143,"column":null}},"80":{"start":{"line":145,"column":6},"end":{"line":145,"column":29}},"81":{"start":{"line":145,"column":29},"end":{"line":145,"column":null}},"82":{"start":{"line":147,"column":3},"end":{"line":118,"column":23}},"83":{"start":{"line":149,"column":2},"end":{"line":160,"column":null}},"84":{"start":{"line":150,"column":4},"end":{"line":158,"column":null}},"85":{"start":{"line":162,"column":2},"end":{"line":375,"column":null}},"86":{"start":{"line":234,"column":49},"end":{"line":235,"column":null}},"87":{"start":{"line":365,"column":7},"end":{"line":365,"column":null}},"88":{"start":{"line":379,"column":0},"end":{"line":379,"column":null}}},"fnMap":{"0":{"name":"EditProject","decl":{"start":{"line":21,"column":9},"end":{"line":21,"column":20}},"loc":{"start":{"line":21,"column":20},"end":{"line":377,"column":null}}},"1":{"name":"(anonymous_74)","decl":{"start":{"line":62,"column":12},"end":{"line":62,"column":17}},"loc":{"start":{"line":62,"column":17},"end":{"line":100,"column":3}}},"2":{"name":"(anonymous_75)","decl":{"start":{"line":63,"column":26},"end":{"line":63,"column":29}},"loc":{"start":{"line":63,"column":26},"end":{"line":63,"column":29}}},"3":{"name":"_callee","decl":{"start":{"line":63,"column":29},"end":{"line":63,"column":null}},"loc":{"start":{"line":63,"column":29},"end":{"line":95,"column":null}}},"4":{"name":"fetchProjectData","decl":{"start":{"line":63,"column":10},"end":{"line":63,"column":26}},"loc":{"start":{"line":63,"column":26},"end":{"line":63,"column":29}}},"5":{"name":"formatDateForInput","decl":{"start":{"line":103,"column":8},"end":{"line":103,"column":26}},"loc":{"start":{"line":103,"column":60},"end":{"line":106,"column":3}}},"6":{"name":"handleChange","decl":{"start":{"line":108,"column":8},"end":{"line":108,"column":20}},"loc":{"start":{"line":108,"column":102},"end":{"line":116,"column":3}}},"7":{"name":"(anonymous_81)","decl":{"start":{"line":118,"column":20},"end":{"line":118,"column":23}},"loc":{"start":{"line":118,"column":20},"end":{"line":118,"column":23}}},"8":{"name":"_callee2","decl":{"start":{"line":118,"column":23},"end":{"line":118,"column":30}},"loc":{"start":{"line":118,"column":59},"end":{"line":145,"column":null}}},"9":{"name":"_callee2$","decl":{"start":{"line":118,"column":59},"end":{"line":118,"column":null}},"loc":{"start":{"line":118,"column":59},"end":{"line":145,"column":null}}},"10":{"name":"handleSubmit","decl":{"start":{"line":118,"column":8},"end":{"line":118,"column":20}},"loc":{"start":{"line":118,"column":20},"end":{"line":118,"column":23}}},"11":{"name":"(anonymous_85)","decl":{"start":{"line":234,"column":37},"end":{"line":234,"column":38}},"loc":{"start":{"line":234,"column":49},"end":{"line":235,"column":null}}},"12":{"name":"onClick","decl":{"start":{"line":365,"column":0},"end":{"line":365,"column":7}},"loc":{"start":{"line":365,"column":7},"end":{"line":365,"column":null}}}},"branchMap":{"0":{"loc":{"start":{"line":63,"column":29},"end":{"line":95,"column":null}},"type":"switch","locations":[{"start":{"line":63,"column":29},"end":{"line":68,"column":null}},{"start":{"line":68,"column":10},"end":{"line":90,"column":null}},{"start":{"line":90,"column":9},"end":{"line":93,"column":53}},{"start":{"line":93,"column":53},"end":{"line":95,"column":null}},{"start":{"line":95,"column":28},"end":{"line":95,"column":null}},{"start":{"line":95,"column":28},"end":{"line":95,"column":null}}]},"1":{"loc":{"start":{"line":70,"column":8},"end":{"line":90,"column":9}},"type":"if","locations":[{"start":{"line":70,"column":8},"end":{"line":90,"column":9}},{"start":{"line":88,"column":15},"end":{"line":90,"column":9}}]},"2":{"loc":{"start":{"line":82,"column":27},"end":{"line":82,"column":59}},"type":"binary-expr","locations":[{"start":{"line":82,"column":27},"end":{"line":82,"column":53}},{"start":{"line":82,"column":57},"end":{"line":82,"column":59}}]},"3":{"loc":{"start":{"line":84,"column":31},"end":{"line":84,"column":67}},"type":"binary-expr","locations":[{"start":{"line":84,"column":31},"end":{"line":84,"column":61}},{"start":{"line":84,"column":65},"end":{"line":84,"column":67}}]},"4":{"loc":{"start":{"line":85,"column":25},"end":{"line":85,"column":54}},"type":"binary-expr","locations":[{"start":{"line":85,"column":25},"end":{"line":85,"column":48}},{"start":{"line":85,"column":52},"end":{"line":85,"column":54}}]},"5":{"loc":{"start":{"line":89,"column":19},"end":{"line":89,"column":73}},"type":"binary-expr","locations":[{"start":{"line":89,"column":19},"end":{"line":89,"column":40}},{"start":{"line":89,"column":44},"end":{"line":89,"column":73}}]},"6":{"loc":{"start":{"line":114,"column":14},"end":{"line":114,"column":51}},"type":"cond-expr","locations":[{"start":{"line":114,"column":36},"end":{"line":114,"column":43}},{"start":{"line":114,"column":46},"end":{"line":114,"column":51}}]},"7":{"loc":{"start":{"line":118,"column":59},"end":{"line":145,"column":null}},"type":"switch","locations":[{"start":{"line":118,"column":59},"end":{"line":124,"column":null}},{"start":{"line":124,"column":25},"end":{"line":134,"column":null}},{"start":{"line":134,"column":8},"end":{"line":140,"column":null}},{"start":{"line":140,"column":7},"end":{"line":143,"column":50}},{"start":{"line":143,"column":50},"end":{"line":145,"column":null}},{"start":{"line":145,"column":29},"end":{"line":145,"column":null}},{"start":{"line":145,"column":29},"end":{"line":145,"column":null}}]},"8":{"loc":{"start":{"line":120,"column":32},"end":{"line":122,"column":null}},"type":"if","locations":[{"start":{"line":120,"column":32},"end":{"line":122,"column":null}}]},"9":{"loc":{"start":{"line":136,"column":6},"end":{"line":140,"column":7}},"type":"if","locations":[{"start":{"line":136,"column":6},"end":{"line":140,"column":7}},{"start":{"line":138,"column":13},"end":{"line":140,"column":7}}]},"10":{"loc":{"start":{"line":139,"column":17},"end":{"line":139,"column":68}},"type":"binary-expr","locations":[{"start":{"line":139,"column":17},"end":{"line":139,"column":38}},{"start":{"line":139,"column":42},"end":{"line":139,"column":68}}]},"11":{"loc":{"start":{"line":149,"column":2},"end":{"line":160,"column":null}},"type":"if","locations":[{"start":{"line":149,"column":2},"end":{"line":160,"column":null}}]},"12":{"loc":{"start":{"line":171,"column":15},"end":{"line":171,"column":73}},"type":"binary-expr","locations":[{"start":{"line":171,"column":15},"end":{"line":171,"column":20}},{"start":{"line":171,"column":24},"end":{"line":171,"column":73}}]},"13":{"loc":{"start":{"line":289,"column":1},"end":{"line":299,"column":null}},"type":"binary-expr","locations":[{"start":{"line":289,"column":1},"end":{"line":289,"column":26}},{"start":{"line":290,"column":0},"end":{"line":299,"column":null}}]},"14":{"loc":{"start":{"line":314,"column":1},"end":{"line":325,"column":null}},"type":"binary-expr","locations":[{"start":{"line":314,"column":1},"end":{"line":314,"column":29}},{"start":{"line":315,"column":0},"end":{"line":325,"column":null}}]},"15":{"loc":{"start":{"line":360,"column":1},"end":{"line":360,"column":52}},"type":"cond-expr","locations":[{"start":{"line":360,"column":16},"end":{"line":360,"column":35}},{"start":{"line":360,"column":38},"end":{"line":360,"column":52}}]}},"s":{"0":1,"1":1,"2":1,"3":1,"4":13,"5":13,"6":13,"7":13,"8":13,"9":13,"10":13,"11":13,"12":13,"13":13,"14":13,"15":13,"16":13,"17":13,"18":13,"19":13,"20":13,"21":13,"22":13,"23":13,"24":13,"25":13,"26":13,"27":13,"28":13,"29":8,"30":4,"31":32,"32":4,"33":8,"34":4,"35":4,"36":4,"37":4,"38":4,"39":0,"40":8,"41":0,"42":0,"43":4,"44":4,"45":8,"46":4,"47":4,"48":13,"49":8,"50":8,"51":13,"52":1,"53":1,"54":1,"55":1,"56":1,"57":1,"58":15,"59":13,"60":18,"61":2,"62":2,"63":2,"64":4,"65":0,"66":0,"67":0,"68":2,"69":2,"70":4,"71":2,"72":2,"73":2,"74":1,"75":1,"76":4,"77":0,"78":0,"79":2,"80":2,"81":4,"82":13,"83":13,"84":4,"85":9,"86":135,"87":0,"88":1},"f":{"0":13,"1":4,"2":4,"3":16,"4":4,"5":8,"6":1,"7":13,"8":2,"9":6,"10":2,"11":135,"12":0},"b":{"0":[4,4,0,4,4,4],"1":[4,0],"2":[4,0],"3":[4,0],"4":[4,0],"5":[0,0],"6":[0,1],"7":[2,2,2,0,2,2,2],"8":[2],"9":[1,1],"10":[1,0],"11":[4],"12":[9,1],"13":[9,9],"14":[9,9],"15":[2,7]}}
,"/home/vmuser/Desktop/hithere/FrontEnd/research-nexus/src/components/dashboard/Dashboard.tsx": {"path":"/home/vmuser/Desktop/hithere/FrontEnd/research-nexus/src/components/dashboard/Dashboard.tsx","statementMap":{"0":{"start":{"line":1,"column":0},"end":{"line":1,"column":null}},"1":{"start":{"line":2,"column":0},"end":{"line":2,"column":null}},"2":{"start":{"line":3,"column":0},"end":{"line":3,"column":null}},"3":{"start":{"line":4,"column":0},"end":{"line":4,"column":null}},"4":{"start":{"line":5,"column":0},"end":{"line":5,"column":null}},"5":{"start":{"line":6,"column":0},"end":{"line":6,"column":null}},"6":{"start":{"line":7,"column":0},"end":{"line":7,"column":null}},"7":{"start":{"line":34,"column":28},"end":{"line":431,"column":1}},"8":{"start":{"line":35,"column":27},"end":{"line":35,"column":50}},"9":{"start":{"line":35,"column":14},"end":{"line":35,"column":13}},"10":{"start":{"line":35,"column":22},"end":{"line":35,"column":21}},"11":{"start":{"line":36,"column":19},"end":{"line":36,"column":32}},"12":{"start":{"line":37,"column":36},"end":{"line":37,"column":64}},"13":{"start":{"line":37,"column":64},"end":{"line":37,"column":null}},"14":{"start":{"line":37,"column":18},"end":{"line":37,"column":20}},"15":{"start":{"line":37,"column":32},"end":{"line":37,"column":36}},"16":{"start":{"line":38,"column":34},"end":{"line":38,"column":57}},"17":{"start":{"line":38,"column":57},"end":{"line":38,"column":null}},"18":{"start":{"line":38,"column":17},"end":{"line":38,"column":19}},"19":{"start":{"line":38,"column":30},"end":{"line":38,"column":34}},"20":{"start":{"line":39,"column":44},"end":{"line":39,"column":72}},"21":{"start":{"line":39,"column":72},"end":{"line":39,"column":null}},"22":{"start":{"line":39,"column":22},"end":{"line":39,"column":24}},"23":{"start":{"line":39,"column":40},"end":{"line":39,"column":44}},"24":{"start":{"line":40,"column":36},"end":{"line":40,"column":59}},"25":{"start":{"line":40,"column":59},"end":{"line":40,"column":null}},"26":{"start":{"line":40,"column":18},"end":{"line":40,"column":20}},"27":{"start":{"line":40,"column":32},"end":{"line":40,"column":36}},"28":{"start":{"line":41,"column":28},"end":{"line":41,"column":48}},"29":{"start":{"line":41,"column":48},"end":{"line":41,"column":null}},"30":{"start":{"line":41,"column":14},"end":{"line":41,"column":16}},"31":{"start":{"line":41,"column":24},"end":{"line":41,"column":28}},"32":{"start":{"line":43,"column":2},"end":{"line":88,"column":null}},"33":{"start":{"line":44,"column":28},"end":{"line":44,"column":31}},"34":{"start":{"line":44,"column":28},"end":{"line":85,"column":null}},"35":{"start":{"line":44,"column":31},"end":{"line":83,"column":null}},"36":{"start":{"line":45,"column":6},"end":{"line":45,"column":25}},"37":{"start":{"line":45,"column":25},"end":{"line":45,"column":null}},"38":{"start":{"line":45,"column":25},"end":{"line":50,"column":null}},"39":{"start":{"line":48,"column":14},"end":{"line":48,"column":38}},"40":{"start":{"line":52,"column":8},"end":{"line":56,"column":null}},"41":{"start":{"line":53,"column":10},"end":{"line":53,"column":null}},"42":{"start":{"line":55,"column":10},"end":{"line":55,"column":null}},"43":{"start":{"line":59,"column":8},"end":{"line":78,"column":11}},"44":{"start":{"line":78,"column":11},"end":{"line":78,"column":null}},"45":{"start":{"line":80,"column":8},"end":{"line":80,"column":null}},"46":{"start":{"line":81,"column":8},"end":{"line":81,"column":47}},"47":{"start":{"line":81,"column":47},"end":{"line":81,"column":null}},"48":{"start":{"line":83,"column":8},"end":{"line":83,"column":28}},"49":{"start":{"line":83,"column":28},"end":{"line":83,"column":null}},"50":{"start":{"line":85,"column":5},"end":{"line":44,"column":31}},"51":{"start":{"line":87,"column":4},"end":{"line":87,"column":null}},"52":{"start":{"line":90,"column":20},"end":{"line":90,"column":23}},"53":{"start":{"line":90,"column":20},"end":{"line":99,"column":null}},"54":{"start":{"line":90,"column":23},"end":{"line":97,"column":null}},"55":{"start":{"line":90,"column":23},"end":{"line":90,"column":null}},"56":{"start":{"line":90,"column":23},"end":{"line":92,"column":null}},"57":{"start":{"line":92,"column":85},"end":{"line":92,"column":null}},"58":{"start":{"line":92,"column":85},"end":{"line":93,"column":null}},"59":{"start":{"line":94,"column":6},"end":{"line":94,"column":25}},"60":{"start":{"line":94,"column":25},"end":{"line":94,"column":null}},"61":{"start":{"line":96,"column":6},"end":{"line":96,"column":null}},"62":{"start":{"line":97,"column":6},"end":{"line":97,"column":51}},"63":{"start":{"line":97,"column":51},"end":{"line":97,"column":null}},"64":{"start":{"line":99,"column":3},"end":{"line":90,"column":23}},"65":{"start":{"line":101,"column":32},"end":{"line":107,"column":3}},"66":{"start":{"line":102,"column":4},"end":{"line":106,"column":null}},"67":{"start":{"line":103,"column":6},"end":{"line":103,"column":null}},"68":{"start":{"line":105,"column":6},"end":{"line":105,"column":null}},"69":{"start":{"line":109,"column":33},"end":{"line":120,"column":3}},"70":{"start":{"line":110,"column":4},"end":{"line":119,"column":null}},"71":{"start":{"line":112,"column":8},"end":{"line":112,"column":null}},"72":{"start":{"line":114,"column":8},"end":{"line":114,"column":null}},"73":{"start":{"line":116,"column":8},"end":{"line":116,"column":null}},"74":{"start":{"line":118,"column":8},"end":{"line":118,"column":null}},"75":{"start":{"line":122,"column":21},"end":{"line":125,"column":3}},"76":{"start":{"line":123,"column":48},"end":{"line":123,"column":98}},"77":{"start":{"line":124,"column":4},"end":{"line":124,"column":null}},"78":{"start":{"line":127,"column":29},"end":{"line":133,"column":3}},"79":{"start":{"line":128,"column":17},"end":{"line":128,"column":37}},"80":{"start":{"line":129,"column":4},"end":{"line":132,"column":null}},"81":{"start":{"line":136,"column":31},"end":{"line":160,"column":3}},"82":{"start":{"line":137,"column":16},"end":{"line":137,"column":26}},"83":{"start":{"line":138,"column":29},"end":{"line":144,"column":18}},"84":{"start":{"line":140,"column":24},"end":{"line":140,"column":50}},"85":{"start":{"line":141,"column":8},"end":{"line":141,"column":null}},"86":{"start":{"line":143,"column":17},"end":{"line":143,"column":86}},"87":{"start":{"line":147,"column":4},"end":{"line":157,"column":null}},"88":{"start":{"line":148,"column":27},"end":{"line":154,"column":46}},"89":{"start":{"line":150,"column":26},"end":{"line":150,"column":52}},"90":{"start":{"line":151,"column":10},"end":{"line":151,"column":null}},"91":{"start":{"line":153,"column":19},"end":{"line":153,"column":88}},"92":{"start":{"line":156,"column":6},"end":{"line":156,"column":null}},"93":{"start":{"line":159,"column":4},"end":{"line":159,"column":null}},"94":{"start":{"line":162,"column":2},"end":{"line":173,"column":null}},"95":{"start":{"line":163,"column":4},"end":{"line":171,"column":null}},"96":{"start":{"line":175,"column":2},"end":{"line":183,"column":null}},"97":{"start":{"line":176,"column":4},"end":{"line":181,"column":null}},"98":{"start":{"line":185,"column":28},"end":{"line":185,"column":50}},"99":{"start":{"line":187,"column":2},"end":{"line":429,"column":null}},"100":{"start":{"line":210,"column":19},"end":{"line":210,"column":null}},"101":{"start":{"line":216,"column":19},"end":{"line":216,"column":null}},"102":{"start":{"line":222,"column":19},"end":{"line":222,"column":null}},"103":{"start":{"line":228,"column":19},"end":{"line":228,"column":null}},"104":{"start":{"line":234,"column":19},"end":{"line":234,"column":null}},"105":{"start":{"line":304,"column":39},"end":{"line":357,"column":null}},"106":{"start":{"line":371,"column":53},"end":{"line":378,"column":null}},"107":{"start":{"line":396,"column":37},"end":{"line":396,"column":73}},"108":{"start":{"line":397,"column":47},"end":{"line":397,"column":86}},"109":{"start":{"line":399,"column":24},"end":{"line":411,"column":null}},"110":{"start":{"line":433,"column":0},"end":{"line":433,"column":null}}},"fnMap":{"0":{"name":"Dashboard","decl":{"start":{"line":34,"column":6},"end":{"line":34,"column":15}},"loc":{"start":{"line":34,"column":33},"end":{"line":431,"column":1}}},"1":{"name":"(anonymous_70)","decl":{"start":{"line":43,"column":12},"end":{"line":43,"column":17}},"loc":{"start":{"line":43,"column":17},"end":{"line":88,"column":3}}},"2":{"name":"(anonymous_71)","decl":{"start":{"line":44,"column":28},"end":{"line":44,"column":31}},"loc":{"start":{"line":44,"column":28},"end":{"line":44,"column":31}}},"3":{"name":"_callee","decl":{"start":{"line":44,"column":31},"end":{"line":44,"column":null}},"loc":{"start":{"line":44,"column":31},"end":{"line":83,"column":null}}},"4":{"name":"fetchDashboardData","decl":{"start":{"line":44,"column":10},"end":{"line":44,"column":28}},"loc":{"start":{"line":44,"column":28},"end":{"line":44,"column":31}}},"5":{"name":"(anonymous_75)","decl":{"start":{"line":90,"column":20},"end":{"line":90,"column":23}},"loc":{"start":{"line":90,"column":20},"end":{"line":90,"column":23}}},"6":{"name":"_callee2","decl":{"start":{"line":90,"column":23},"end":{"line":90,"column":null}},"loc":{"start":{"line":90,"column":23},"end":{"line":97,"column":null}}},"7":{"name":"handleLogout","decl":{"start":{"line":90,"column":8},"end":{"line":90,"column":20}},"loc":{"start":{"line":90,"column":20},"end":{"line":90,"column":23}}},"8":{"name":"getStatusBadgeVariant","decl":{"start":{"line":101,"column":8},"end":{"line":101,"column":29}},"loc":{"start":{"line":101,"column":53},"end":{"line":107,"column":3}}},"9":{"name":"getNotificationVariant","decl":{"start":{"line":109,"column":8},"end":{"line":109,"column":30}},"loc":{"start":{"line":109,"column":50},"end":{"line":120,"column":3}}},"10":{"name":"formatDate","decl":{"start":{"line":122,"column":8},"end":{"line":122,"column":18}},"loc":{"start":{"line":122,"column":52},"end":{"line":125,"column":3}}},"11":{"name":"formatDeadlineDate","decl":{"start":{"line":127,"column":8},"end":{"line":127,"column":26}},"loc":{"start":{"line":127,"column":82},"end":{"line":133,"column":3}}},"12":{"name":"getUpcomingDeadlines","decl":{"start":{"line":136,"column":8},"end":{"line":136,"column":28}},"loc":{"start":{"line":136,"column":36},"end":{"line":160,"column":3}}},"13":{"name":"(anonymous_84)","decl":{"start":{"line":139,"column":14},"end":{"line":139,"column":21}},"loc":{"start":{"line":139,"column":24},"end":{"line":142,"column":7}}},"14":{"name":"(anonymous_85)","decl":{"start":{"line":143,"column":12},"end":{"line":143,"column":13}},"loc":{"start":{"line":143,"column":17},"end":{"line":143,"column":86}}},"15":{"name":"(anonymous_86)","decl":{"start":{"line":149,"column":16},"end":{"line":149,"column":23}},"loc":{"start":{"line":149,"column":26},"end":{"line":152,"column":9}}},"16":{"name":"(anonymous_87)","decl":{"start":{"line":153,"column":14},"end":{"line":153,"column":15}},"loc":{"start":{"line":153,"column":19},"end":{"line":153,"column":88}}},"17":{"name":"onClick","decl":{"start":{"line":210,"column":12},"end":{"line":210,"column":19}},"loc":{"start":{"line":210,"column":19},"end":{"line":210,"column":null}}},"18":{"name":"onClick","decl":{"start":{"line":216,"column":12},"end":{"line":216,"column":19}},"loc":{"start":{"line":216,"column":19},"end":{"line":216,"column":null}}},"19":{"name":"onClick","decl":{"start":{"line":222,"column":12},"end":{"line":222,"column":19}},"loc":{"start":{"line":222,"column":19},"end":{"line":222,"column":null}}},"20":{"name":"onClick","decl":{"start":{"line":228,"column":12},"end":{"line":228,"column":19}},"loc":{"start":{"line":228,"column":19},"end":{"line":228,"column":null}}},"21":{"name":"onClick","decl":{"start":{"line":234,"column":12},"end":{"line":234,"column":19}},"loc":{"start":{"line":234,"column":19},"end":{"line":234,"column":null}}},"22":{"name":"(anonymous_93)","decl":{"start":{"line":304,"column":31},"end":{"line":304,"column":32}},"loc":{"start":{"line":304,"column":39},"end":{"line":357,"column":null}}},"23":{"name":"(anonymous_94)","decl":{"start":{"line":371,"column":41},"end":{"line":371,"column":53}},"loc":{"start":{"line":371,"column":53},"end":{"line":378,"column":null}}},"24":{"name":"(anonymous_95)","decl":{"start":{"line":395,"column":44},"end":{"line":395,"column":51}},"loc":{"start":{"line":395,"column":54},"end":{"line":413,"column":23}}}},"branchMap":{"0":{"loc":{"start":{"line":44,"column":31},"end":{"line":83,"column":null}},"type":"switch","locations":[{"start":{"line":44,"column":31},"end":{"line":50,"column":null}},{"start":{"line":50,"column":10},"end":{"line":78,"column":null}},{"start":{"line":78,"column":11},"end":{"line":81,"column":47}},{"start":{"line":81,"column":47},"end":{"line":83,"column":null}},{"start":{"line":83,"column":28},"end":{"line":83,"column":null}},{"start":{"line":83,"column":28},"end":{"line":83,"column":null}}]},"1":{"loc":{"start":{"line":52,"column":8},"end":{"line":56,"column":null}},"type":"if","locations":[{"start":{"line":52,"column":8},"end":{"line":56,"column":null}},{"start":{"line":54,"column":15},"end":{"line":56,"column":null}}]},"2":{"loc":{"start":{"line":90,"column":23},"end":{"line":97,"column":null}},"type":"switch","locations":[{"start":{"line":90,"column":23},"end":{"line":92,"column":null}},{"start":{"line":92,"column":85},"end":{"line":93,"column":null}},{"start":{"line":93,"column":20},"end":{"line":94,"column":null}},{"start":{"line":94,"column":25},"end":{"line":97,"column":51}},{"start":{"line":97,"column":51},"end":{"line":97,"column":null}},{"start":{"line":97,"column":51},"end":{"line":97,"column":null}}]},"3":{"loc":{"start":{"line":102,"column":4},"end":{"line":106,"column":null}},"type":"if","locations":[{"start":{"line":102,"column":4},"end":{"line":106,"column":null}},{"start":{"line":104,"column":11},"end":{"line":106,"column":null}}]},"4":{"loc":{"start":{"line":110,"column":4},"end":{"line":119,"column":null}},"type":"switch","locations":[{"start":{"line":111,"column":6},"end":{"line":112,"column":null}},{"start":{"line":113,"column":6},"end":{"line":114,"column":null}},{"start":{"line":115,"column":6},"end":{"line":116,"column":null}},{"start":{"line":117,"column":6},"end":{"line":118,"column":null}}]},"5":{"loc":{"start":{"line":147,"column":4},"end":{"line":157,"column":null}},"type":"if","locations":[{"start":{"line":147,"column":4},"end":{"line":157,"column":null}}]},"6":{"loc":{"start":{"line":162,"column":2},"end":{"line":173,"column":null}},"type":"if","locations":[{"start":{"line":162,"column":2},"end":{"line":173,"column":null}}]},"7":{"loc":{"start":{"line":175,"column":2},"end":{"line":183,"column":null}},"type":"if","locations":[{"start":{"line":175,"column":2},"end":{"line":183,"column":null}}]},"8":{"loc":{"start":{"line":196,"column":13},"end":{"line":200,"column":null}},"type":"cond-expr","locations":[{"start":{"line":197,"column":14},"end":{"line":197,"column":80}},{"start":{"line":199,"column":14},"end":{"line":200,"column":null}}]},"9":{"loc":{"start":{"line":196,"column":13},"end":{"line":196,"column":25}},"type":"binary-expr","locations":[{"start":{"line":196,"column":13},"end":{"line":196,"column":19}},{"start":{"line":196,"column":13},"end":{"line":196,"column":19}},{"start":{"line":196,"column":13},"end":{"line":196,"column":25}}]},"10":{"loc":{"start":{"line":197,"column":42},"end":{"line":197,"column":52}},"type":"cond-expr","locations":[{"start":{"line":197,"column":46},"end":{"line":197,"column":48}},{"start":{"line":197,"column":42},"end":{"line":197,"column":52}}]},"11":{"loc":{"start":{"line":197,"column":42},"end":{"line":197,"column":48}},"type":"binary-expr","locations":[{"start":{"line":197,"column":42},"end":{"line":197,"column":48}},{"start":{"line":197,"column":42},"end":{"line":197,"column":48}}]},"12":{"loc":{"start":{"line":200,"column":17},"end":{"line":200,"column":45}},"type":"binary-expr","locations":[{"start":{"line":200,"column":17},"end":{"line":200,"column":38}},{"start":{"line":200,"column":42},"end":{"line":200,"column":45}}]},"13":{"loc":{"start":{"line":200,"column":17},"end":{"line":200,"column":38}},"type":"cond-expr","locations":[{"start":{"line":200,"column":27},"end":{"line":200,"column":29}},{"start":{"line":200,"column":17},"end":{"line":200,"column":38}}]},"14":{"loc":{"start":{"line":200,"column":17},"end":{"line":200,"column":29}},"type":"binary-expr","locations":[{"start":{"line":200,"column":17},"end":{"line":200,"column":23}},{"start":{"line":200,"column":17},"end":{"line":200,"column":23}},{"start":{"line":200,"column":21},"end":{"line":200,"column":29}},{"start":{"line":200,"column":27},"end":{"line":200,"column":29}}]},"15":{"loc":{"start":{"line":204,"column":15},"end":{"line":204,"column":25}},"type":"cond-expr","locations":[{"start":{"line":204,"column":19},"end":{"line":204,"column":21}},{"start":{"line":204,"column":15},"end":{"line":204,"column":25}}]},"16":{"loc":{"start":{"line":204,"column":15},"end":{"line":204,"column":21}},"type":"binary-expr","locations":[{"start":{"line":204,"column":15},"end":{"line":204,"column":21}},{"start":{"line":204,"column":15},"end":{"line":204,"column":21}}]},"17":{"loc":{"start":{"line":205,"column":43},"end":{"line":205,"column":60}},"type":"cond-expr","locations":[{"start":{"line":205,"column":47},"end":{"line":205,"column":49}},{"start":{"line":205,"column":43},"end":{"line":205,"column":60}}]},"18":{"loc":{"start":{"line":205,"column":43},"end":{"line":205,"column":49}},"type":"binary-expr","locations":[{"start":{"line":205,"column":43},"end":{"line":205,"column":49}},{"start":{"line":205,"column":43},"end":{"line":205,"column":49}}]},"19":{"loc":{"start":{"line":209,"column":23},"end":{"line":209,"column":63}},"type":"cond-expr","locations":[{"start":{"line":209,"column":50},"end":{"line":209,"column":58}},{"start":{"line":209,"column":61},"end":{"line":209,"column":63}}]},"20":{"loc":{"start":{"line":215,"column":23},"end":{"line":215,"column":68}},"type":"cond-expr","locations":[{"start":{"line":215,"column":55},"end":{"line":215,"column":63}},{"start":{"line":215,"column":66},"end":{"line":215,"column":68}}]},"21":{"loc":{"start":{"line":221,"column":23},"end":{"line":221,"column":63}},"type":"cond-expr","locations":[{"start":{"line":221,"column":50},"end":{"line":221,"column":58}},{"start":{"line":221,"column":61},"end":{"line":221,"column":63}}]},"22":{"loc":{"start":{"line":227,"column":23},"end":{"line":227,"column":63}},"type":"cond-expr","locations":[{"start":{"line":227,"column":50},"end":{"line":227,"column":58}},{"start":{"line":227,"column":61},"end":{"line":227,"column":63}}]},"23":{"loc":{"start":{"line":233,"column":23},"end":{"line":233,"column":63}},"type":"cond-expr","locations":[{"start":{"line":233,"column":50},"end":{"line":233,"column":58}},{"start":{"line":233,"column":61},"end":{"line":233,"column":63}}]},"24":{"loc":{"start":{"line":258,"column":9},"end":{"line":418,"column":null}},"type":"binary-expr","locations":[{"start":{"line":258,"column":9},"end":{"line":258,"column":33}},{"start":{"line":259,"column":10},"end":{"line":418,"column":null}}]},"25":{"loc":{"start":{"line":267,"column":43},"end":{"line":267,"column":68}},"type":"cond-expr","locations":[{"start":{"line":267,"column":53},"end":{"line":267,"column":55}},{"start":{"line":267,"column":43},"end":{"line":267,"column":68}}]},"26":{"loc":{"start":{"line":267,"column":43},"end":{"line":267,"column":55}},"type":"binary-expr","locations":[{"start":{"line":267,"column":43},"end":{"line":267,"column":49}},{"start":{"line":267,"column":43},"end":{"line":267,"column":49}},{"start":{"line":267,"column":47},"end":{"line":267,"column":55}},{"start":{"line":267,"column":53},"end":{"line":267,"column":55}}]},"27":{"loc":{"start":{"line":288,"column":17},"end":{"line":358,"column":null}},"type":"cond-expr","locations":[{"start":{"line":289,"column":18},"end":{"line":301,"column":null}},{"start":{"line":304,"column":18},"end":{"line":358,"column":null}}]},"28":{"loc":{"start":{"line":311,"column":31},"end":{"line":312,"column":null}},"type":"binary-expr","locations":[{"start":{"line":311,"column":31},"end":{"line":311,"column":59}},{"start":{"line":312,"column":32},"end":{"line":312,"column":null}}]},"29":{"loc":{"start":{"line":317,"column":31},"end":{"line":319,"column":53}},"type":"cond-expr","locations":[{"start":{"line":317,"column":63},"end":{"line":318,"column":null}},{"start":{"line":319,"column":34},"end":{"line":319,"column":53}}]},"30":{"loc":{"start":{"line":324,"column":33},"end":{"line":324,"column":115}},"type":"cond-expr","locations":[{"start":{"line":324,"column":64},"end":{"line":324,"column":87}},{"start":{"line":324,"column":90},"end":{"line":324,"column":115}}]},"31":{"loc":{"start":{"line":330,"column":29},"end":{"line":335,"column":null}},"type":"binary-expr","locations":[{"start":{"line":330,"column":29},"end":{"line":330,"column":54}},{"start":{"line":331,"column":30},"end":{"line":335,"column":null}}]},"32":{"loc":{"start":{"line":333,"column":33},"end":{"line":335,"column":55}},"type":"cond-expr","locations":[{"start":{"line":333,"column":55},"end":{"line":334,"column":null}},{"start":{"line":335,"column":36},"end":{"line":335,"column":55}}]},"33":{"loc":{"start":{"line":390,"column":21},"end":{"line":413,"column":null}},"type":"cond-expr","locations":[{"start":{"line":391,"column":22},"end":{"line":392,"column":null}},{"start":{"line":395,"column":22},"end":{"line":413,"column":null}}]},"34":{"loc":{"start":{"line":401,"column":61},"end":{"line":401,"column":95}},"type":"cond-expr","locations":[{"start":{"line":401,"column":78},"end":{"line":401,"column":90}},{"start":{"line":401,"column":93},"end":{"line":401,"column":95}}]},"35":{"loc":{"start":{"line":408,"column":33},"end":{"line":408,"column":108}},"type":"cond-expr","locations":[{"start":{"line":408,"column":50},"end":{"line":408,"column":61}},{"start":{"line":408,"column":64},"end":{"line":408,"column":108}}]},"36":{"loc":{"start":{"line":408,"column":64},"end":{"line":408,"column":108}},"type":"binary-expr","locations":[{"start":{"line":408,"column":64},"end":{"line":408,"column":83}},{"start":{"line":408,"column":87},"end":{"line":408,"column":108}}]},"37":{"loc":{"start":{"line":422,"column":9},"end":{"line":425,"column":null}},"type":"binary-expr","locations":[{"start":{"line":422,"column":9},"end":{"line":422,"column":33}},{"start":{"line":423,"column":10},"end":{"line":425,"column":null}}]}},"s":{"0":1,"1":1,"2":1,"3":1,"4":1,"5":1,"6":1,"7":1,"8":7,"9":7,"10":7,"11":7,"12":7,"13":7,"14":7,"15":7,"16":7,"17":7,"18":7,"19":7,"20":7,"21":7,"22":7,"23":7,"24":7,"25":7,"26":7,"27":7,"28":7,"29":7,"30":7,"31":7,"32":7,"33":6,"34":3,"35":23,"36":3,"37":6,"38":3,"39":2,"40":2,"41":2,"42":0,"43":2,"44":6,"45":1,"46":1,"47":3,"48":3,"49":6,"50":3,"51":3,"52":8,"53":7,"54":8,"55":2,"56":1,"57":1,"58":1,"59":1,"60":2,"61":0,"62":0,"63":1,"64":7,"65":7,"66":3,"67":3,"68":0,"69":7,"70":9,"71":3,"72":3,"73":3,"74":0,"75":7,"76":6,"77":6,"78":7,"79":3,"80":3,"81":7,"82":3,"83":3,"84":3,"85":3,"86":0,"87":3,"88":3,"89":3,"90":3,"91":0,"92":3,"93":0,"94":7,"95":3,"96":4,"97":1,"98":3,"99":3,"100":0,"101":0,"102":0,"103":0,"104":0,"105":3,"106":9,"107":3,"108":3,"109":3,"110":1},"f":{"0":7,"1":3,"2":3,"3":12,"4":3,"5":7,"6":4,"7":1,"8":3,"9":9,"10":6,"11":3,"12":3,"13":3,"14":0,"15":3,"16":0,"17":0,"18":0,"19":0,"20":0,"21":0,"22":3,"23":9,"24":3},"b":{"0":[3,2,1,3,3,3],"1":[2,0],"2":[1,1,1,0,1,1],"3":[3,0],"4":[3,3,3,0],"5":[3],"6":[3],"7":[1],"8":[3,0],"9":[3,3,3],"10":[0,3],"11":[3,3],"12":[0,0],"13":[0,0],"14":[0,0,0,0],"15":[0,3],"16":[3,3],"17":[0,3],"18":[3,3],"19":[3,0],"20":[0,3],"21":[0,3],"22":[0,3],"23":[0,3],"24":[3,3],"25":[0,3],"26":[3,3,3,3],"27":[0,3],"28":[3,3],"29":[0,3],"30":[3,0],"31":[3,3],"32":[3,0],"33":[0,3],"34":[0,3],"35":[0,3],"36":[3,0],"37":[3,0]}}
,"/home/vmuser/Desktop/hithere/FrontEnd/research-nexus/src/context/AuthContext.tsx": {"path":"/home/vmuser/Desktop/hithere/FrontEnd/research-nexus/src/context/AuthContext.tsx","statementMap":{"0":{"start":{"line":2,"column":0},"end":{"line":2,"column":null}},"1":{"start":{"line":19,"column":20},"end":{"line":24,"column":2}},"2":{"start":{"line":26,"column":0},"end":{"line":26,"column":null}}},"fnMap":{"0":{"name":"login","decl":{"start":{"line":22,"column":2},"end":{"line":22,"column":7}},"loc":{"start":{"line":22,"column":14},"end":{"line":22,"column":17}}},"1":{"name":"logout","decl":{"start":{"line":23,"column":2},"end":{"line":23,"column":8}},"loc":{"start":{"line":23,"column":15},"end":{"line":23,"column":null}}}},"branchMap":{},"s":{"0":1,"1":1,"2":1},"f":{"0":0,"1":0},"b":{}}
}
