TN:
SF:research-nexus/src/components/CreateProject.tsx
FN:11,CreateProject
FN:50,handleChange
FN:59,(anonymous_75)
FN:65,(anonymous_76)
FN:65,_callee
FN:65,_callee$
FN:65,handleSubmit
FN:131,handleCancel
FN:228,(anonymous_81)
FNF:9
FNH:8
FNDA:36,CreateProject
FNDA:24,handleChange
FNDA:24,(anonymous_75)
FNDA:36,(anonymous_76)
FNDA:4,_callee
FNDA:10,_callee$
FNDA:4,handleSubmit
FNDA:0,handleCancel
FNDA:540,(anonymous_81)
DA:1,1
DA:2,1
DA:3,1
DA:4,1
DA:12,36
DA:13,36
DA:26,36
DA:28,36
DA:29,36
DA:30,36
DA:32,36
DA:50,36
DA:53,24
DA:54,24
DA:57,24
DA:59,24
DA:65,40
DA:66,4
DA:67,4
DA:69,6
DA:70,1
DA:71,3
DA:78,6
DA:80,0
DA:81,3
DA:86,4
DA:87,1
DA:88,1
DA:92,2
DA:93,2
DA:95,2
DA:104,4
DA:108,2
DA:114,2
DA:115,1
DA:117,1
DA:118,4
DA:120,0
DA:121,0
DA:123,0
DA:125,2
DA:127,6
DA:129,36
DA:131,36
DA:132,0
DA:133,0
DA:134,0
DA:138,36
DA:228,540
DA:395,1
LF:50
LH:43
BRDA:54,0,0,2
BRDA:54,0,1,22
BRDA:65,1,0,4
BRDA:65,1,1,3
BRDA:65,1,2,3
BRDA:65,1,3,2
BRDA:65,1,4,2
BRDA:65,1,5,0
BRDA:65,1,6,2
BRDA:65,1,7,2
BRDA:65,1,8,4
BRDA:67,2,0,3
BRDA:71,3,0,3
BRDA:77,4,0,3
BRDA:77,4,1,0
BRDA:77,4,2,0
BRDA:77,4,3,3
BRDA:77,4,4,0
BRDA:81,5,0,2
BRDA:103,6,0,0
BRDA:103,6,1,2
BRDA:104,7,0,0
BRDA:104,7,1,2
BRDA:114,8,0,1
BRDA:114,8,1,1
BRDA:117,9,0,1
BRDA:117,9,1,0
BRDA:120,10,0,0
BRDA:120,10,1,0
BRDA:121,11,0,0
BRDA:121,11,1,0
BRDA:121,12,0,0
BRDA:121,12,1,0
BRDA:121,13,0,0
BRDA:121,13,1,0
BRDA:121,13,2,0
BRDA:121,13,3,0
BRDA:133,14,0,0
BRDA:147,15,0,36
BRDA:147,15,1,2
BRDA:170,16,0,36
BRDA:170,16,1,2
BRDA:189,17,0,36
BRDA:189,17,1,2
BRDA:209,18,0,36
BRDA:209,18,1,2
BRDA:225,19,0,36
BRDA:225,19,1,2
BRDA:248,20,0,36
BRDA:248,20,1,2
BRDA:265,21,0,36
BRDA:265,21,1,2
BRDA:285,22,0,36
BRDA:285,22,1,2
BRDA:295,23,0,2
BRDA:295,23,1,0
BRDA:295,23,2,0
BRDA:317,24,0,36
BRDA:317,24,1,1
BRDA:329,25,0,1
BRDA:329,25,1,0
BRDA:329,25,2,0
BRDA:359,26,0,36
BRDA:359,26,1,2
BRDA:368,27,0,2
BRDA:368,27,1,34
BRF:66
BRH:44
end_of_record
TN:
SF:research-nexus/src/components/EditProject.tsx
FN:21,EditProject
FN:62,(anonymous_74)
FN:63,(anonymous_75)
FN:63,_callee
FN:63,fetchProjectData
FN:103,formatDateForInput
FN:108,handleChange
FN:118,(anonymous_81)
FN:118,_callee2
FN:118,_callee2$
FN:118,handleSubmit
FN:234,(anonymous_85)
FN:365,onClick
FNF:13
FNH:12
FNDA:13,EditProject
FNDA:4,(anonymous_74)
FNDA:4,(anonymous_75)
FNDA:16,_callee
FNDA:4,fetchProjectData
FNDA:8,formatDateForInput
FNDA:1,handleChange
FNDA:13,(anonymous_81)
FNDA:2,_callee2
FNDA:6,_callee2$
FNDA:2,handleSubmit
FNDA:135,(anonymous_85)
FNDA:0,onClick
DA:1,1
DA:2,1
DA:3,1
DA:4,1
DA:22,13
DA:23,13
DA:24,13
DA:37,13
DA:39,13
DA:40,13
DA:41,13
DA:42,13
DA:44,13
DA:62,13
DA:63,32
DA:64,8
DA:66,4
DA:70,4
DA:71,4
DA:74,4
DA:89,0
DA:90,8
DA:92,0
DA:93,4
DA:95,8
DA:97,4
DA:99,4
DA:103,13
DA:104,8
DA:105,8
DA:108,13
DA:109,1
DA:110,1
DA:112,1
DA:118,18
DA:119,2
DA:120,2
DA:122,4
DA:123,0
DA:124,0
DA:128,2
DA:129,4
DA:132,2
DA:136,2
DA:137,1
DA:139,1
DA:140,4
DA:142,0
DA:143,2
DA:145,4
DA:147,13
DA:149,13
DA:150,4
DA:162,9
DA:234,135
DA:365,0
DA:379,1
LF:57
LH:51
BRDA:63,0,0,4
BRDA:63,0,1,4
BRDA:63,0,2,0
BRDA:63,0,3,4
BRDA:63,0,4,4
BRDA:63,0,5,4
BRDA:70,1,0,4
BRDA:70,1,1,0
BRDA:82,2,0,4
BRDA:82,2,1,0
BRDA:84,3,0,4
BRDA:84,3,1,0
BRDA:85,4,0,4
BRDA:85,4,1,0
BRDA:89,5,0,0
BRDA:89,5,1,0
BRDA:114,6,0,0
BRDA:114,6,1,1
BRDA:118,7,0,2
BRDA:118,7,1,2
BRDA:118,7,2,2
BRDA:118,7,3,0
BRDA:118,7,4,2
BRDA:118,7,5,2
BRDA:118,7,6,2
BRDA:120,8,0,2
BRDA:136,9,0,1
BRDA:136,9,1,1
BRDA:139,10,0,1
BRDA:139,10,1,0
BRDA:149,11,0,4
BRDA:171,12,0,9
BRDA:171,12,1,1
BRDA:289,13,0,9
BRDA:289,13,1,9
BRDA:314,14,0,9
BRDA:314,14,1,9
BRDA:360,15,0,2
BRDA:360,15,1,7
BRF:39
BRH:29
end_of_record
TN:
SF:research-nexus/src/components/dashboard/Dashboard.tsx
FN:34,Dashboard
FN:43,(anonymous_70)
FN:44,(anonymous_71)
FN:44,_callee
FN:44,fetchDashboardData
FN:90,(anonymous_75)
FN:90,_callee2
FN:90,handleLogout
FN:101,getStatusBadgeVariant
FN:109,getNotificationVariant
FN:122,formatDate
FN:127,formatDeadlineDate
FN:136,getUpcomingDeadlines
FN:139,(anonymous_84)
FN:143,(anonymous_85)
FN:149,(anonymous_86)
FN:153,(anonymous_87)
FN:210,onClick
FN:216,onClick
FN:222,onClick
FN:228,onClick
FN:234,onClick
FN:304,(anonymous_93)
FN:371,(anonymous_94)
FN:395,(anonymous_95)
FNF:25
FNH:18
FNDA:7,Dashboard
FNDA:3,(anonymous_70)
FNDA:3,(anonymous_71)
FNDA:12,_callee
FNDA:3,fetchDashboardData
FNDA:7,(anonymous_75)
FNDA:4,_callee2
FNDA:1,handleLogout
FNDA:3,getStatusBadgeVariant
FNDA:9,getNotificationVariant
FNDA:6,formatDate
FNDA:3,formatDeadlineDate
FNDA:3,getUpcomingDeadlines
FNDA:3,(anonymous_84)
FNDA:0,(anonymous_85)
FNDA:3,(anonymous_86)
FNDA:0,(anonymous_87)
FNDA:0,onClick
FNDA:0,onClick
FNDA:0,onClick
FNDA:0,onClick
FNDA:0,onClick
FNDA:3,(anonymous_93)
FNDA:9,(anonymous_94)
FNDA:3,(anonymous_95)
DA:1,1
DA:2,1
DA:3,1
DA:4,1
DA:5,1
DA:6,1
DA:7,1
DA:34,1
DA:35,7
DA:36,7
DA:37,7
DA:38,7
DA:39,7
DA:40,7
DA:41,7
DA:43,7
DA:44,23
DA:45,6
DA:48,2
DA:52,2
DA:53,2
DA:55,0
DA:59,2
DA:78,6
DA:80,1
DA:81,3
DA:83,6
DA:85,3
DA:87,3
DA:90,8
DA:92,1
DA:94,2
DA:96,0
DA:97,1
DA:99,7
DA:101,7
DA:102,3
DA:103,3
DA:105,0
DA:109,7
DA:110,9
DA:112,3
DA:114,3
DA:116,3
DA:118,0
DA:122,7
DA:123,6
DA:124,6
DA:127,7
DA:128,3
DA:129,3
DA:136,7
DA:137,3
DA:138,3
DA:140,3
DA:141,3
DA:143,0
DA:147,3
DA:148,3
DA:150,3
DA:151,3
DA:153,0
DA:156,3
DA:159,0
DA:162,7
DA:163,3
DA:175,4
DA:176,1
DA:185,3
DA:187,3
DA:210,0
DA:216,0
DA:222,0
DA:228,0
DA:234,0
DA:304,3
DA:371,9
DA:396,3
DA:397,3
DA:399,3
DA:433,1
LF:81
LH:69
BRDA:44,0,0,3
BRDA:44,0,1,2
BRDA:44,0,2,1
BRDA:44,0,3,3
BRDA:44,0,4,3
BRDA:44,0,5,3
BRDA:52,1,0,2
BRDA:52,1,1,0
BRDA:90,2,0,1
BRDA:90,2,1,1
BRDA:90,2,2,1
BRDA:90,2,3,0
BRDA:90,2,4,1
BRDA:90,2,5,1
BRDA:102,3,0,3
BRDA:102,3,1,0
BRDA:110,4,0,3
BRDA:110,4,1,3
BRDA:110,4,2,3
BRDA:110,4,3,0
BRDA:147,5,0,3
BRDA:162,6,0,3
BRDA:175,7,0,1
BRDA:196,8,0,3
BRDA:196,8,1,0
BRDA:196,9,0,3
BRDA:196,9,1,3
BRDA:196,9,2,3
BRDA:197,10,0,0
BRDA:197,10,1,3
BRDA:197,11,0,3
BRDA:197,11,1,3
BRDA:200,12,0,0
BRDA:200,12,1,0
BRDA:200,13,0,0
BRDA:200,13,1,0
BRDA:200,14,0,0
BRDA:200,14,1,0
BRDA:200,14,2,0
BRDA:200,14,3,0
BRDA:204,15,0,0
BRDA:204,15,1,3
BRDA:204,16,0,3
BRDA:204,16,1,3
BRDA:205,17,0,0
BRDA:205,17,1,3
BRDA:205,18,0,3
BRDA:205,18,1,3
BRDA:209,19,0,3
BRDA:209,19,1,0
BRDA:215,20,0,0
BRDA:215,20,1,3
BRDA:221,21,0,0
BRDA:221,21,1,3
BRDA:227,22,0,0
BRDA:227,22,1,3
BRDA:233,23,0,0
BRDA:233,23,1,3
BRDA:258,24,0,3
BRDA:258,24,1,3
BRDA:267,25,0,0
BRDA:267,25,1,3
BRDA:267,26,0,3
BRDA:267,26,1,3
BRDA:267,26,2,3
BRDA:267,26,3,3
BRDA:288,27,0,0
BRDA:288,27,1,3
BRDA:311,28,0,3
BRDA:311,28,1,3
BRDA:317,29,0,0
BRDA:317,29,1,3
BRDA:324,30,0,3
BRDA:324,30,1,0
BRDA:330,31,0,3
BRDA:330,31,1,3
BRDA:333,32,0,3
BRDA:333,32,1,0
BRDA:390,33,0,0
BRDA:390,33,1,3
BRDA:401,34,0,0
BRDA:401,34,1,3
BRDA:408,35,0,0
BRDA:408,35,1,3
BRDA:408,36,0,3
BRDA:408,36,1,0
BRDA:422,37,0,3
BRDA:422,37,1,0
BRF:88
BRH:57
end_of_record
TN:
SF:research-nexus/src/context/AuthContext.tsx
FN:22,login
FN:23,logout
FNF:2
FNH:0
FNDA:0,login
FNDA:0,logout
DA:2,1
DA:19,1
DA:26,1
LF:3
LH:3
BRF:0
BRH:0
end_of_record
